<?xml version="1.0" encoding="UTF-8"?>
<testsuites name="Regression Test" time="767.41" tests="30" failures="0" errors="26">
   <testsuite name="Regression Test" tests="30" failures="0" errors="26" time="767.41" skipped="0" timestamp="24-05-2025T13:13:02" hostname="phuc.truong - 192.168.2.42" id="Test Suites/Regression Test">
      <properties>
[...]
</properties>
      <testcase name="Test Cases/AI-Generated/TC1-Create Multiple Public Profiles and Verify Home Page Access" time="56.046" classname="Test Cases/AI-Generated/TC1-Create Multiple Public Profiles and Verify Home Page Access" status="PASSED">
         <system-out><![CDATA[24-05-2025T13:13:02 - [TEST_CASE][PASSED] - Test Cases/AI-Generated/TC1-Create Multiple Public Profiles and Verify Home Page Access: Test Cases/AI-Generated/TC1-Create Multiple Public Profiles and Verify Home Page Access

24-05-2025T13:13:02 - [TEST_STEP][PASSED] - Start setup action : setup: Method 'setup' complete successfully

24-05-2025T13:13:02 - [TEST_STEP][PASSED] - openBrowser(""): Browser is opened with url: ''

24-05-2025T13:13:02 - [MESSAGE][INFO] - User set preference: ['browserVersion', '136']

24-05-2025T13:13:02 - [MESSAGE][INFO] - User set preference: ['browserName', 'chrome']

24-05-2025T13:13:02 - [MESSAGE][INFO] - User set preference: ['platformName', 'windows']

24-05-2025T13:13:02 - [MESSAGE][INFO] - User set preference: ['katalon:options', '{metadata={organizationId=1959366, accountId=1470828, channel=kse;v=10.2.0, projectId=2117515}, executionMode=queue, usingTunnel=false}']

24-05-2025T13:13:02 - [MESSAGE][INFO] - Connecting to remote web server 'testcloud.katalon.com/hub' with type 'Selenium'

24-05-2025T13:13:02 - [MESSAGE][INFO] - Action delay is set to 0 milliseconds

24-05-2025T13:13:19 - [MESSAGE][WARNING] - Your browser version or type does not support the BiDirectional WebDriver Protocol which is required for Smart Locator functionality. Please update your browser or switch to a compatible one.

24-05-2025T13:13:19 - [MESSAGE][WARNING] - Your browser version or type does not support the BiDirectional WebDriver Protocol which is required for Smart Locator functionality. Please update your browser or switch to a compatible one.

24-05-2025T13:13:19 - [MESSAGE][WARNING] - Your browser version or type does not support the BiDirectional WebDriver Protocol which is required for Smart Locator functionality. Please update your browser or switch to a compatible one.

24-05-2025T13:13:20 - [MESSAGE][PASSED] - Browser is opened with url: ''

24-05-2025T13:13:20 - [TEST_STEP][WARNING] - setViewPortSize(1920, 1080): Viewport size mismatch (1916x1916).

24-05-2025T13:13:23 - [MESSAGE][INFO] - Viewport size mismatch (1,916x945). Trying to set it again.

24-05-2025T13:13:27 - [MESSAGE][WARNING] - Viewport size mismatch (1916x1916).

24-05-2025T13:13:27 - [MESSAGE][PASSED] - Method 'setup' complete successfully

24-05-2025T13:13:27 - [TEST_STEP][PASSED] - reportLocation = getReportFolder(): null

24-05-2025T13:13:27 - [TEST_STEP][PASSED] - "Initialize test session: Open browser and set view port": null

24-05-2025T13:13:27 - [TEST_STEP][PASSED] - TrueTestScripts.navigate("/"): Delayed 3 second(s)

24-05-2025T13:13:28 - [MESSAGE][PASSED] - Navigate to 'https://trustify.works/' successfully

24-05-2025T13:13:31 - [MESSAGE][PASSED] - Delayed 3 second(s)

24-05-2025T13:13:31 - [TEST_STEP][PASSED] - createMultiplePublicProfiles.execute(): Object: 'Object Repository/AI-Generated/Page_home/button_createPublicProfile2' is clicked on

24-05-2025T13:13:32 - [MESSAGE][PASSED] - Object: 'Object Repository/AI-Generated/Page_home/button_createPublicProfile2' is clicked on

24-05-2025T13:13:33 - [MESSAGE][PASSED] - Object: 'Object Repository/AI-Generated/Page_home/button_createPublicProfile2' is clicked on

24-05-2025T13:13:33 - [MESSAGE][PASSED] - Object: 'Object Repository/AI-Generated/Page_home/button_createPublicProfile2' is clicked on

24-05-2025T13:13:34 - [MESSAGE][PASSED] - Object: 'Object Repository/AI-Generated/Page_home/button_createPublicProfile2' is clicked on

24-05-2025T13:13:34 - [MESSAGE][PASSED] - Object: 'Object Repository/AI-Generated/Page_home/button_createPublicProfile2' is clicked on

24-05-2025T13:13:35 - [MESSAGE][PASSED] - Object: 'Object Repository/AI-Generated/Page_home/button_createPublicProfile2' is clicked on

24-05-2025T13:13:36 - [MESSAGE][PASSED] - Object: 'Object Repository/AI-Generated/Page_home/button_createPublicProfile2' is clicked on

24-05-2025T13:13:36 - [MESSAGE][PASSED] - Object: 'Object Repository/AI-Generated/Page_home/button_createPublicProfile2' is clicked on

24-05-2025T13:13:37 - [MESSAGE][PASSED] - Object: 'Object Repository/AI-Generated/Page_home/button_createPublicProfile2' is clicked on

24-05-2025T13:13:38 - [MESSAGE][PASSED] - Object: 'Object Repository/AI-Generated/Page_home/button_createPublicProfile2' is clicked on

24-05-2025T13:13:38 - [MESSAGE][PASSED] - Object: 'Object Repository/AI-Generated/Page_home/button_createPublicProfile2' is clicked on

24-05-2025T13:13:39 - [MESSAGE][PASSED] - Object: 'Object Repository/AI-Generated/Page_home/button_createPublicProfile2' is clicked on

24-05-2025T13:13:39 - [MESSAGE][PASSED] - Object: 'Object Repository/AI-Generated/Page_home/button_createPublicProfile2' is clicked on

24-05-2025T13:13:40 - [MESSAGE][PASSED] - Object: 'Object Repository/AI-Generated/Page_home/button_createPublicProfile2' is clicked on

24-05-2025T13:13:41 - [MESSAGE][PASSED] - Object: 'Object Repository/AI-Generated/Page_home/button_createPublicProfile2' is clicked on

24-05-2025T13:13:41 - [MESSAGE][PASSED] - Object: 'Object Repository/AI-Generated/Page_home/button_createPublicProfile2' is clicked on

24-05-2025T13:13:42 - [MESSAGE][PASSED] - Object: 'Object Repository/AI-Generated/Page_home/button_createPublicProfile2' is clicked on

24-05-2025T13:13:43 - [MESSAGE][PASSED] - Object: 'Object Repository/AI-Generated/Page_home/button_createPublicProfile2' is clicked on

24-05-2025T13:13:43 - [TEST_STEP][PASSED] - enhancedClick(findTestObject("AI-Generated/Page_home/link_login")): Object: 'Object Repository/AI-Generated/Page_home/link_login' is clicked on

24-05-2025T13:13:43 - [MESSAGE][PASSED] - Object: 'Object Repository/AI-Generated/Page_home/link_login' is clicked on

24-05-2025T13:13:43 - [TEST_STEP][PASSED] - takeScreenshot(reportLocation + "/TC1/Step 3-Click on link login - Navigate to page signin.png"): Taking screenshot successfully

24-05-2025T13:13:46 - [MESSAGE][PASSED] - Taking screenshot successfully
[[ATTACHMENT|TC1/Step 3-Click on link login - Navigate to page signin.png]]

24-05-2025T13:13:46 - [TEST_STEP][PASSED] - enhancedClick(findTestObject("AI-Generated/Page_signin/button_signInWithGoogle")): Object: 'Object Repository/AI-Generated/Page_signin/button_signInWithGoogle' is clicked on

24-05-2025T13:13:50 - [MESSAGE][PASSED] - Object: 'Object Repository/AI-Generated/Page_signin/button_signInWithGoogle' is clicked on

24-05-2025T13:13:50 - [TEST_STEP][PASSED] - takeScreenshot(reportLocation + "/TC1/Step 4-Click on button signInWithGoogle - Navigate to page .png"): Taking screenshot successfully

24-05-2025T13:13:52 - [MESSAGE][PASSED] - Taking screenshot successfully
[[ATTACHMENT|TC1/Step 4-Click on button signInWithGoogle - Navigate to page .png]]

24-05-2025T13:13:52 - [TEST_STEP][PASSED] - takeFullPageScreenshotAsCheckpoint("TC1-Create Multiple Public Profiles and Verify Home Page Access_visual_checkpoint"): Taking screenshot successfully

24-05-2025T13:13:57 - [MESSAGE][INFO] - 0 hidden object(s)

24-05-2025T13:13:57 - [MESSAGE][PASSED] - Taking screenshot successfully
[[ATTACHMENT|keyes/keyes-TC1-Create Multiple Public Profiles and Verify Home Page Access_visual_checkpoint.png]]

24-05-2025T13:13:57 - [TEST_STEP][PASSED] - Start tear down : teardown: Method 'teardown' complete successfully

24-05-2025T13:13:57 - [TEST_STEP][PASSED] - closeBrowser(): Browser is closed

24-05-2025T13:13:58 - [MESSAGE][PASSED] - Browser is closed

24-05-2025T13:13:58 - [MESSAGE][PASSED] - Method 'teardown' complete successfully]]></system-out>
         <system-err><![CDATA[]]></system-err>
      </testcase>
      <testcase name="Test Cases/AI-Generated/TC10-Create Public Profiles and Verify Sign In for Service Access" time="111.0" classname="Test Cases/AI-Generated/TC10-Create Public Profiles and Verify Sign In for Service Access" status="PASSED">
         <system-out><![CDATA[24-05-2025T13:13:58 - [TEST_CASE][PASSED] - Test Cases/AI-Generated/TC10-Create Public Profiles and Verify Sign In for Service Access: Test Cases/AI-Generated/TC10-Create Public Profiles and Verify Sign In for Service Access

24-05-2025T13:13:58 - [TEST_STEP][PASSED] - Start setup action : setup: Method 'setup' complete successfully

24-05-2025T13:13:58 - [TEST_STEP][PASSED] - openBrowser(""): Browser is opened with url: ''

24-05-2025T13:13:58 - [MESSAGE][INFO] - User set preference: ['browserVersion', '136']

24-05-2025T13:13:58 - [MESSAGE][INFO] - User set preference: ['browserName', 'chrome']

24-05-2025T13:13:58 - [MESSAGE][INFO] - User set preference: ['platformName', 'windows']

24-05-2025T13:13:58 - [MESSAGE][INFO] - User set preference: ['katalon:options', '{metadata={organizationId=1959366, accountId=1470828, channel=kse;v=10.2.0, projectId=2117515}, executionMode=queue, usingTunnel=false}']

24-05-2025T13:13:58 - [MESSAGE][INFO] - Connecting to remote web server 'testcloud.katalon.com/hub' with type 'Selenium'

24-05-2025T13:13:58 - [MESSAGE][INFO] - Action delay is set to 0 milliseconds

24-05-2025T13:14:18 - [MESSAGE][WARNING] - Your browser version or type does not support the BiDirectional WebDriver Protocol which is required for Smart Locator functionality. Please update your browser or switch to a compatible one.

24-05-2025T13:14:18 - [MESSAGE][WARNING] - Your browser version or type does not support the BiDirectional WebDriver Protocol which is required for Smart Locator functionality. Please update your browser or switch to a compatible one.

24-05-2025T13:14:18 - [MESSAGE][WARNING] - Your browser version or type does not support the BiDirectional WebDriver Protocol which is required for Smart Locator functionality. Please update your browser or switch to a compatible one.

24-05-2025T13:14:19 - [MESSAGE][PASSED] - Browser is opened with url: ''

24-05-2025T13:14:19 - [TEST_STEP][WARNING] - setViewPortSize(1920, 1080): Viewport size mismatch (1916x1916).

24-05-2025T13:14:22 - [MESSAGE][INFO] - Viewport size mismatch (1,916x945). Trying to set it again.

24-05-2025T13:14:29 - [MESSAGE][WARNING] - Viewport size mismatch (1916x1916).

24-05-2025T13:14:29 - [MESSAGE][PASSED] - Method 'setup' complete successfully

24-05-2025T13:14:29 - [TEST_STEP][PASSED] - reportLocation = getReportFolder(): null

24-05-2025T13:14:29 - [TEST_STEP][PASSED] - "Initialize test session: Open browser and set view port": null

24-05-2025T13:14:29 - [TEST_STEP][PASSED] - TrueTestScripts.navigate("/"): Delayed 3 second(s)

24-05-2025T13:14:31 - [MESSAGE][PASSED] - Navigate to 'https://trustify.works/' successfully

24-05-2025T13:14:34 - [MESSAGE][PASSED] - Delayed 3 second(s)

24-05-2025T13:14:34 - [TEST_STEP][PASSED] - createMultiplePublicProfiles.execute(): Object: 'Object Repository/AI-Generated/Page_home/button_createPublicProfile2' is clicked on

24-05-2025T13:14:35 - [MESSAGE][PASSED] - Object: 'Object Repository/AI-Generated/Page_home/button_createPublicProfile2' is clicked on

24-05-2025T13:14:36 - [MESSAGE][PASSED] - Object: 'Object Repository/AI-Generated/Page_home/button_createPublicProfile2' is clicked on

24-05-2025T13:14:37 - [MESSAGE][PASSED] - Object: 'Object Repository/AI-Generated/Page_home/button_createPublicProfile2' is clicked on

24-05-2025T13:14:38 - [MESSAGE][PASSED] - Object: 'Object Repository/AI-Generated/Page_home/button_createPublicProfile2' is clicked on

24-05-2025T13:14:39 - [MESSAGE][PASSED] - Object: 'Object Repository/AI-Generated/Page_home/button_createPublicProfile2' is clicked on

24-05-2025T13:14:39 - [MESSAGE][PASSED] - Object: 'Object Repository/AI-Generated/Page_home/button_createPublicProfile2' is clicked on

24-05-2025T13:14:40 - [MESSAGE][PASSED] - Object: 'Object Repository/AI-Generated/Page_home/button_createPublicProfile2' is clicked on

24-05-2025T13:14:41 - [MESSAGE][PASSED] - Object: 'Object Repository/AI-Generated/Page_home/button_createPublicProfile2' is clicked on

24-05-2025T13:14:42 - [MESSAGE][PASSED] - Object: 'Object Repository/AI-Generated/Page_home/button_createPublicProfile2' is clicked on

24-05-2025T13:14:43 - [MESSAGE][PASSED] - Object: 'Object Repository/AI-Generated/Page_home/button_createPublicProfile2' is clicked on

24-05-2025T13:14:44 - [MESSAGE][PASSED] - Object: 'Object Repository/AI-Generated/Page_home/button_createPublicProfile2' is clicked on

24-05-2025T13:14:44 - [MESSAGE][PASSED] - Object: 'Object Repository/AI-Generated/Page_home/button_createPublicProfile2' is clicked on

24-05-2025T13:14:45 - [MESSAGE][PASSED] - Object: 'Object Repository/AI-Generated/Page_home/button_createPublicProfile2' is clicked on

24-05-2025T13:14:46 - [MESSAGE][PASSED] - Object: 'Object Repository/AI-Generated/Page_home/button_createPublicProfile2' is clicked on

24-05-2025T13:14:47 - [MESSAGE][PASSED] - Object: 'Object Repository/AI-Generated/Page_home/button_createPublicProfile2' is clicked on

24-05-2025T13:14:48 - [MESSAGE][PASSED] - Object: 'Object Repository/AI-Generated/Page_home/button_createPublicProfile2' is clicked on

24-05-2025T13:14:48 - [MESSAGE][PASSED] - Object: 'Object Repository/AI-Generated/Page_home/button_createPublicProfile2' is clicked on

24-05-2025T13:14:49 - [MESSAGE][PASSED] - Object: 'Object Repository/AI-Generated/Page_home/button_createPublicProfile2' is clicked on

24-05-2025T13:14:49 - [TEST_STEP][PASSED] - navigateThroughPublicServiceSteps.execute(): Object: 'Object Repository/AI-Generated/Page_home/span_whatIsPublicService' is clicked on

24-05-2025T13:14:51 - [MESSAGE][PASSED] - Object: 'Object Repository/AI-Generated/Page_home/button_next' is clicked on

24-05-2025T13:14:52 - [MESSAGE][PASSED] - Object: 'Object Repository/AI-Generated/Page_home/button_next' is clicked on

24-05-2025T13:14:53 - [MESSAGE][PASSED] - Object: 'Object Repository/AI-Generated/Page_home/button_next' is clicked on

24-05-2025T13:14:54 - [MESSAGE][PASSED] - Object: 'Object Repository/AI-Generated/Page_home/header_agreementBuySell' is clicked on

24-05-2025T13:14:55 - [MESSAGE][PASSED] - Object: 'Object Repository/AI-Generated/Page_home/span_whatIsPublicService' is clicked on

24-05-2025T13:14:55 - [TEST_STEP][PASSED] - viewPublicServiceInfoAndPolicies.execute(): Object: 'Object Repository/AI-Generated/Page_privacy_policy/span_privacyPolicy' is clicked on

24-05-2025T13:14:56 - [MESSAGE][PASSED] - Object: 'Object Repository/AI-Generated/Page_home/span_publicNotice' is clicked on

24-05-2025T13:14:56 - [MESSAGE][PASSED] - Object: 'Object Repository/AI-Generated/Page_home/span_canPublicServiceSignMultiplePeople' is clicked on

24-05-2025T13:14:57 - [MESSAGE][PASSED] - Object: 'Object Repository/AI-Generated/Page_home/span_price' is clicked on

24-05-2025T13:14:58 - [MESSAGE][PASSED] - Object: 'Object Repository/AI-Generated/Page_pricing/span_securityPolicy' is clicked on

24-05-2025T13:14:59 - [MESSAGE][PASSED] - Object: 'Object Repository/AI-Generated/Page_privacy_policy/span_privacyPolicy' is clicked on

24-05-2025T13:15:00 - [MESSAGE][PASSED] - Object: 'Object Repository/AI-Generated/Page_privacy_policy/span_privacyPolicy' is clicked on

24-05-2025T13:15:00 - [TEST_STEP][PASSED] - viewTermsAndRequestDemo.execute(): Object: 'Object Repository/AI-Generated/Page_for_notary_offices/span_explanation' is clicked on

24-05-2025T13:15:01 - [MESSAGE][PASSED] - Object: 'Object Repository/AI-Generated/Page_privacy_policy/span_termsOfUse' is clicked on

24-05-2025T13:15:02 - [MESSAGE][PASSED] - Object: 'Object Repository/AI-Generated/Page_terms_of_service/span_forVpcc' is clicked on

24-05-2025T13:15:03 - [MESSAGE][PASSED] - Object: 'Object Repository/AI-Generated/Page_for_notary_offices/button_requestDemo' is clicked on

24-05-2025T13:15:04 - [MESSAGE][PASSED] - Object: 'Object Repository/AI-Generated/Page_for_notary_offices/button_downloadFile' is clicked on

24-05-2025T13:15:04 - [MESSAGE][PASSED] - Object: 'Object Repository/AI-Generated/Page_for_notary_offices/button_downloadFile' is clicked on

24-05-2025T13:15:05 - [MESSAGE][PASSED] - Object: 'Object Repository/AI-Generated/Page_for_notary_offices/button_requestDemo' is clicked on

24-05-2025T13:15:06 - [MESSAGE][PASSED] - Object: 'Object Repository/AI-Generated/Page_for_notary_offices/span_explanation' is clicked on

24-05-2025T13:15:06 - [TEST_STEP][PASSED] - enhancedClick(findTestObject("AI-Generated/Page_dispute_resolution/button_linkedIn")): Object: 'Object Repository/AI-Generated/Page_dispute_resolution/button_linkedIn' is clicked on

24-05-2025T13:15:07 - [MESSAGE][PASSED] - Object: 'Object Repository/AI-Generated/Page_dispute_resolution/button_linkedIn' is clicked on

24-05-2025T13:15:07 - [TEST_STEP][PASSED] - takeScreenshot(reportLocation + "/TC10/Step 6-Click on button linkedIn - Navigate to page signin.png"): Taking screenshot successfully

24-05-2025T13:15:13 - [MESSAGE][PASSED] - Taking screenshot successfully
[[ATTACHMENT|TC10/Step 6-Click on button linkedIn - Navigate to page signin.png]]

24-05-2025T13:15:13 - [TEST_STEP][PASSED] - takeFullPageScreenshotAsCheckpoint("TC10-Create Public Profiles and Verify Sign In for Service Access_visual_checkpoint"): Taking screenshot successfully

24-05-2025T13:15:48 - [MESSAGE][INFO] - 0 hidden object(s)

24-05-2025T13:15:48 - [MESSAGE][PASSED] - Taking screenshot successfully
[[ATTACHMENT|keyes/keyes-TC10-Create Public Profiles and Verify Sign In for Service Access_visual_checkpoint.png]]

24-05-2025T13:15:48 - [TEST_STEP][PASSED] - Start tear down : teardown: Method 'teardown' complete successfully

24-05-2025T13:15:48 - [TEST_STEP][PASSED] - closeBrowser(): Browser is closed

24-05-2025T13:15:49 - [MESSAGE][PASSED] - Browser is closed

24-05-2025T13:15:49 - [MESSAGE][PASSED] - Method 'teardown' complete successfully]]></system-out>
         <system-err><![CDATA[]]></system-err>
      </testcase>
      <testcase name="Test Cases/AI-Generated/TC11-Navigate to Lookup Page and Verify Access" time="62.203" classname="Test Cases/AI-Generated/TC11-Navigate to Lookup Page and Verify Access" status="PASSED">
         <system-out><![CDATA[24-05-2025T13:15:49 - [TEST_CASE][PASSED] - Test Cases/AI-Generated/TC11-Navigate to Lookup Page and Verify Access: Test Cases/AI-Generated/TC11-Navigate to Lookup Page and Verify Access

24-05-2025T13:15:49 - [TEST_STEP][PASSED] - Start setup action : setup: Method 'setup' complete successfully

24-05-2025T13:15:49 - [TEST_STEP][PASSED] - openBrowser(""): Browser is opened with url: ''

24-05-2025T13:15:49 - [MESSAGE][INFO] - User set preference: ['browserVersion', '136']

24-05-2025T13:15:49 - [MESSAGE][INFO] - User set preference: ['browserName', 'chrome']

24-05-2025T13:15:49 - [MESSAGE][INFO] - User set preference: ['platformName', 'windows']

24-05-2025T13:15:49 - [MESSAGE][INFO] - User set preference: ['katalon:options', '{metadata={organizationId=1959366, accountId=1470828, channel=kse;v=10.2.0, projectId=2117515}, executionMode=queue, usingTunnel=false}']

24-05-2025T13:15:49 - [MESSAGE][INFO] - Connecting to remote web server 'testcloud.katalon.com/hub' with type 'Selenium'

24-05-2025T13:15:49 - [MESSAGE][INFO] - Action delay is set to 0 milliseconds

24-05-2025T13:16:06 - [MESSAGE][WARNING] - Your browser version or type does not support the BiDirectional WebDriver Protocol which is required for Smart Locator functionality. Please update your browser or switch to a compatible one.

24-05-2025T13:16:06 - [MESSAGE][WARNING] - Your browser version or type does not support the BiDirectional WebDriver Protocol which is required for Smart Locator functionality. Please update your browser or switch to a compatible one.

24-05-2025T13:16:06 - [MESSAGE][WARNING] - Your browser version or type does not support the BiDirectional WebDriver Protocol which is required for Smart Locator functionality. Please update your browser or switch to a compatible one.

24-05-2025T13:16:06 - [MESSAGE][PASSED] - Browser is opened with url: ''

24-05-2025T13:16:06 - [TEST_STEP][WARNING] - setViewPortSize(1920, 1080): Viewport size mismatch (1916x1916).

24-05-2025T13:16:09 - [MESSAGE][INFO] - Viewport size mismatch (1,916x945). Trying to set it again.

24-05-2025T13:16:14 - [MESSAGE][WARNING] - Viewport size mismatch (1916x1916).

24-05-2025T13:16:14 - [MESSAGE][PASSED] - Method 'setup' complete successfully

24-05-2025T13:16:14 - [TEST_STEP][PASSED] - reportLocation = getReportFolder(): null

24-05-2025T13:16:14 - [TEST_STEP][PASSED] - "Initialize test session: Open browser and set view port": null

24-05-2025T13:16:14 - [TEST_STEP][PASSED] - TrueTestScripts.navigate("/"): Delayed 3 second(s)

24-05-2025T13:16:14 - [MESSAGE][PASSED] - Navigate to 'https://trustify.works/' successfully

24-05-2025T13:16:17 - [MESSAGE][PASSED] - Delayed 3 second(s)

24-05-2025T13:16:17 - [TEST_STEP][PASSED] - navigateThroughSteps.execute(): Object: 'Object Repository/AI-Generated/Page_home/button_expandMore' is clicked on

24-05-2025T13:16:19 - [MESSAGE][PASSED] - Object: 'Object Repository/AI-Generated/Page_home/button_next2' is clicked on

24-05-2025T13:16:19 - [MESSAGE][PASSED] - Object: 'Object Repository/AI-Generated/Page_home/button_next2' is clicked on

24-05-2025T13:16:20 - [MESSAGE][PASSED] - Object: 'Object Repository/AI-Generated/Page_home/button_next2' is clicked on

24-05-2025T13:16:21 - [MESSAGE][PASSED] - Object: 'Object Repository/AI-Generated/Page_home/button_next2' is clicked on

24-05-2025T13:16:21 - [MESSAGE][PASSED] - Object: 'Object Repository/AI-Generated/Page_home/button_expandMore' is clicked on

24-05-2025T13:16:21 - [TEST_STEP][PASSED] - enhancedClick(findTestObject("AI-Generated/Page_home/span_publicNotice")): Object: 'Object Repository/AI-Generated/Page_home/span_publicNotice' is clicked on

24-05-2025T13:16:22 - [MESSAGE][PASSED] - Object: 'Object Repository/AI-Generated/Page_home/span_publicNotice' is clicked on

24-05-2025T13:16:22 - [TEST_STEP][PASSED] - takeScreenshot(reportLocation + "/TC11/Step 3-Click on span publicNotice.png"): Taking screenshot successfully

24-05-2025T13:16:25 - [MESSAGE][PASSED] - Taking screenshot successfully
[[ATTACHMENT|TC11/Step 3-Click on span publicNotice.png]]

24-05-2025T13:16:25 - [TEST_STEP][PASSED] - enhancedClick(findTestObject("AI-Generated/Page_home/span_publicService")): Object: 'Object Repository/AI-Generated/Page_home/span_publicService' is clicked on

24-05-2025T13:16:26 - [MESSAGE][PASSED] - Object: 'Object Repository/AI-Generated/Page_home/span_publicService' is clicked on

24-05-2025T13:16:26 - [TEST_STEP][PASSED] - takeScreenshot(reportLocation + "/TC11/Step 4-Click on span publicService.png"): Taking screenshot successfully

24-05-2025T13:16:28 - [MESSAGE][PASSED] - Taking screenshot successfully
[[ATTACHMENT|TC11/Step 4-Click on span publicService.png]]

24-05-2025T13:16:28 - [TEST_STEP][PASSED] - enhancedClick(findTestObject("AI-Generated/Page_home/link_login")): Object: 'Object Repository/AI-Generated/Page_home/link_login' is clicked on

24-05-2025T13:16:29 - [MESSAGE][PASSED] - Object: 'Object Repository/AI-Generated/Page_home/link_login' is clicked on

24-05-2025T13:16:29 - [TEST_STEP][PASSED] - takeScreenshot(reportLocation + "/TC11/Step 5-Click on link login - Navigate to page signin.png"): Taking screenshot successfully

24-05-2025T13:16:31 - [MESSAGE][PASSED] - Taking screenshot successfully
[[ATTACHMENT|TC11/Step 5-Click on link login - Navigate to page signin.png]]

24-05-2025T13:16:31 - [TEST_STEP][PASSED] - enhancedClick(findTestObject("AI-Generated/Page_signin/link_trustifyLogo")): Object: 'Object Repository/AI-Generated/Page_signin/link_trustifyLogo' is clicked on

24-05-2025T13:16:32 - [MESSAGE][PASSED] - Object: 'Object Repository/AI-Generated/Page_signin/link_trustifyLogo' is clicked on

24-05-2025T13:16:32 - [TEST_STEP][PASSED] - takeScreenshot(reportLocation + "/TC11/Step 6-Click on link trustifyLogo - Navigate to page .png"): Taking screenshot successfully

24-05-2025T13:16:36 - [MESSAGE][PASSED] - Taking screenshot successfully
[[ATTACHMENT|TC11/Step 6-Click on link trustifyLogo - Navigate to page .png]]

24-05-2025T13:16:36 - [TEST_STEP][PASSED] - enhancedClick(findTestObject("AI-Generated/Page_home/link_traCuuHoSoCongChuc")): Object: 'Object Repository/AI-Generated/Page_home/link_traCuuHoSoCongChuc' is clicked on

24-05-2025T13:16:37 - [MESSAGE][PASSED] - Object: 'Object Repository/AI-Generated/Page_home/link_traCuuHoSoCongChuc' is clicked on

24-05-2025T13:16:37 - [TEST_STEP][PASSED] - takeScreenshot(reportLocation + "/TC11/Step 7-Click on link traCuuHoSoCongChuc - Navigate to page lookup.png"): Taking screenshot successfully

24-05-2025T13:16:38 - [MESSAGE][PASSED] - Taking screenshot successfully
[[ATTACHMENT|TC11/Step 7-Click on link traCuuHoSoCongChuc - Navigate to page lookup.png]]

24-05-2025T13:16:38 - [TEST_STEP][PASSED] - enhancedClick(findTestObject("AI-Generated/Page_lookup/link_lookupPublicRecord")): Object: 'Object Repository/AI-Generated/Page_lookup/link_lookupPublicRecord' is clicked on

24-05-2025T13:16:39 - [MESSAGE][PASSED] - Object: 'Object Repository/AI-Generated/Page_lookup/link_lookupPublicRecord' is clicked on

24-05-2025T13:16:39 - [TEST_STEP][PASSED] - takeScreenshot(reportLocation + "/TC11/Step 8-Click on link lookupPublicRecord.png"): Taking screenshot successfully

24-05-2025T13:16:41 - [MESSAGE][PASSED] - Taking screenshot successfully
[[ATTACHMENT|TC11/Step 8-Click on link lookupPublicRecord.png]]

24-05-2025T13:16:41 - [TEST_STEP][PASSED] - takeFullPageScreenshotAsCheckpoint("TC11-Navigate to Lookup Page and Verify Access_visual_checkpoint"): Taking screenshot successfully

24-05-2025T13:16:50 - [MESSAGE][INFO] - 0 hidden object(s)

24-05-2025T13:16:50 - [MESSAGE][PASSED] - Taking screenshot successfully
[[ATTACHMENT|keyes/keyes-TC11-Navigate to Lookup Page and Verify Access_visual_checkpoint.png]]

24-05-2025T13:16:50 - [TEST_STEP][PASSED] - Start tear down : teardown: Method 'teardown' complete successfully

24-05-2025T13:16:50 - [TEST_STEP][PASSED] - closeBrowser(): Browser is closed

24-05-2025T13:16:51 - [MESSAGE][PASSED] - Browser is closed

24-05-2025T13:16:51 - [MESSAGE][PASSED] - Method 'teardown' complete successfully]]></system-out>
         <system-err><![CDATA[]]></system-err>
      </testcase>
      <testcase name="Test Cases/AI-Generated/TC12-Explore Usage Guide and Verify Home Page Access" time="219.956" classname="Test Cases/AI-Generated/TC12-Explore Usage Guide and Verify Home Page Access" status="PASSED">
         <properties>
            <property name="data_binding"><![CDATA[{"(Default) heade...":"2"}]]></property>
         </properties>
         <system-out><![CDATA[24-05-2025T13:16:51 - [TEST_CASE][PASSED] - Test Cases/AI-Generated/TC12-Explore Usage Guide and Verify Home Page Access: Test Cases/AI-Generated/TC12-Explore Usage Guide and Verify Home Page Access

24-05-2025T13:16:51 - [TEST_STEP][PASSED] - Start setup action : setup: Method 'setup' complete successfully

24-05-2025T13:16:52 - [TEST_STEP][PASSED] - openBrowser(""): Browser is opened with url: ''

24-05-2025T13:16:52 - [MESSAGE][INFO] - User set preference: ['browserVersion', '136']

24-05-2025T13:16:52 - [MESSAGE][INFO] - User set preference: ['browserName', 'chrome']

24-05-2025T13:16:52 - [MESSAGE][INFO] - User set preference: ['platformName', 'windows']

24-05-2025T13:16:52 - [MESSAGE][INFO] - User set preference: ['katalon:options', '{metadata={organizationId=1959366, accountId=1470828, channel=kse;v=10.2.0, projectId=2117515}, executionMode=queue, usingTunnel=false}']

24-05-2025T13:16:52 - [MESSAGE][INFO] - Connecting to remote web server 'testcloud.katalon.com/hub' with type 'Selenium'

24-05-2025T13:16:52 - [MESSAGE][INFO] - Action delay is set to 0 milliseconds

24-05-2025T13:17:12 - [MESSAGE][WARNING] - Your browser version or type does not support the BiDirectional WebDriver Protocol which is required for Smart Locator functionality. Please update your browser or switch to a compatible one.

24-05-2025T13:17:12 - [MESSAGE][WARNING] - Your browser version or type does not support the BiDirectional WebDriver Protocol which is required for Smart Locator functionality. Please update your browser or switch to a compatible one.

24-05-2025T13:17:12 - [MESSAGE][WARNING] - Your browser version or type does not support the BiDirectional WebDriver Protocol which is required for Smart Locator functionality. Please update your browser or switch to a compatible one.

24-05-2025T13:17:12 - [MESSAGE][PASSED] - Browser is opened with url: ''

24-05-2025T13:17:12 - [TEST_STEP][WARNING] - setViewPortSize(1920, 1080): Viewport size mismatch (1916x1916).

24-05-2025T13:17:15 - [MESSAGE][INFO] - Viewport size mismatch (1,916x945). Trying to set it again.

24-05-2025T13:17:20 - [MESSAGE][WARNING] - Viewport size mismatch (1916x1916).

24-05-2025T13:17:20 - [MESSAGE][PASSED] - Method 'setup' complete successfully

24-05-2025T13:17:20 - [TEST_STEP][PASSED] - reportLocation = getReportFolder(): null

24-05-2025T13:17:20 - [TEST_STEP][PASSED] - "Initialize test session: Open browser and set view port": null

24-05-2025T13:17:20 - [TEST_STEP][PASSED] - TrueTestScripts.navigate("/"): Delayed 3 second(s)

24-05-2025T13:17:21 - [MESSAGE][PASSED] - Navigate to 'https://trustify.works/' successfully

24-05-2025T13:17:24 - [MESSAGE][PASSED] - Delayed 3 second(s)

24-05-2025T13:17:24 - [TEST_STEP][PASSED] - enhancedClick(findTestObject("AI-Generated/Page_home/item_usageGuide")): Object: 'Object Repository/AI-Generated/Page_home/item_usageGuide' is clicked on

24-05-2025T13:17:25 - [MESSAGE][PASSED] - Object: 'Object Repository/AI-Generated/Page_home/item_usageGuide' is clicked on

24-05-2025T13:17:25 - [TEST_STEP][PASSED] - takeScreenshot(reportLocation + "/TC12/Step 2-Click on item usageGuide.png"): Taking screenshot successfully

24-05-2025T13:17:27 - [MESSAGE][PASSED] - Taking screenshot successfully
[[ATTACHMENT|TC12/Step 2-Click on item usageGuide.png]]

24-05-2025T13:17:27 - [TEST_STEP][PASSED] - enhancedClick(findTestObject("AI-Generated/Page_home/span_forVpcc")): Object: 'Object Repository/AI-Generated/Page_home/span_forVpcc' is clicked on

24-05-2025T13:17:28 - [MESSAGE][PASSED] - Object: 'Object Repository/AI-Generated/Page_home/span_forVpcc' is clicked on

24-05-2025T13:17:28 - [TEST_STEP][PASSED] - takeScreenshot(reportLocation + "/TC12/Step 3-Click on span forVpcc - Navigate to page for-notary-offices.png"): Taking screenshot successfully

24-05-2025T13:17:30 - [MESSAGE][PASSED] - Taking screenshot successfully
[[ATTACHMENT|TC12/Step 3-Click on span forVpcc - Navigate to page for-notary-offices.png]]

24-05-2025T13:17:30 - [TEST_STEP][PASSED] - enhancedClick(findTestObject("AI-Generated/Page_for_notary_offices/list_footerContent")): Object: 'Object Repository/AI-Generated/Page_for_notary_offices/list_footerContent' is clicked on

24-05-2025T13:17:30 - [MESSAGE][PASSED] - Object: 'Object Repository/AI-Generated/Page_for_notary_offices/list_footerContent' is clicked on

24-05-2025T13:17:30 - [TEST_STEP][PASSED] - takeScreenshot(reportLocation + "/TC12/Step 4-Click on list footerContent.png"): Taking screenshot successfully

24-05-2025T13:17:32 - [MESSAGE][PASSED] - Taking screenshot successfully
[[ATTACHMENT|TC12/Step 4-Click on list footerContent.png]]

24-05-2025T13:17:32 - [TEST_STEP][PASSED] - enhancedClick(findTestObject("AI-Generated/Page_for_notary_offices/span_email")): Object: 'Object Repository/AI-Generated/Page_for_notary_offices/span_email' is clicked on

24-05-2025T13:17:33 - [MESSAGE][PASSED] - Object: 'Object Repository/AI-Generated/Page_for_notary_offices/span_email' is clicked on

24-05-2025T13:17:33 - [TEST_STEP][PASSED] - takeScreenshot(reportLocation + "/TC12/Step 5-Click on span email.png"): Taking screenshot successfully

24-05-2025T13:17:34 - [MESSAGE][PASSED] - Taking screenshot successfully
[[ATTACHMENT|TC12/Step 5-Click on span email.png]]

24-05-2025T13:17:34 - [TEST_STEP][PASSED] - enhancedClick(findTestObject("AI-Generated/Page_for_notary_offices/span_email")): Object: 'Object Repository/AI-Generated/Page_for_notary_offices/span_email' is clicked on

24-05-2025T13:17:35 - [MESSAGE][PASSED] - Object: 'Object Repository/AI-Generated/Page_for_notary_offices/span_email' is clicked on

24-05-2025T13:17:35 - [TEST_STEP][PASSED] - takeScreenshot(reportLocation + "/TC12/Step 6-Click on span email.png"): Taking screenshot successfully

24-05-2025T13:17:37 - [MESSAGE][PASSED] - Taking screenshot successfully
[[ATTACHMENT|TC12/Step 6-Click on span email.png]]

24-05-2025T13:17:37 - [TEST_STEP][PASSED] - enhancedClick(findTestObject("AI-Generated/Dynamic Objects/Page_for_notary_offices/header_aboutProduct", ["header_aboutProduct_nth":header_aboutProduct_nth])): Object: 'Object Repository/AI-Generated/Dynamic Objects/Page_for_notary_offices/header_aboutProduct' is clicked on

24-05-2025T13:17:37 - [MESSAGE][PASSED] - Object: 'Object Repository/AI-Generated/Dynamic Objects/Page_for_notary_offices/header_aboutProduct' is clicked on

24-05-2025T13:17:37 - [TEST_STEP][PASSED] - takeScreenshot(reportLocation + "/TC12/Step 7-Click on header aboutProduct product.png"): Taking screenshot successfully

24-05-2025T13:17:39 - [MESSAGE][PASSED] - Taking screenshot successfully
[[ATTACHMENT|TC12/Step 7-Click on header aboutProduct product.png]]

24-05-2025T13:17:39 - [TEST_STEP][PASSED] - enhancedClick(findTestObject("AI-Generated/Page_for_notary_offices/link_lookupNotaryOffices")): Object: 'Object Repository/AI-Generated/Page_for_notary_offices/link_lookupNotaryOffices' is clicked on

24-05-2025T13:17:40 - [MESSAGE][PASSED] - Object: 'Object Repository/AI-Generated/Page_for_notary_offices/link_lookupNotaryOffices' is clicked on

24-05-2025T13:17:40 - [TEST_STEP][PASSED] - takeScreenshot(reportLocation + "/TC12/Step 8-Click on link lookupNotaryOffices - Navigate to page lookup.png"): Taking screenshot successfully

24-05-2025T13:17:42 - [MESSAGE][PASSED] - Taking screenshot successfully
[[ATTACHMENT|TC12/Step 8-Click on link lookupNotaryOffices - Navigate to page lookup.png]]

24-05-2025T13:17:42 - [TEST_STEP][PASSED] - enhancedClick(findTestObject("AI-Generated/Page_lookup/link_dichVuCongChung")): Object: 'Object Repository/AI-Generated/Page_lookup/link_dichVuCongChung' is clicked on

24-05-2025T13:17:42 - [MESSAGE][PASSED] - Object: 'Object Repository/AI-Generated/Page_lookup/link_dichVuCongChung' is clicked on

24-05-2025T13:17:42 - [TEST_STEP][PASSED] - takeScreenshot(reportLocation + "/TC12/Step 9-Click on link dichVuCongChung - Navigate to page services.png"): Taking screenshot successfully

24-05-2025T13:17:45 - [MESSAGE][PASSED] - Taking screenshot successfully
[[ATTACHMENT|TC12/Step 9-Click on link dichVuCongChung - Navigate to page services.png]]

24-05-2025T13:17:45 - [TEST_STEP][PASSED] - enhancedClick(findTestObject("AI-Generated/Page_services/link_homePage")): Object: 'Object Repository/AI-Generated/Page_services/link_homePage' is clicked on

24-05-2025T13:17:46 - [MESSAGE][PASSED] - Object: 'Object Repository/AI-Generated/Page_services/link_homePage' is clicked on

24-05-2025T13:17:46 - [TEST_STEP][PASSED] - takeScreenshot(reportLocation + "/TC12/Step 10-Click on link homePage - Navigate to page .png"): Taking screenshot successfully

24-05-2025T13:17:54 - [MESSAGE][PASSED] - Taking screenshot successfully
[[ATTACHMENT|TC12/Step 10-Click on link homePage - Navigate to page .png]]

24-05-2025T13:17:54 - [TEST_STEP][PASSED] - enhancedClick(findTestObject("AI-Generated/Page_home/item_usageGuide")): Object: 'Object Repository/AI-Generated/Page_home/item_usageGuide' is clicked on

24-05-2025T13:17:54 - [MESSAGE][PASSED] - Object: 'Object Repository/AI-Generated/Page_home/item_usageGuide' is clicked on

24-05-2025T13:17:54 - [TEST_STEP][PASSED] - takeScreenshot(reportLocation + "/TC12/Step 11-Click on item usageGuide.png"): Taking screenshot successfully

24-05-2025T13:17:57 - [MESSAGE][PASSED] - Taking screenshot successfully
[[ATTACHMENT|TC12/Step 11-Click on item usageGuide.png]]

24-05-2025T13:17:57 - [TEST_STEP][PASSED] - enhancedClick(findTestObject("AI-Generated/Page_home/item_usageGuide")): Object: 'Object Repository/AI-Generated/Page_home/item_usageGuide' is clicked on

24-05-2025T13:17:57 - [MESSAGE][PASSED] - Object: 'Object Repository/AI-Generated/Page_home/item_usageGuide' is clicked on

24-05-2025T13:17:57 - [TEST_STEP][PASSED] - takeScreenshot(reportLocation + "/TC12/Step 12-Click on item usageGuide.png"): Taking screenshot successfully

24-05-2025T13:17:59 - [MESSAGE][PASSED] - Taking screenshot successfully
[[ATTACHMENT|TC12/Step 12-Click on item usageGuide.png]]

24-05-2025T13:17:59 - [TEST_STEP][PASSED] - enhancedClick(findTestObject("AI-Generated/Page_home/item_usageGuide")): Object: 'Object Repository/AI-Generated/Page_home/item_usageGuide' is clicked on

24-05-2025T13:18:00 - [MESSAGE][PASSED] - Object: 'Object Repository/AI-Generated/Page_home/item_usageGuide' is clicked on

24-05-2025T13:18:00 - [TEST_STEP][PASSED] - takeScreenshot(reportLocation + "/TC12/Step 13-Click on item usageGuide.png"): Taking screenshot successfully

24-05-2025T13:18:02 - [MESSAGE][PASSED] - Taking screenshot successfully
[[ATTACHMENT|TC12/Step 13-Click on item usageGuide.png]]

24-05-2025T13:18:02 - [TEST_STEP][PASSED] - enhancedClick(findTestObject("AI-Generated/Page_home/item_usageGuide")): Object: 'Object Repository/AI-Generated/Page_home/item_usageGuide' is clicked on

24-05-2025T13:18:03 - [MESSAGE][PASSED] - Object: 'Object Repository/AI-Generated/Page_home/item_usageGuide' is clicked on

24-05-2025T13:18:03 - [TEST_STEP][PASSED] - takeScreenshot(reportLocation + "/TC12/Step 14-Click on item usageGuide.png"): Taking screenshot successfully

24-05-2025T13:18:04 - [MESSAGE][PASSED] - Taking screenshot successfully
[[ATTACHMENT|TC12/Step 14-Click on item usageGuide.png]]

24-05-2025T13:18:04 - [TEST_STEP][PASSED] - enhancedClick(findTestObject("AI-Generated/Page_home/item_usageGuide")): Object: 'Object Repository/AI-Generated/Page_home/item_usageGuide' is clicked on

24-05-2025T13:18:05 - [MESSAGE][PASSED] - Object: 'Object Repository/AI-Generated/Page_home/item_usageGuide' is clicked on

24-05-2025T13:18:05 - [TEST_STEP][PASSED] - takeScreenshot(reportLocation + "/TC12/Step 15-Click on item usageGuide.png"): Taking screenshot successfully

24-05-2025T13:18:07 - [MESSAGE][PASSED] - Taking screenshot successfully
[[ATTACHMENT|TC12/Step 15-Click on item usageGuide.png]]

24-05-2025T13:18:07 - [TEST_STEP][PASSED] - enhancedClick(findTestObject("AI-Generated/Page_home/item_usageGuide")): Object: 'Object Repository/AI-Generated/Page_home/item_usageGuide' is clicked on

24-05-2025T13:18:08 - [MESSAGE][PASSED] - Object: 'Object Repository/AI-Generated/Page_home/item_usageGuide' is clicked on

24-05-2025T13:18:08 - [TEST_STEP][PASSED] - takeScreenshot(reportLocation + "/TC12/Step 16-Click on item usageGuide.png"): Taking screenshot successfully

24-05-2025T13:18:09 - [MESSAGE][PASSED] - Taking screenshot successfully
[[ATTACHMENT|TC12/Step 16-Click on item usageGuide.png]]

24-05-2025T13:18:09 - [TEST_STEP][PASSED] - enhancedClick(findTestObject("AI-Generated/Page_home/span_termsOfUse")): Object: 'Object Repository/AI-Generated/Page_home/span_termsOfUse' is clicked on

24-05-2025T13:18:10 - [MESSAGE][PASSED] - Object: 'Object Repository/AI-Generated/Page_home/span_termsOfUse' is clicked on

24-05-2025T13:18:10 - [TEST_STEP][PASSED] - takeScreenshot(reportLocation + "/TC12/Step 17-Click on span termsOfUse - Navigate to page terms-of-service.png"): Taking screenshot successfully

24-05-2025T13:18:12 - [MESSAGE][PASSED] - Taking screenshot successfully
[[ATTACHMENT|TC12/Step 17-Click on span termsOfUse - Navigate to page terms-of-service.png]]

24-05-2025T13:18:12 - [TEST_STEP][PASSED] - enhancedClick(findTestObject("AI-Generated/Page_terms_of_service/item_termsNotInfringement")): Object: 'Object Repository/AI-Generated/Page_terms_of_service/item_termsNotInfringement' is clicked on

24-05-2025T13:18:13 - [MESSAGE][PASSED] - Object: 'Object Repository/AI-Generated/Page_terms_of_service/item_termsNotInfringement' is clicked on

24-05-2025T13:18:13 - [TEST_STEP][PASSED] - takeScreenshot(reportLocation + "/TC12/Step 18-Click on item termsNotInfringement.png"): Taking screenshot successfully

24-05-2025T13:18:15 - [MESSAGE][PASSED] - Taking screenshot successfully
[[ATTACHMENT|TC12/Step 18-Click on item termsNotInfringement.png]]

24-05-2025T13:18:15 - [TEST_STEP][PASSED] - enhancedClick(findTestObject("AI-Generated/Page_terms_of_service/item_termsNotInfringement")): Object: 'Object Repository/AI-Generated/Page_terms_of_service/item_termsNotInfringement' is clicked on

24-05-2025T13:18:16 - [MESSAGE][PASSED] - Object: 'Object Repository/AI-Generated/Page_terms_of_service/item_termsNotInfringement' is clicked on

24-05-2025T13:18:16 - [TEST_STEP][PASSED] - takeScreenshot(reportLocation + "/TC12/Step 19-Click on item termsNotInfringement.png"): Taking screenshot successfully

24-05-2025T13:18:17 - [MESSAGE][PASSED] - Taking screenshot successfully
[[ATTACHMENT|TC12/Step 19-Click on item termsNotInfringement.png]]

24-05-2025T13:18:17 - [TEST_STEP][PASSED] - enhancedClick(findTestObject("AI-Generated/Page_terms_of_service/span_explanationForPolicy")): Object: 'Object Repository/AI-Generated/Page_terms_of_service/span_explanationForPolicy' is clicked on

24-05-2025T13:18:18 - [MESSAGE][PASSED] - Object: 'Object Repository/AI-Generated/Page_terms_of_service/span_explanationForPolicy' is clicked on

24-05-2025T13:18:18 - [TEST_STEP][PASSED] - takeScreenshot(reportLocation + "/TC12/Step 20-Click on span explanationForPolicy - Navigate to page dispute-resolution.png"): Taking screenshot successfully

24-05-2025T13:18:20 - [MESSAGE][PASSED] - Taking screenshot successfully
[[ATTACHMENT|TC12/Step 20-Click on span explanationForPolicy - Navigate to page dispute-resolution.png]]

24-05-2025T13:18:20 - [TEST_STEP][PASSED] - enhancedClick(findTestObject("AI-Generated/Page_dispute_resolution/p_disputeResolutionStaff")): Object: 'Object Repository/AI-Generated/Page_dispute_resolution/p_disputeResolutionStaff' is clicked on

24-05-2025T13:18:21 - [MESSAGE][PASSED] - Object: 'Object Repository/AI-Generated/Page_dispute_resolution/p_disputeResolutionStaff' is clicked on

24-05-2025T13:18:21 - [TEST_STEP][PASSED] - takeScreenshot(reportLocation + "/TC12/Step 21-Click on p disputeResolutionStaff.png"): Taking screenshot successfully

24-05-2025T13:18:23 - [MESSAGE][PASSED] - Taking screenshot successfully
[[ATTACHMENT|TC12/Step 21-Click on p disputeResolutionStaff.png]]

24-05-2025T13:18:23 - [TEST_STEP][PASSED] - enhancedClick(findTestObject("AI-Generated/Page_dispute_resolution/p_disputeResolutionStaff")): Object: 'Object Repository/AI-Generated/Page_dispute_resolution/p_disputeResolutionStaff' is clicked on

24-05-2025T13:18:23 - [MESSAGE][PASSED] - Object: 'Object Repository/AI-Generated/Page_dispute_resolution/p_disputeResolutionStaff' is clicked on

24-05-2025T13:18:23 - [TEST_STEP][PASSED] - takeScreenshot(reportLocation + "/TC12/Step 22-Click on p disputeResolutionStaff.png"): Taking screenshot successfully

24-05-2025T13:18:26 - [MESSAGE][PASSED] - Taking screenshot successfully
[[ATTACHMENT|TC12/Step 22-Click on p disputeResolutionStaff.png]]

24-05-2025T13:18:26 - [TEST_STEP][PASSED] - enhancedClick(findTestObject("AI-Generated/Page_dispute_resolution/item_disputeResolutionTimeframe")): Object: 'Object Repository/AI-Generated/Page_dispute_resolution/item_disputeResolutionTimeframe' is clicked on

24-05-2025T13:18:26 - [MESSAGE][PASSED] - Object: 'Object Repository/AI-Generated/Page_dispute_resolution/item_disputeResolutionTimeframe' is clicked on

24-05-2025T13:18:26 - [TEST_STEP][PASSED] - takeScreenshot(reportLocation + "/TC12/Step 23-Click on item disputeResolutionTimeframe.png"): Taking screenshot successfully

24-05-2025T13:18:28 - [MESSAGE][PASSED] - Taking screenshot successfully
[[ATTACHMENT|TC12/Step 23-Click on item disputeResolutionTimeframe.png]]

24-05-2025T13:18:28 - [TEST_STEP][PASSED] - enhancedClick(findTestObject("AI-Generated/Page_dispute_resolution/header_homePage")): Object: 'Object Repository/AI-Generated/Page_dispute_resolution/header_homePage' is clicked on

24-05-2025T13:18:29 - [MESSAGE][PASSED] - Object: 'Object Repository/AI-Generated/Page_dispute_resolution/header_homePage' is clicked on

24-05-2025T13:18:29 - [TEST_STEP][PASSED] - takeScreenshot(reportLocation + "/TC12/Step 24-Click on header homePage.png"): Taking screenshot successfully

24-05-2025T13:18:30 - [MESSAGE][PASSED] - Taking screenshot successfully
[[ATTACHMENT|TC12/Step 24-Click on header homePage.png]]

24-05-2025T13:18:30 - [TEST_STEP][PASSED] - enhancedClick(findTestObject("AI-Generated/Page_dispute_resolution/div_footerContent")): Object: 'Object Repository/AI-Generated/Page_dispute_resolution/div_footerContent' is clicked on

24-05-2025T13:18:31 - [MESSAGE][PASSED] - Object: 'Object Repository/AI-Generated/Page_dispute_resolution/div_footerContent' is clicked on

24-05-2025T13:18:31 - [TEST_STEP][PASSED] - takeScreenshot(reportLocation + "/TC12/Step 25-Click on div footerContent.png"): Taking screenshot successfully

24-05-2025T13:18:32 - [MESSAGE][PASSED] - Taking screenshot successfully
[[ATTACHMENT|TC12/Step 25-Click on div footerContent.png]]

24-05-2025T13:18:32 - [TEST_STEP][PASSED] - enhancedClick(findTestObject("AI-Generated/Page_dispute_resolution/header_homePage")): Object: 'Object Repository/AI-Generated/Page_dispute_resolution/header_homePage' is clicked on

24-05-2025T13:18:33 - [MESSAGE][PASSED] - Object: 'Object Repository/AI-Generated/Page_dispute_resolution/header_homePage' is clicked on

24-05-2025T13:18:33 - [TEST_STEP][PASSED] - takeScreenshot(reportLocation + "/TC12/Step 26-Click on header homePage.png"): Taking screenshot successfully

24-05-2025T13:18:35 - [MESSAGE][PASSED] - Taking screenshot successfully
[[ATTACHMENT|TC12/Step 26-Click on header homePage.png]]

24-05-2025T13:18:35 - [TEST_STEP][PASSED] - enhancedClick(findTestObject("AI-Generated/Page_dispute_resolution/header_homePage")): Object: 'Object Repository/AI-Generated/Page_dispute_resolution/header_homePage' is clicked on

24-05-2025T13:18:35 - [MESSAGE][PASSED] - Object: 'Object Repository/AI-Generated/Page_dispute_resolution/header_homePage' is clicked on

24-05-2025T13:18:35 - [TEST_STEP][PASSED] - takeScreenshot(reportLocation + "/TC12/Step 27-Click on header homePage.png"): Taking screenshot successfully

24-05-2025T13:18:37 - [MESSAGE][PASSED] - Taking screenshot successfully
[[ATTACHMENT|TC12/Step 27-Click on header homePage.png]]

24-05-2025T13:18:37 - [TEST_STEP][PASSED] - enhancedClick(findTestObject("AI-Generated/Page_dispute_resolution/header_homePage")): Object: 'Object Repository/AI-Generated/Page_dispute_resolution/header_homePage' is clicked on

24-05-2025T13:18:38 - [MESSAGE][PASSED] - Object: 'Object Repository/AI-Generated/Page_dispute_resolution/header_homePage' is clicked on

24-05-2025T13:18:38 - [TEST_STEP][PASSED] - takeScreenshot(reportLocation + "/TC12/Step 28-Click on header homePage.png"): Taking screenshot successfully

24-05-2025T13:18:39 - [MESSAGE][PASSED] - Taking screenshot successfully
[[ATTACHMENT|TC12/Step 28-Click on header homePage.png]]

24-05-2025T13:18:39 - [TEST_STEP][PASSED] - enhancedClick(findTestObject("AI-Generated/Page_dispute_resolution/item_disputeResolutionTimeframe")): Object: 'Object Repository/AI-Generated/Page_dispute_resolution/item_disputeResolutionTimeframe' is clicked on

24-05-2025T13:18:44 - [MESSAGE][PASSED] - Object: 'Object Repository/AI-Generated/Page_dispute_resolution/item_disputeResolutionTimeframe' is clicked on

24-05-2025T13:18:44 - [TEST_STEP][PASSED] - takeScreenshot(reportLocation + "/TC12/Step 29-Click on item disputeResolutionTimeframe.png"): Taking screenshot successfully

24-05-2025T13:18:46 - [MESSAGE][PASSED] - Taking screenshot successfully
[[ATTACHMENT|TC12/Step 29-Click on item disputeResolutionTimeframe.png]]

24-05-2025T13:18:46 - [TEST_STEP][PASSED] - enhancedClick(findTestObject("AI-Generated/Page_dispute_resolution/span_securityPolicy")): Object: 'Object Repository/AI-Generated/Page_dispute_resolution/span_securityPolicy' is clicked on

24-05-2025T13:18:47 - [MESSAGE][PASSED] - Object: 'Object Repository/AI-Generated/Page_dispute_resolution/span_securityPolicy' is clicked on

24-05-2025T13:18:47 - [TEST_STEP][PASSED] - takeScreenshot(reportLocation + "/TC12/Step 30-Click on span securityPolicy - Navigate to page privacy-policy.png"): Taking screenshot successfully

24-05-2025T13:18:49 - [MESSAGE][PASSED] - Taking screenshot successfully
[[ATTACHMENT|TC12/Step 30-Click on span securityPolicy - Navigate to page privacy-policy.png]]

24-05-2025T13:18:49 - [TEST_STEP][PASSED] - enhancedClick(findTestObject("AI-Generated/Page_privacy_policy/item_privacyContact")): Object: 'Object Repository/AI-Generated/Page_privacy_policy/item_privacyContact' is clicked on

24-05-2025T13:18:50 - [MESSAGE][PASSED] - Object: 'Object Repository/AI-Generated/Page_privacy_policy/item_privacyContact' is clicked on

24-05-2025T13:18:50 - [TEST_STEP][PASSED] - takeScreenshot(reportLocation + "/TC12/Step 31-Click on item privacyContact.png"): Taking screenshot successfully

24-05-2025T13:18:52 - [MESSAGE][PASSED] - Taking screenshot successfully
[[ATTACHMENT|TC12/Step 31-Click on item privacyContact.png]]

24-05-2025T13:18:52 - [TEST_STEP][PASSED] - enhancedClick(findTestObject("AI-Generated/Page_privacy_policy/span_termsOfUse")): Object: 'Object Repository/AI-Generated/Page_privacy_policy/span_termsOfUse' is clicked on

24-05-2025T13:18:52 - [MESSAGE][PASSED] - Object: 'Object Repository/AI-Generated/Page_privacy_policy/span_termsOfUse' is clicked on

24-05-2025T13:18:52 - [TEST_STEP][PASSED] - takeScreenshot(reportLocation + "/TC12/Step 32-Click on span termsOfUse - Navigate to page terms-of-service.png"): Taking screenshot successfully

24-05-2025T13:18:55 - [MESSAGE][PASSED] - Taking screenshot successfully
[[ATTACHMENT|TC12/Step 32-Click on span termsOfUse - Navigate to page terms-of-service.png]]

24-05-2025T13:18:55 - [TEST_STEP][PASSED] - enhancedClick(findTestObject("AI-Generated/Page_terms_of_service/item_usageGuidelines")): Object: 'Object Repository/AI-Generated/Page_terms_of_service/item_usageGuidelines' is clicked on

24-05-2025T13:18:56 - [MESSAGE][PASSED] - Object: 'Object Repository/AI-Generated/Page_terms_of_service/item_usageGuidelines' is clicked on

24-05-2025T13:18:56 - [TEST_STEP][PASSED] - takeScreenshot(reportLocation + "/TC12/Step 33-Click on item usageGuidelines.png"): Taking screenshot successfully

24-05-2025T13:18:59 - [MESSAGE][PASSED] - Taking screenshot successfully
[[ATTACHMENT|TC12/Step 33-Click on item usageGuidelines.png]]

24-05-2025T13:18:59 - [TEST_STEP][PASSED] - enhancedClick(findTestObject("AI-Generated/Page_terms_of_service/item_usageGuidelines")): Object: 'Object Repository/AI-Generated/Page_terms_of_service/item_usageGuidelines' is clicked on

24-05-2025T13:19:00 - [MESSAGE][PASSED] - Object: 'Object Repository/AI-Generated/Page_terms_of_service/item_usageGuidelines' is clicked on

24-05-2025T13:19:00 - [TEST_STEP][PASSED] - takeScreenshot(reportLocation + "/TC12/Step 34-Click on item usageGuidelines.png"): Taking screenshot successfully

24-05-2025T13:19:02 - [MESSAGE][PASSED] - Taking screenshot successfully
[[ATTACHMENT|TC12/Step 34-Click on item usageGuidelines.png]]

24-05-2025T13:19:02 - [TEST_STEP][PASSED] - enhancedClick(findTestObject("AI-Generated/Page_terms_of_service/item_usageGuidelines")): Object: 'Object Repository/AI-Generated/Page_terms_of_service/item_usageGuidelines' is clicked on

24-05-2025T13:19:03 - [MESSAGE][PASSED] - Object: 'Object Repository/AI-Generated/Page_terms_of_service/item_usageGuidelines' is clicked on

24-05-2025T13:19:03 - [TEST_STEP][PASSED] - takeScreenshot(reportLocation + "/TC12/Step 35-Click on item usageGuidelines.png"): Taking screenshot successfully

24-05-2025T13:19:05 - [MESSAGE][PASSED] - Taking screenshot successfully
[[ATTACHMENT|TC12/Step 35-Click on item usageGuidelines.png]]

24-05-2025T13:19:05 - [TEST_STEP][PASSED] - enhancedClick(findTestObject("AI-Generated/Page_terms_of_service/item_usageGuidelines")): Object: 'Object Repository/AI-Generated/Page_terms_of_service/item_usageGuidelines' is clicked on

24-05-2025T13:19:05 - [MESSAGE][PASSED] - Object: 'Object Repository/AI-Generated/Page_terms_of_service/item_usageGuidelines' is clicked on

24-05-2025T13:19:05 - [TEST_STEP][PASSED] - takeScreenshot(reportLocation + "/TC12/Step 36-Click on item usageGuidelines.png"): Taking screenshot successfully

24-05-2025T13:19:07 - [MESSAGE][PASSED] - Taking screenshot successfully
[[ATTACHMENT|TC12/Step 36-Click on item usageGuidelines.png]]

24-05-2025T13:19:07 - [TEST_STEP][PASSED] - enhancedClick(findTestObject("AI-Generated/Page_terms_of_service/item_usageGuidelines")): Object: 'Object Repository/AI-Generated/Page_terms_of_service/item_usageGuidelines' is clicked on

24-05-2025T13:19:08 - [MESSAGE][PASSED] - Object: 'Object Repository/AI-Generated/Page_terms_of_service/item_usageGuidelines' is clicked on

24-05-2025T13:19:08 - [TEST_STEP][PASSED] - takeScreenshot(reportLocation + "/TC12/Step 37-Click on item usageGuidelines.png"): Taking screenshot successfully

24-05-2025T13:19:10 - [MESSAGE][PASSED] - Taking screenshot successfully
[[ATTACHMENT|TC12/Step 37-Click on item usageGuidelines.png]]

24-05-2025T13:19:10 - [TEST_STEP][PASSED] - enhancedClick(findTestObject("AI-Generated/Dynamic Objects/Page_terms_of_service/header_aboutSection", ["header_aboutSection_nth":header_aboutSection_nth])): Object: 'Object Repository/AI-Generated/Dynamic Objects/Page_terms_of_service/header_aboutSection' is clicked on

24-05-2025T13:19:10 - [MESSAGE][PASSED] - Object: 'Object Repository/AI-Generated/Dynamic Objects/Page_terms_of_service/header_aboutSection' is clicked on

24-05-2025T13:19:10 - [TEST_STEP][PASSED] - takeScreenshot(reportLocation + "/TC12/Step 38-Click on header aboutSection productSection.png"): Taking screenshot successfully

24-05-2025T13:19:12 - [MESSAGE][PASSED] - Taking screenshot successfully
[[ATTACHMENT|TC12/Step 38-Click on header aboutSection productSection.png]]

24-05-2025T13:19:12 - [TEST_STEP][PASSED] - enhancedClick(findTestObject("AI-Generated/Dynamic Objects/Page_terms_of_service/header_aboutSection", ["header_aboutSection_nth":header_aboutSection_nth_1])): Object: 'Object Repository/AI-Generated/Dynamic Objects/Page_terms_of_service/header_aboutSection' is clicked on

24-05-2025T13:19:13 - [MESSAGE][PASSED] - Object: 'Object Repository/AI-Generated/Dynamic Objects/Page_terms_of_service/header_aboutSection' is clicked on

24-05-2025T13:19:13 - [TEST_STEP][PASSED] - takeScreenshot(reportLocation + "/TC12/Step 39-Click on header aboutSection productSection.png"): Taking screenshot successfully

24-05-2025T13:19:15 - [MESSAGE][PASSED] - Taking screenshot successfully
[[ATTACHMENT|TC12/Step 39-Click on header aboutSection productSection.png]]

24-05-2025T13:19:15 - [TEST_STEP][PASSED] - enhancedClick(findTestObject("AI-Generated/Dynamic Objects/Page_terms_of_service/header_aboutSection", ["header_aboutSection_nth":header_aboutSection_nth_2])): Object: 'Object Repository/AI-Generated/Dynamic Objects/Page_terms_of_service/header_aboutSection' is clicked on

24-05-2025T13:19:15 - [MESSAGE][PASSED] - Object: 'Object Repository/AI-Generated/Dynamic Objects/Page_terms_of_service/header_aboutSection' is clicked on

24-05-2025T13:19:15 - [TEST_STEP][PASSED] - takeScreenshot(reportLocation + "/TC12/Step 40-Click on header aboutSection aboutUs.png"): Taking screenshot successfully

24-05-2025T13:19:17 - [MESSAGE][PASSED] - Taking screenshot successfully
[[ATTACHMENT|TC12/Step 40-Click on header aboutSection aboutUs.png]]

24-05-2025T13:19:17 - [TEST_STEP][PASSED] - enhancedClick(findTestObject("AI-Generated/Page_terms_of_service/span_contactLocation")): Object: 'Object Repository/AI-Generated/Page_terms_of_service/span_contactLocation' is clicked on

24-05-2025T13:19:18 - [MESSAGE][PASSED] - Object: 'Object Repository/AI-Generated/Page_terms_of_service/span_contactLocation' is clicked on

24-05-2025T13:19:18 - [TEST_STEP][PASSED] - takeScreenshot(reportLocation + "/TC12/Step 41-Click on span contactLocation.png"): Taking screenshot successfully

24-05-2025T13:19:19 - [MESSAGE][PASSED] - Taking screenshot successfully
[[ATTACHMENT|TC12/Step 41-Click on span contactLocation.png]]

24-05-2025T13:19:19 - [TEST_STEP][PASSED] - enhancedClick(findTestObject("AI-Generated/Page_terms_of_service/span_forVpcc")): Object: 'Object Repository/AI-Generated/Page_terms_of_service/span_forVpcc' is clicked on

24-05-2025T13:19:20 - [MESSAGE][PASSED] - Object: 'Object Repository/AI-Generated/Page_terms_of_service/span_forVpcc' is clicked on

24-05-2025T13:19:20 - [TEST_STEP][PASSED] - takeScreenshot(reportLocation + "/TC12/Step 42-Click on span forVpcc - Navigate to page for-notary-offices.png"): Taking screenshot successfully

24-05-2025T13:19:22 - [MESSAGE][PASSED] - Taking screenshot successfully
[[ATTACHMENT|TC12/Step 42-Click on span forVpcc - Navigate to page for-notary-offices.png]]

24-05-2025T13:19:22 - [TEST_STEP][PASSED] - enhancedClick(findTestObject("AI-Generated/Page_for_notary_offices/span_officeAddress")): Object: 'Object Repository/AI-Generated/Page_for_notary_offices/span_officeAddress' is clicked on

24-05-2025T13:19:22 - [MESSAGE][PASSED] - Object: 'Object Repository/AI-Generated/Page_for_notary_offices/span_officeAddress' is clicked on

24-05-2025T13:19:22 - [TEST_STEP][PASSED] - takeScreenshot(reportLocation + "/TC12/Step 43-Click on span officeAddress.png"): Taking screenshot successfully

24-05-2025T13:19:24 - [MESSAGE][PASSED] - Taking screenshot successfully
[[ATTACHMENT|TC12/Step 43-Click on span officeAddress.png]]

24-05-2025T13:19:24 - [TEST_STEP][PASSED] - enhancedClick(findTestObject("AI-Generated/Page_for_notary_offices/span_officeAddress")): Object: 'Object Repository/AI-Generated/Page_for_notary_offices/span_officeAddress' is clicked on

24-05-2025T13:19:25 - [MESSAGE][PASSED] - Object: 'Object Repository/AI-Generated/Page_for_notary_offices/span_officeAddress' is clicked on

24-05-2025T13:19:25 - [TEST_STEP][PASSED] - takeScreenshot(reportLocation + "/TC12/Step 44-Click on span officeAddress.png"): Taking screenshot successfully

24-05-2025T13:19:27 - [MESSAGE][PASSED] - Taking screenshot successfully
[[ATTACHMENT|TC12/Step 44-Click on span officeAddress.png]]

24-05-2025T13:19:27 - [TEST_STEP][PASSED] - enhancedClick(findTestObject("AI-Generated/Page_for_notary_offices/span_officeAddress")): Object: 'Object Repository/AI-Generated/Page_for_notary_offices/span_officeAddress' is clicked on

24-05-2025T13:19:28 - [MESSAGE][PASSED] - Object: 'Object Repository/AI-Generated/Page_for_notary_offices/span_officeAddress' is clicked on

24-05-2025T13:19:28 - [TEST_STEP][PASSED] - takeScreenshot(reportLocation + "/TC12/Step 45-Click on span officeAddress.png"): Taking screenshot successfully

24-05-2025T13:19:30 - [MESSAGE][PASSED] - Taking screenshot successfully
[[ATTACHMENT|TC12/Step 45-Click on span officeAddress.png]]

24-05-2025T13:19:30 - [TEST_STEP][PASSED] - enhancedClick(findTestObject("AI-Generated/Page_for_notary_offices/span_officeAddress")): Object: 'Object Repository/AI-Generated/Page_for_notary_offices/span_officeAddress' is clicked on

24-05-2025T13:19:30 - [MESSAGE][PASSED] - Object: 'Object Repository/AI-Generated/Page_for_notary_offices/span_officeAddress' is clicked on

24-05-2025T13:19:30 - [TEST_STEP][PASSED] - takeScreenshot(reportLocation + "/TC12/Step 46-Click on span officeAddress.png"): Taking screenshot successfully

24-05-2025T13:19:33 - [MESSAGE][PASSED] - Taking screenshot successfully
[[ATTACHMENT|TC12/Step 46-Click on span officeAddress.png]]

24-05-2025T13:19:33 - [TEST_STEP][PASSED] - enhancedClick(findTestObject("AI-Generated/Dynamic Objects/Page_for_notary_offices/header_aboutProduct", ["header_aboutProduct_nth":header_aboutProduct_nth_1])): Object: 'Object Repository/AI-Generated/Dynamic Objects/Page_for_notary_offices/header_aboutProduct' is clicked on

24-05-2025T13:19:33 - [MESSAGE][PASSED] - Object: 'Object Repository/AI-Generated/Dynamic Objects/Page_for_notary_offices/header_aboutProduct' is clicked on

24-05-2025T13:19:33 - [TEST_STEP][PASSED] - takeScreenshot(reportLocation + "/TC12/Step 47-Click on header aboutProduct aboutUs.png"): Taking screenshot successfully

24-05-2025T13:19:35 - [MESSAGE][PASSED] - Taking screenshot successfully
[[ATTACHMENT|TC12/Step 47-Click on header aboutProduct aboutUs.png]]

24-05-2025T13:19:35 - [TEST_STEP][PASSED] - enhancedClick(findTestObject("AI-Generated/Dynamic Objects/Page_for_notary_offices/header_aboutProduct", ["header_aboutProduct_nth":header_aboutProduct_nth_2])): Object: 'Object Repository/AI-Generated/Dynamic Objects/Page_for_notary_offices/header_aboutProduct' is clicked on

24-05-2025T13:19:36 - [MESSAGE][PASSED] - Object: 'Object Repository/AI-Generated/Dynamic Objects/Page_for_notary_offices/header_aboutProduct' is clicked on

24-05-2025T13:19:36 - [TEST_STEP][PASSED] - takeScreenshot(reportLocation + "/TC12/Step 48-Click on header aboutProduct aboutUs.png"): Taking screenshot successfully

24-05-2025T13:19:38 - [MESSAGE][PASSED] - Taking screenshot successfully
[[ATTACHMENT|TC12/Step 48-Click on header aboutProduct aboutUs.png]]

24-05-2025T13:19:38 - [TEST_STEP][PASSED] - enhancedClick(findTestObject("AI-Generated/Page_for_notary_offices/span_officePhone")): Object: 'Object Repository/AI-Generated/Page_for_notary_offices/span_officePhone' is clicked on

24-05-2025T13:19:39 - [MESSAGE][PASSED] - Object: 'Object Repository/AI-Generated/Page_for_notary_offices/span_officePhone' is clicked on

24-05-2025T13:19:39 - [TEST_STEP][PASSED] - takeScreenshot(reportLocation + "/TC12/Step 49-Click on span officePhone.png"): Taking screenshot successfully

24-05-2025T13:19:41 - [MESSAGE][PASSED] - Taking screenshot successfully
[[ATTACHMENT|TC12/Step 49-Click on span officePhone.png]]

24-05-2025T13:19:41 - [TEST_STEP][PASSED] - enhancedClick(findTestObject("AI-Generated/Page_for_notary_offices/item_forIndividuals")): Object: 'Object Repository/AI-Generated/Page_for_notary_offices/item_forIndividuals' is clicked on

24-05-2025T13:19:41 - [MESSAGE][PASSED] - Object: 'Object Repository/AI-Generated/Page_for_notary_offices/item_forIndividuals' is clicked on

24-05-2025T13:19:41 - [TEST_STEP][PASSED] - takeScreenshot(reportLocation + "/TC12/Step 50-Click on item forIndividuals.png"): Taking screenshot successfully

24-05-2025T13:19:44 - [MESSAGE][PASSED] - Taking screenshot successfully
[[ATTACHMENT|TC12/Step 50-Click on item forIndividuals.png]]

24-05-2025T13:19:44 - [TEST_STEP][PASSED] - enhancedClick(findTestObject("AI-Generated/Page_for_notary_offices/item_forIndividuals")): Object: 'Object Repository/AI-Generated/Page_for_notary_offices/item_forIndividuals' is clicked on

24-05-2025T13:19:45 - [MESSAGE][PASSED] - Object: 'Object Repository/AI-Generated/Page_for_notary_offices/item_forIndividuals' is clicked on

24-05-2025T13:19:45 - [TEST_STEP][PASSED] - takeScreenshot(reportLocation + "/TC12/Step 51-Click on item forIndividuals.png"): Taking screenshot successfully

24-05-2025T13:19:47 - [MESSAGE][PASSED] - Taking screenshot successfully
[[ATTACHMENT|TC12/Step 51-Click on item forIndividuals.png]]

24-05-2025T13:19:47 - [TEST_STEP][PASSED] - enhancedClick(findTestObject("AI-Generated/Page_for_notary_offices/item_forIndividuals")): Object: 'Object Repository/AI-Generated/Page_for_notary_offices/item_forIndividuals' is clicked on

24-05-2025T13:19:48 - [MESSAGE][PASSED] - Object: 'Object Repository/AI-Generated/Page_for_notary_offices/item_forIndividuals' is clicked on

24-05-2025T13:19:48 - [TEST_STEP][PASSED] - takeScreenshot(reportLocation + "/TC12/Step 52-Click on item forIndividuals.png"): Taking screenshot successfully

24-05-2025T13:19:50 - [MESSAGE][PASSED] - Taking screenshot successfully
[[ATTACHMENT|TC12/Step 52-Click on item forIndividuals.png]]

24-05-2025T13:19:50 - [TEST_STEP][PASSED] - enhancedClick(findTestObject("AI-Generated/Page_for_notary_offices/item_forIndividuals")): Object: 'Object Repository/AI-Generated/Page_for_notary_offices/item_forIndividuals' is clicked on

24-05-2025T13:19:50 - [MESSAGE][PASSED] - Object: 'Object Repository/AI-Generated/Page_for_notary_offices/item_forIndividuals' is clicked on

24-05-2025T13:19:50 - [TEST_STEP][PASSED] - takeScreenshot(reportLocation + "/TC12/Step 53-Click on item forIndividuals.png"): Taking screenshot successfully

24-05-2025T13:19:53 - [MESSAGE][PASSED] - Taking screenshot successfully
[[ATTACHMENT|TC12/Step 53-Click on item forIndividuals.png]]

24-05-2025T13:19:53 - [TEST_STEP][PASSED] - enhancedClick(findTestObject("AI-Generated/Page_for_notary_offices/span_officePhone")): Object: 'Object Repository/AI-Generated/Page_for_notary_offices/span_officePhone' is clicked on

24-05-2025T13:19:53 - [MESSAGE][PASSED] - Object: 'Object Repository/AI-Generated/Page_for_notary_offices/span_officePhone' is clicked on

24-05-2025T13:19:53 - [TEST_STEP][PASSED] - takeScreenshot(reportLocation + "/TC12/Step 54-Click on span officePhone.png"): Taking screenshot successfully

24-05-2025T13:19:56 - [MESSAGE][PASSED] - Taking screenshot successfully
[[ATTACHMENT|TC12/Step 54-Click on span officePhone.png]]

24-05-2025T13:19:56 - [TEST_STEP][PASSED] - enhancedClick(findTestObject("AI-Generated/Page_for_notary_offices/span_officePhone")): Object: 'Object Repository/AI-Generated/Page_for_notary_offices/span_officePhone' is clicked on

24-05-2025T13:19:56 - [MESSAGE][PASSED] - Object: 'Object Repository/AI-Generated/Page_for_notary_offices/span_officePhone' is clicked on

24-05-2025T13:19:56 - [TEST_STEP][PASSED] - takeScreenshot(reportLocation + "/TC12/Step 55-Click on span officePhone.png"): Taking screenshot successfully

24-05-2025T13:19:59 - [MESSAGE][PASSED] - Taking screenshot successfully
[[ATTACHMENT|TC12/Step 55-Click on span officePhone.png]]

24-05-2025T13:19:59 - [TEST_STEP][PASSED] - enhancedClick(findTestObject("AI-Generated/Page_for_notary_offices/span_officeAddress")): Object: 'Object Repository/AI-Generated/Page_for_notary_offices/span_officeAddress' is clicked on

24-05-2025T13:19:59 - [MESSAGE][PASSED] - Object: 'Object Repository/AI-Generated/Page_for_notary_offices/span_officeAddress' is clicked on

24-05-2025T13:19:59 - [TEST_STEP][PASSED] - takeScreenshot(reportLocation + "/TC12/Step 56-Click on span officeAddress.png"): Taking screenshot successfully

24-05-2025T13:20:01 - [MESSAGE][PASSED] - Taking screenshot successfully
[[ATTACHMENT|TC12/Step 56-Click on span officeAddress.png]]

24-05-2025T13:20:01 - [TEST_STEP][PASSED] - enhancedClick(findTestObject("AI-Generated/Dynamic Objects/Page_for_notary_offices/header_aboutProduct", ["header_aboutProduct_nth":header_aboutProduct_nth_3])): Object: 'Object Repository/AI-Generated/Dynamic Objects/Page_for_notary_offices/header_aboutProduct' is clicked on

24-05-2025T13:20:02 - [MESSAGE][PASSED] - Object: 'Object Repository/AI-Generated/Dynamic Objects/Page_for_notary_offices/header_aboutProduct' is clicked on

24-05-2025T13:20:02 - [TEST_STEP][PASSED] - takeScreenshot(reportLocation + "/TC12/Step 57-Click on header aboutProduct product - Navigate to page .png"): Taking screenshot successfully

24-05-2025T13:20:04 - [MESSAGE][PASSED] - Taking screenshot successfully
[[ATTACHMENT|TC12/Step 57-Click on header aboutProduct product - Navigate to page .png]]

24-05-2025T13:20:04 - [TEST_STEP][PASSED] - takeFullPageScreenshotAsCheckpoint("TC12-Explore Usage Guide and Verify Home Page Access_visual_checkpoint"): Taking screenshot successfully

24-05-2025T13:20:30 - [MESSAGE][INFO] - 0 hidden object(s)

24-05-2025T13:20:30 - [MESSAGE][PASSED] - Taking screenshot successfully
[[ATTACHMENT|keyes/keyes-TC12-Explore Usage Guide and Verify Home Page Access_visual_checkpoint.png]]

24-05-2025T13:20:30 - [TEST_STEP][PASSED] - Start tear down : teardown: Method 'teardown' complete successfully

24-05-2025T13:20:30 - [TEST_STEP][PASSED] - closeBrowser(): Browser is closed

24-05-2025T13:20:31 - [MESSAGE][PASSED] - Browser is closed

24-05-2025T13:20:31 - [MESSAGE][PASSED] - Method 'teardown' complete successfully]]></system-out>
         <system-err><![CDATA[]]></system-err>
      </testcase>
      <testcase name="Test Cases/AI-Generated/TC13-Create Public Profiles and Verify Home Page After Sign In" time="0.106" classname="Test Cases/AI-Generated/TC13-Create Public Profiles and Verify Home Page After Sign In" status="ERROR">
         <error type="ERROR" message="Test Cases/AI-Generated/TC13-Create Public Profiles and Verify Home Page After Sign In has ERROR(s).&#xa;Reason:&#xa;com.kms.katalon.core.exception.StepFailedException: Unable to open browser with url: ''"/>
         <system-out><![CDATA[24-05-2025T13:25:35 - [TEST_CASE][ERROR] - Test Cases/AI-Generated/TC13-Create Public Profiles and Verify Home Page After Sign In: Test Cases/AI-Generated/TC13-Create Public Profiles and Verify Home Page After Sign In has ERROR(s).
Reason:
com.kms.katalon.core.exception.StepFailedException: Unable to open browser with url: ''

24-05-2025T13:25:35 - [TEST_STEP][ERROR] - Start setup action : setup: Error occurred when try to run method 'setup' (Root cause: com.kms.katalon.core.exception.StepFailedException - com.kms.katalon.core.exception.StepFailedException: Unable to open browser with url: '')

24-05-2025T13:25:35 - [TEST_STEP][FAILED] - openBrowser(""): Unable to open browser with url: '' (Root cause: com.kms.katalon.core.exception.StepFailedException: Unable to open browser with url: ''
	at com.kms.katalon.core.webui.keyword.internal.WebUIKeywordMain.stepFailed(WebUIKeywordMain.groovy:117)
	at com.kms.katalon.core.webui.keyword.internal.WebUIKeywordMain.runKeyword(WebUIKeywordMain.groovy:43)
	at com.kms.katalon.core.webui.keyword.builtin.OpenBrowserKeyword.openBrowser(OpenBrowserKeyword.groovy:47)
	at com.kms.katalon.core.webui.keyword.builtin.OpenBrowserKeyword.execute(OpenBrowserKeyword.groovy:33)
	at com.kms.katalon.core.keyword.internal.KeywordExecutor.executeKeywordForPlatform(KeywordExecutor.groovy:74)
	at com.kms.katalon.core.webui.keyword.WebUiBuiltInKeywords.openBrowser(WebUiBuiltInKeywords.groovy:62)
	at TC13-Create Public Profiles and Verify Home Page After Sign In.setup(TC13-Create Public Profiles and Verify Home Page After Sign In:18)
	at java.base/jdk.internal.reflect.NativeMethodAccessorImpl.invoke0(Native Method)
	at java.base/jdk.internal.reflect.NativeMethodAccessorImpl.invoke(NativeMethodAccessorImpl.java:77)
	at java.base/jdk.internal.reflect.DelegatingMethodAccessorImpl.invoke(DelegatingMethodAccessorImpl.java:43)
	at com.kms.katalon.core.main.ScriptEngine.runScriptMethodAsRawText(ScriptEngine.java:133)
	at com.kms.katalon.core.main.TestCaseExecutor.runMethod(TestCaseExecutor.java:493)
	at com.kms.katalon.core.main.TestCaseExecutor.runMethod(TestCaseExecutor.java:632)
	at com.kms.katalon.core.main.TestCaseExecutor.internallyRunMethods(TestCaseExecutor.java:617)
	at com.kms.katalon.core.main.TestCaseExecutor.processSetupPhase(TestCaseExecutor.java:234)
	at com.kms.katalon.core.main.TestCaseExecutor.accessMainPhase(TestCaseExecutor.java:444)
	at com.kms.katalon.core.main.TestCaseExecutor.execute(TestCaseExecutor.java:322)
	at com.kms.katalon.core.main.TestCaseExecutor.execute(TestCaseExecutor.java:406)
	at com.kms.katalon.core.main.TestCaseExecutor.execute(TestCaseExecutor.java:406)
	at com.kms.katalon.core.main.TestCaseExecutor.execute(TestCaseExecutor.java:406)
	at com.kms.katalon.core.common.CommonExecutor.accessTestCaseMainPhase(CommonExecutor.java:71)
	at com.kms.katalon.core.main.TestSuiteExecutor.accessTestSuiteMainPhase(TestSuiteExecutor.java:160)
	at com.kms.katalon.core.main.TestSuiteExecutor.execute(TestSuiteExecutor.java:107)
	at com.kms.katalon.core.main.TestCaseMain.startTestSuite(TestCaseMain.java:186)
	at TempTestSuite1748067179768.run(TempTestSuite1748067179768.groovy:35)
	at java.base/jdk.internal.reflect.NativeMethodAccessorImpl.invoke0(Native Method)
	at java.base/jdk.internal.reflect.NativeMethodAccessorImpl.invoke(NativeMethodAccessorImpl.java:77)
	at java.base/jdk.internal.reflect.DelegatingMethodAccessorImpl.invoke(DelegatingMethodAccessorImpl.java:43)
Caused by: org.openqa.selenium.SessionNotCreatedException: Could not start a new session. Possible causes are invalid address of the remote server or browser start-up failure. 
Host info: host: '192.168.2.42', ip: 'fe80:0:0:0:c42:36f9:e1ea:46dd%en0'
Build info: version: '4.28.1', revision: '73f5ad48a2'
System info: os.name: 'Mac OS X', os.arch: 'aarch64', os.version: '15.4.1', java.version: '17.0.14'
Driver info: com.kms.katalon.selenium.driver.CRemoteWebDriver
Command: [null, newSession {capabilities=[Capabilities {browserName: chrome, browserVersion: 136, katalon:options: {executionMode: queue, metadata: {accountId: 1470828, channel: kse;v=10.2.0, organizationId: 1959366, projectId: 2117515}, usingTunnel: false}, platformName: windows, proxy: Proxy(direct)}]}]
Capabilities {browserName: chrome, browserVersion: 136, katalon:options: {executionMode: queue, metadata: {accountId: 1470828, channel: kse;v=10.2.0, organizationId: 1959366, projectId: 2117515}, usingTunnel: false}, platformName: windows, proxy: Proxy(direct)}
	at org.openqa.selenium.remote.RemoteWebDriver.execute(RemoteWebDriver.java:563)
	at org.openqa.selenium.remote.RemoteWebDriver.startSession(RemoteWebDriver.java:245)
	at org.openqa.selenium.remote.RemoteWebDriver.<init>(RemoteWebDriver.java:174)
	at com.kms.katalon.selenium.driver.CRemoteWebDriver.<init>(CRemoteWebDriver.java:46)
	at com.kms.katalon.core.webui.driver.remote.GenericRemoteDriverBuilder.build(GenericRemoteDriverBuilder.java:67)
	at com.kms.katalon.core.webui.driver.DriverFactory.startRemoteBrowser(DriverFactory.java:219)
	at com.kms.katalon.core.webui.driver.DriverFactory.openWebDriver(DriverFactory.java:159)
	at com.kms.katalon.core.webui.keyword.builtin.OpenBrowserKeyword$_openBrowser_closure1.doCall(OpenBrowserKeyword.groovy:40)
	at com.kms.katalon.core.webui.keyword.builtin.OpenBrowserKeyword$_openBrowser_closure1.call(OpenBrowserKeyword.groovy)
	at com.kms.katalon.core.webui.keyword.internal.WebUIKeywordMain.runKeyword(WebUIKeywordMain.groovy:35)
	at com.kms.katalon.core.webui.keyword.builtin.OpenBrowserKeyword.openBrowser(OpenBrowserKeyword.groovy:47)
	at com.kms.katalon.core.webui.keyword.builtin.OpenBrowserKeyword.execute(OpenBrowserKeyword.groovy:33)
	at com.kms.katalon.core.keyword.internal.KeywordExecutor.executeKeywordForPlatform(KeywordExecutor.groovy:74)
	at com.kms.katalon.core.webui.keyword.WebUiBuiltInKeywords.openBrowser(WebUiBuiltInKeywords.groovy:62)
	at Script1748055830007.setup(Script1748055830007.groovy:18)
	... 21 more
Caused by: java.io.UncheckedIOException: java.net.ConnectException
	at org.openqa.selenium.remote.http.jdk.JdkHttpClient.execute0(JdkHttpClient.java:497)
	at org.openqa.selenium.remote.http.AddSeleniumUserAgent.lambda$apply$0(AddSeleniumUserAgent.java:42)
	at com.kms.katalon.selenium.filter.SeleniumCreateSessionResponseFilter.lambda$0(SeleniumCreateSessionResponseFilter.java:31)
	at com.kms.katalon.selenium.filter.SeleniumCreateSessionPayloadFilter.lambda$0(SeleniumCreateSessionPayloadFilter.java:73)
	at com.kms.katalon.selenium.filter.SeleniumBasicAuthorizationFilter.lambda$0(SeleniumBasicAuthorizationFilter.java:58)
	at com.kms.katalon.selenium.filter.SeleniumProxyBasicAuthorizationFilter.lambda$0(SeleniumProxyBasicAuthorizationFilter.java:49)
	at org.openqa.selenium.remote.http.Filter.lambda$andFinally$1(Filter.java:55)
	at org.openqa.selenium.remote.http.jdk.JdkHttpClient.lambda$executeAsync$1(JdkHttpClient.java:384)
Caused by: java.net.ConnectException
	at java.net.http/jdk.internal.net.http.HttpClientImpl.send(HttpClientImpl.java:574)
	at java.net.http/jdk.internal.net.http.HttpClientFacade.send(HttpClientFacade.java:123)
	at org.openqa.selenium.remote.http.jdk.JdkHttpClient.execute0(JdkHttpClient.java:456)
	... 7 more
Caused by: java.net.ConnectException
	at java.net.http/jdk.internal.net.http.common.Utils.toConnectException(Utils.java:1083)
	at java.net.http/jdk.internal.net.http.PlainHttpConnection.connectAsync(PlainHttpConnection.java:198)
	at java.net.http/jdk.internal.net.http.AsyncSSLConnection.connectAsync(AsyncSSLConnection.java:56)
	at java.net.http/jdk.internal.net.http.Http2Connection.createAsync(Http2Connection.java:443)
	at java.net.http/jdk.internal.net.http.Http2ClientImpl.getConnectionFor(Http2ClientImpl.java:131)
	at java.net.http/jdk.internal.net.http.ExchangeImpl.get(ExchangeImpl.java:93)
	at java.net.http/jdk.internal.net.http.Exchange.establishExchange(Exchange.java:349)
	at java.net.http/jdk.internal.net.http.Exchange.responseAsyncImpl0(Exchange.java:542)
	at java.net.http/jdk.internal.net.http.Exchange.responseAsyncImpl(Exchange.java:386)
	at java.net.http/jdk.internal.net.http.Exchange.responseAsync(Exchange.java:378)
	at java.net.http/jdk.internal.net.http.MultiExchange.responseAsyncImpl(MultiExchange.java:408)
	at java.net.http/jdk.internal.net.http.MultiExchange.lambda$responseAsyncImpl$7(MultiExchange.java:449)
	at java.net.http/jdk.internal.net.http.MultiExchange.responseAsyncImpl(MultiExchange.java:439)
	at java.net.http/jdk.internal.net.http.MultiExchange.lambda$responseAsync0$2(MultiExchange.java:341)
	at java.net.http/jdk.internal.net.http.HttpClientImpl$DelegatingExecutor.execute(HttpClientImpl.java:158)
	at java.net.http/jdk.internal.net.http.MultiExchange.responseAsync(MultiExchange.java:294)
	at java.net.http/jdk.internal.net.http.HttpClientImpl.sendAsync(HttpClientImpl.java:659)
	at java.net.http/jdk.internal.net.http.HttpClientImpl.send(HttpClientImpl.java:553)
	... 9 more
Caused by: java.nio.channels.UnresolvedAddressException
	at java.net.http/jdk.internal.net.http.PlainHttpConnection.lambda$connectAsync$0(PlainHttpConnection.java:183)
	at java.net.http/jdk.internal.net.http.PlainHttpConnection.connectAsync(PlainHttpConnection.java:185)
	... 25 more
)

24-05-2025T13:25:35 - [MESSAGE][INFO] - User set preference: ['browserVersion', '136']

24-05-2025T13:25:35 - [MESSAGE][INFO] - User set preference: ['browserName', 'chrome']

24-05-2025T13:25:35 - [MESSAGE][INFO] - User set preference: ['platformName', 'windows']

24-05-2025T13:25:35 - [MESSAGE][INFO] - User set preference: ['katalon:options', '{metadata={organizationId=1959366, accountId=1470828, channel=kse;v=10.2.0, projectId=2117515}, executionMode=queue, usingTunnel=false}']

24-05-2025T13:25:35 - [MESSAGE][INFO] - Connecting to remote web server 'testcloud.katalon.com/hub' with type 'Selenium'

24-05-2025T13:25:35 - [MESSAGE][INFO] - Action delay is set to 0 milliseconds

24-05-2025T13:25:35 - [MESSAGE][FAILED] - Unable to open browser with url: '' (Root cause: com.kms.katalon.core.exception.StepFailedException: Unable to open browser with url: ''
	at com.kms.katalon.core.webui.keyword.internal.WebUIKeywordMain.stepFailed(WebUIKeywordMain.groovy:117)
	at com.kms.katalon.core.webui.keyword.internal.WebUIKeywordMain.runKeyword(WebUIKeywordMain.groovy:43)
	at com.kms.katalon.core.webui.keyword.builtin.OpenBrowserKeyword.openBrowser(OpenBrowserKeyword.groovy:47)
	at com.kms.katalon.core.webui.keyword.builtin.OpenBrowserKeyword.execute(OpenBrowserKeyword.groovy:33)
[...]
	at org.openqa.selenium.remote.http.Filter.lambda$andFinally$1(Filter.java:55)
	at org.openqa.selenium.remote.http.jdk.JdkHttpClient.lambda$executeAsync$1(JdkHttpClient.java:384)
Caused by: java.net.ConnectException
	at java.net.http/jdk.internal.net.http.HttpClientImpl.send(HttpClientImpl.java:574)
	at java.net.http/jdk.internal.net.http.HttpClientFacade.send(HttpClientFacade.java:123)
	at org.openqa.selenium.remote.http.jdk.JdkHttpClient.execute0(JdkHttpClient.java:456)
	... 7 more
Caused by: java.net.ConnectException
	at java.net.http/jdk.internal.net.http.common.Utils.toConnectException(Utils.java:1083)
	at java.net.http/jdk.internal.net.http.PlainHttpConnection.connectAsync(PlainHttpConnection.java:198)
	at java.net.http/jdk.internal.net.http.AsyncSSLConnection.connectAsync(AsyncSSLConnection.java:56)
	at java.net.http/jdk.internal.net.http.Http2Connection.createAsync(Http2Connection.java:443)
	at java.net.http/jdk.internal.net.http.Http2ClientImpl.getConnectionFor(Http2ClientImpl.java:131)
	at java.net.http/jdk.internal.net.http.ExchangeImpl.get(ExchangeImpl.java:93)
	at java.net.http/jdk.internal.net.http.Exchange.establishExchange(Exchange.java:349)
	at java.net.http/jdk.internal.net.http.Exchange.responseAsyncImpl0(Exchange.java:542)
	at java.net.http/jdk.internal.net.http.Exchange.responseAsyncImpl(Exchange.java:386)
	at java.net.http/jdk.internal.net.http.Exchange.responseAsync(Exchange.java:378)
	at java.net.http/jdk.internal.net.http.MultiExchange.responseAsyncImpl(MultiExchange.java:408)
	at java.net.http/jdk.internal.net.http.MultiExchange.lambda$responseAsyncImpl$7(MultiExchange.java:449)
	at java.net.http/jdk.internal.net.http.MultiExchange.responseAsyncImpl(MultiExchange.java:439)
	at java.net.http/jdk.internal.net.http.MultiExchange.lambda$responseAsync0$2(MultiExchange.java:341)
	at java.net.http/jdk.internal.net.http.HttpClientImpl$DelegatingExecutor.execute(HttpClientImpl.java:158)
	at java.net.http/jdk.internal.net.http.MultiExchange.responseAsync(MultiExchange.java:294)
	at java.net.http/jdk.internal.net.http.HttpClientImpl.sendAsync(HttpClientImpl.java:659)
	at java.net.http/jdk.internal.net.http.HttpClientImpl.send(HttpClientImpl.java:553)
	... 9 more
Caused by: java.nio.channels.UnresolvedAddressException
	at java.net.http/jdk.internal.net.http.PlainHttpConnection.lambda$connectAsync$0(PlainHttpConnection.java:183)
	at java.net.http/jdk.internal.net.http.PlainHttpConnection.connectAsync(PlainHttpConnection.java:185)
	... 25 more
)

24-05-2025T13:25:48 - [MESSAGE][INFO] - User set preference: ['browserVersion', '136']

24-05-2025T13:25:48 - [MESSAGE][INFO] - User set preference: ['browserName', 'chrome']

24-05-2025T13:25:48 - [MESSAGE][INFO] - User set preference: ['platformName', 'windows']

24-05-2025T13:25:48 - [MESSAGE][INFO] - User set preference: ['katalon:options', '{metadata={organizationId=1959366, accountId=1470828, channel=kse;v=10.2.0, projectId=2117515}, executionMode=queue, usingTunnel=false}']

24-05-2025T13:25:48 - [MESSAGE][INFO] - Connecting to remote web server 'testcloud.katalon.com/hub' with type 'Selenium'

24-05-2025T13:25:48 - [MESSAGE][INFO] - Action delay is set to 0 milliseconds

24-05-2025T13:25:48 - [MESSAGE][FAILED] - Unable to open browser with url: '' (Root cause: com.kms.katalon.core.exception.StepFailedException: Unable to open browser with url: ''
	at com.kms.katalon.core.webui.keyword.internal.WebUIKeywordMain.stepFailed(WebUIKeywordMain.groovy:117)
	at com.kms.katalon.core.webui.keyword.internal.WebUIKeywordMain.runKeyword(WebUIKeywordMain.groovy:43)
	at com.kms.katalon.core.webui.keyword.builtin.OpenBrowserKeyword.openBrowser(OpenBrowserKeyword.groovy:47)
	at com.kms.katalon.core.webui.keyword.builtin.OpenBrowserKeyword.execute(OpenBrowserKeyword.groovy:33)
	at com.kms.katalon.core.keyword.internal.KeywordExecutor.executeKeywordForPlatform(KeywordExecutor.groovy:74)
	at com.kms.katalon.core.webui.keyword.WebUiBuiltInKeywords.openBrowser(WebUiBuiltInKeywords.groovy:62)
	at Script1748055829565.setup(Script1748055829565.groovy:18)
	at java.base/jdk.internal.reflect.NativeMethodAccessorImpl.invoke0(Native Method)
	at java.base/jdk.internal.reflect.NativeMethodAccessorImpl.invoke(NativeMethodAccessorImpl.java:77)
	at java.base/jdk.internal.reflect.DelegatingMethodAccessorImpl.invoke(DelegatingMethodAccessorImpl.java:43)
	at com.kms.katalon.core.main.ScriptEngine.runScriptMethodAsRawText(ScriptEngine.java:133)
	at com.kms.katalon.core.main.TestCaseExecutor.runMethod(TestCaseExecutor.java:493)
	at com.kms.katalon.core.main.TestCaseExecutor.runMethod(TestCaseExecutor.java:632)
	at com.kms.katalon.core.main.TestCaseExecutor.internallyRunMethods(TestCaseExecutor.java:617)
	at com.kms.katalon.core.main.TestCaseExecutor.processSetupPhase(TestCaseExecutor.java:234)
	at com.kms.katalon.core.main.TestCaseExecutor.accessMainPhase(TestCaseExecutor.java:444)
	at com.kms.katalon.core.main.TestCaseExecutor.execute(TestCaseExecutor.java:322)
	at com.kms.katalon.core.main.TestCaseExecutor.execute(TestCaseExecutor.java:406)
	at com.kms.katalon.core.main.TestCaseExecutor.execute(TestCaseExecutor.java:406)
	at com.kms.katalon.core.main.TestCaseExecutor.execute(TestCaseExecutor.java:406)
	at com.kms.katalon.core.common.CommonExecutor.accessTestCaseMainPhase(CommonExecutor.java:71)
	at com.kms.katalon.core.main.TestSuiteExecutor.accessTestSuiteMainPhase(TestSuiteExecutor.java:160)
	at com.kms.katalon.core.main.TestSuiteExecutor.execute(TestSuiteExecutor.java:107)
	at com.kms.katalon.core.main.TestCaseMain.startTestSuite(TestCaseMain.java:186)
	at TempTestSuite1748067179768.run(TempTestSuite1748067179768.groovy:35)
	at java.base/jdk.internal.reflect.NativeMethodAccessorImpl.invoke0(Native Method)
	at java.base/jdk.internal.reflect.NativeMethodAccessorImpl.invoke(NativeMethodAccessorImpl.java:77)
	at java.base/jdk.internal.reflect.DelegatingMethodAccessorImpl.invoke(DelegatingMethodAccessorImpl.java:43)
Caused by: org.openqa.selenium.SessionNotCreatedException: Could not start a new session. Possible causes are invalid address of the remote server or browser start-up failure. 
Host info: host: '192.168.2.42', ip: 'fe80:0:0:0:c42:36f9:e1ea:46dd%en0'
Build info: version: '4.28.1', revision: '73f5ad48a2'
System info: os.name: 'Mac OS X', os.arch: 'aarch64', os.version: '15.4.1', java.version: '17.0.14'
Driver info: com.kms.katalon.selenium.driver.CRemoteWebDriver
Command: [null, newSession {capabilities=[Capabilities {browserName: chrome, browserVersion: 136, katalon:options: {executionMode: queue, metadata: {accountId: 1470828, channel: kse;v=10.2.0, organizationId: 1959366, projectId: 2117515}, usingTunnel: false}, platformName: windows, proxy: Proxy(direct)}]}]
Capabilities {browserName: chrome, browserVersion: 136, katalon:options: {executionMode: queue, metadata: {accountId: 1470828, channel: kse;v=10.2.0, organizationId: 1959366, projectId: 2117515}, usingTunnel: false}, platformName: windows, proxy: Proxy(direct)}
	at org.openqa.selenium.remote.RemoteWebDriver.execute(RemoteWebDriver.java:563)
	at org.openqa.selenium.remote.RemoteWebDriver.startSession(RemoteWebDriver.java:245)
	at org.openqa.selenium.remote.RemoteWebDriver.<init>(RemoteWebDriver.java:174)
	at com.kms.katalon.selenium.driver.CRemoteWebDriver.<init>(CRemoteWebDriver.java:46)
	at com.kms.katalon.core.webui.driver.remote.GenericRemoteDriverBuilder.build(GenericRemoteDriverBuilder.java:67)
	at com.kms.katalon.core.webui.driver.DriverFactory.startRemoteBrowser(DriverFactory.java:219)
	at com.kms.katalon.core.webui.driver.DriverFactory.openWebDriver(DriverFactory.java:159)
	at com.kms.katalon.core.webui.keyword.builtin.OpenBrowserKeyword$_openBrowser_closure1.doCall(OpenBrowserKeyword.groovy:40)
	at com.kms.katalon.core.webui.keyword.builtin.OpenBrowserKeyword$_openBrowser_closure1.call(OpenBrowserKeyword.groovy)
	at com.kms.katalon.core.webui.keyword.internal.WebUIKeywordMain.runKeyword(WebUIKeywordMain.groovy:35)
	... 26 more
Caused by: java.io.UncheckedIOException: java.net.ConnectException
	at org.openqa.selenium.remote.http.jdk.JdkHttpClient.execute0(JdkHttpClient.java:497)
	at org.openqa.selenium.remote.http.AddSeleniumUserAgent.lambda$apply$0(AddSeleniumUserAgent.java:42)
	at com.kms.katalon.selenium.filter.SeleniumCreateSessionResponseFilter.lambda$0(SeleniumCreateSessionResponseFilter.java:31)
	at com.kms.katalon.selenium.filter.SeleniumCreateSessionPayloadFilter.lambda$0(SeleniumCreateSessionPayloadFilter.java:73)
	at com.kms.katalon.selenium.filter.SeleniumBasicAuthorizationFilter.lambda$0(SeleniumBasicAuthorizationFilter.java:58)
	at com.kms.katalon.selenium.filter.SeleniumProxyBasicAuthorizationFilter.lambda$0(SeleniumProxyBasicAuthorizationFilter.java:49)
	at org.openqa.selenium.remote.http.Filter.lambda$andFinally$1(Filter.java:55)
	at org.openqa.selenium.remote.http.jdk.JdkHttpClient.lambda$executeAsync$1(JdkHttpClient.java:384)
Caused by: java.net.ConnectException
	at java.net.http/jdk.internal.net.http.HttpClientImpl.send(HttpClientImpl.java:574)
	at java.net.http/jdk.internal.net.http.HttpClientFacade.send(HttpClientFacade.java:123)
	at org.openqa.selenium.remote.http.jdk.JdkHttpClient.execute0(JdkHttpClient.java:456)
	... 7 more
Caused by: java.net.ConnectException
	at java.net.http/jdk.internal.net.http.common.Utils.toConnectException(Utils.java:1083)
	at java.net.http/jdk.internal.net.http.PlainHttpConnection.connectAsync(PlainHttpConnection.java:198)
	at java.net.http/jdk.internal.net.http.AsyncSSLConnection.connectAsync(AsyncSSLConnection.java:56)
	at java.net.http/jdk.internal.net.http.Http2Connection.createAsync(Http2Connection.java:443)
	at java.net.http/jdk.internal.net.http.Http2ClientImpl.getConnectionFor(Http2ClientImpl.java:131)
	at java.net.http/jdk.internal.net.http.ExchangeImpl.get(ExchangeImpl.java:93)
	at java.net.http/jdk.internal.net.http.Exchange.establishExchange(Exchange.java:349)
	at java.net.http/jdk.internal.net.http.Exchange.responseAsyncImpl0(Exchange.java:542)
	at java.net.http/jdk.internal.net.http.Exchange.responseAsyncImpl(Exchange.java:386)
	at java.net.http/jdk.internal.net.http.Exchange.responseAsync(Exchange.java:378)
	at java.net.http/jdk.internal.net.http.MultiExchange.responseAsyncImpl(MultiExchange.java:408)
	at java.net.http/jdk.internal.net.http.MultiExchange.lambda$responseAsyncImpl$7(MultiExchange.java:449)
	at java.net.http/jdk.internal.net.http.MultiExchange.responseAsyncImpl(MultiExchange.java:439)
	at java.net.http/jdk.internal.net.http.MultiExchange.lambda$responseAsync0$2(MultiExchange.java:341)
	at java.net.http/jdk.internal.net.http.HttpClientImpl$DelegatingExecutor.execute(HttpClientImpl.java:158)
	at java.net.http/jdk.internal.net.http.MultiExchange.responseAsync(MultiExchange.java:294)
	at java.net.http/jdk.internal.net.http.HttpClientImpl.sendAsync(HttpClientImpl.java:659)
	at java.net.http/jdk.internal.net.http.HttpClientImpl.send(HttpClientImpl.java:553)
	... 9 more
Caused by: java.nio.channels.UnresolvedAddressException
	at java.net.http/jdk.internal.net.http.PlainHttpConnection.lambda$connectAsync$0(PlainHttpConnection.java:183)
	at java.net.http/jdk.internal.net.http.PlainHttpConnection.connectAsync(PlainHttpConnection.java:185)
	... 25 more
)

24-05-2025T13:25:48 - [MESSAGE][ERROR] - Error occurred when try to run method 'setup' (Root cause: com.kms.katalon.core.exception.StepFailedException - com.kms.katalon.core.exception.StepFailedException: Unable to open browser with url: '')

24-05-2025T13:25:49 - [TEST_STEP][PASSED] - Start tear down : teardown: Method 'teardown' complete successfully

24-05-2025T13:25:49 - [TEST_STEP][PASSED] - closeBrowser(): Browser is closed

24-05-2025T13:25:49 - [MESSAGE][PASSED] - Browser is closed

24-05-2025T13:25:49 - [MESSAGE][PASSED] - Method 'teardown' complete successfully]]></system-out>
         <system-err><![CDATA[24-05-2025T13:25:48 - [TEST_CASE][ERROR] - Test Cases/AI-Generated/TC9-Create Public Profiles and Verify Sign In Access: Test Cases/AI-Generated/TC9-Create Public Profiles and Verify Sign In Access has ERROR(s).
Reason:
com.kms.katalon.core.exception.StepFailedException: Unable to open browser with url: '']]></system-err>
      </testcase>
      <system-out><![CDATA[24-05-2025T13:13:02 - [TEST_SUITE][FAILED] - Regression Test: Test Cases/AI-Generated/TC13-Create Public Profiles and Verify Home Page After Sign In FAILED.
Reason:
com.kms.katalon.core.exception.StepFailedException: Unable to click on object 'Object Repository/AI-Generated/Page_signup/button_signUpWithGoogle'
	at com.kms.katalon.core.webui.keyword.internal.WebUIKeywordMain.stepFailed(WebUIKeywordMain.groovy:117)
	at com.kms.katalon.core.webui.keyword.internal.WebUIKeywordMain.runKeyword(WebUIKeywordMain.groovy:43)
	at com.kms.katalon.core.webui.keyword.builtin.EnhancedClickKeyword.click(EnhancedClickKeyword.groovy:93)
	at com.kms.katalon.core.webui.keyword.builtin.EnhancedClickKeyword.execute(EnhancedClickKeyword.groovy:41)
	at com.kms.katalon.core.keyword.internal.KeywordExecutor.executeKeywordForPlatform(KeywordExecutor.groovy:74)
	at com.kms.katalon.core.webui.keyword.WebUiBuiltInKeywords.enhancedClick(WebUiBuiltInKeywords.groovy:722)
	at truetest.common.signUpWithGoogleMultipleTimes.execute_functional_method(signUpWithGoogleMultipleTimes.groovy:15)
	at truetest.common.signUpWithGoogleMultipleTimes.execute_without_data_source(signUpWithGoogleMultipleTimes.groovy:96)
	at truetest.common.signUpWithGoogleMultipleTimes.execute(signUpWithGoogleMultipleTimes.groovy:103)
	at truetest.common.signUpWithGoogleMultipleTimes.execute(signUpWithGoogleMultipleTimes.groovy)
	at TC13-Create Public Profiles and Verify Home Page After Sign In.run(TC13-Create Public Profiles and Verify Home Page After Sign In:60)
	at com.kms.katalon.core.main.ScriptEngine.run(ScriptEngine.java:194)
	at com.kms.katalon.core.main.ScriptEngine.runScriptAsRawText(ScriptEngine.java:119)
	at com.kms.katalon.core.main.TestCaseExecutor.runScript(TestCaseExecutor.java:486)
	at com.kms.katalon.core.main.TestCaseExecutor.doExecute(TestCaseExecutor.java:477)
	at com.kms.katalon.core.main.TestCaseExecutor.processExecutionPhase(TestCaseExecutor.java:456)
	at com.kms.katalon.core.main.TestCaseExecutor.accessMainPhase(TestCaseExecutor.java:448)
	at com.kms.katalon.core.main.TestCaseExecutor.execute(TestCaseExecutor.java:322)
	at com.kms.katalon.core.common.CommonExecutor.accessTestCaseMainPhase(CommonExecutor.java:71)
	at com.kms.katalon.core.main.TestSuiteExecutor.accessTestSuiteMainPhase(TestSuiteExecutor.java:160)
	at com.kms.katalon.core.main.TestSuiteExecutor.execute(TestSuiteExecutor.java:107)
	at com.kms.katalon.core.main.TestCaseMain.startTestSuite(TestCaseMain.java:186)
	at TempTestSuite1748067179768.run(TempTestSuite1748067179768.groovy:35)
	at java.base/jdk.internal.reflect.NativeMethodAccessorImpl.invoke0(Native Method)
	at java.base/jdk.internal.reflect.NativeMethodAccessorImpl.invoke(NativeMethodAccessorImpl.java:77)
	at java.base/jdk.internal.reflect.DelegatingMethodAccessorImpl.invoke(DelegatingMethodAccessorImpl.java:43)
Caused by: com.kms.katalon.core.webui.exception.WebElementNotFoundException: Web element with id: 'Object Repository/AI-Generated/Page_signup/button_signUpWithGoogle' located by 'button >> internal:text=\"\u0110\u0103ng k\u00fd v\u1edbi Google\"s' not found
	at com.kms.katalon.core.webui.common.WebUiCommonHelper.findWebElement(WebUiCommonHelper.java:1457)
	at com.kms.katalon.core.webui.keyword.internal.WebUIAbstractKeyword.findWebElement(WebUIAbstractKeyword.groovy:27)
	at com.kms.katalon.core.webui.keyword.internal.WebUIAbstractKeyword.findWebElement(WebUIAbstractKeyword.groovy:26)
	at com.kms.katalon.core.webui.keyword.builtin.EnhancedClickKeyword$_click_closure1.doCall(EnhancedClickKeyword.groovy:65)
	at com.kms.katalon.core.webui.keyword.builtin.EnhancedClickKeyword$_click_closure1.call(EnhancedClickKeyword.groovy)
	at com.kms.katalon.core.webui.keyword.internal.WebUIKeywordMain.runKeyword(WebUIKeywordMain.groovy:35)
	... 24 more]]></system-out>
      <system-err><![CDATA[24-05-2025T13:13:02 - [TEST_SUITE][FAILED] - Regression Test: Test Cases/AI-Generated/TC13-Create Public Profiles and Verify Home Page After Sign In FAILED.
Reason:
com.kms.katalon.core.exception.StepFailedException: Unable to click on object 'Object Repository/AI-Generated/Page_signup/button_signUpWithGoogle'
	at com.kms.katalon.core.webui.keyword.internal.WebUIKeywordMain.stepFailed(WebUIKeywordMain.groovy:117)
	at com.kms.katalon.core.webui.keyword.internal.WebUIKeywordMain.runKeyword(WebUIKeywordMain.groovy:43)
	at com.kms.katalon.core.webui.keyword.builtin.EnhancedClickKeyword.click(EnhancedClickKeyword.groovy:93)
	at com.kms.katalon.core.webui.keyword.builtin.EnhancedClickKeyword.execute(EnhancedClickKeyword.groovy:41)
	at com.kms.katalon.core.keyword.internal.KeywordExecutor.executeKeywordForPlatform(KeywordExecutor.groovy:74)
	at com.kms.katalon.core.webui.keyword.WebUiBuiltInKeywords.enhancedClick(WebUiBuiltInKeywords.groovy:722)
	at truetest.common.signUpWithGoogleMultipleTimes.execute_functional_method(signUpWithGoogleMultipleTimes.groovy:15)
	at truetest.common.signUpWithGoogleMultipleTimes.execute_without_data_source(signUpWithGoogleMultipleTimes.groovy:96)
	at truetest.common.signUpWithGoogleMultipleTimes.execute(signUpWithGoogleMultipleTimes.groovy:103)
	at truetest.common.signUpWithGoogleMultipleTimes.execute(signUpWithGoogleMultipleTimes.groovy)
	at TC13-Create Public Profiles and Verify Home Page After Sign In.run(TC13-Create Public Profiles and Verify Home Page After Sign In:60)
	at com.kms.katalon.core.main.ScriptEngine.run(ScriptEngine.java:194)
	at com.kms.katalon.core.main.ScriptEngine.runScriptAsRawText(ScriptEngine.java:119)
	at com.kms.katalon.core.main.TestCaseExecutor.runScript(TestCaseExecutor.java:486)
	at com.kms.katalon.core.main.TestCaseExecutor.doExecute(TestCaseExecutor.java:477)
	at com.kms.katalon.core.main.TestCaseExecutor.processExecutionPhase(TestCaseExecutor.java:456)
	at com.kms.katalon.core.main.TestCaseExecutor.accessMainPhase(TestCaseExecutor.java:448)
	at com.kms.katalon.core.main.TestCaseExecutor.execute(TestCaseExecutor.java:322)
	at com.kms.katalon.core.common.CommonExecutor.accessTestCaseMainPhase(CommonExecutor.java:71)
	at com.kms.katalon.core.main.TestSuiteExecutor.accessTestSuiteMainPhase(TestSuiteExecutor.java:160)
	at com.kms.katalon.core.main.TestSuiteExecutor.execute(TestSuiteExecutor.java:107)
	at com.kms.katalon.core.main.TestCaseMain.startTestSuite(TestCaseMain.java:186)
	at TempTestSuite1748067179768.run(TempTestSuite1748067179768.groovy:35)
	at java.base/jdk.internal.reflect.NativeMethodAccessorImpl.invoke0(Native Method)
	at java.base/jdk.internal.reflect.NativeMethodAccessorImpl.invoke(NativeMethodAccessorImpl.java:77)
	at java.base/jdk.internal.reflect.DelegatingMethodAccessorImpl.invoke(DelegatingMethodAccessorImpl.java:43)
Caused by: com.kms.katalon.core.webui.exception.WebElementNotFoundException: Web element with id: 'Object Repository/AI-Generated/Page_signup/button_signUpWithGoogle' located by 'button >> internal:text=\"\u0110\u0103ng k\u00fd v\u1edbi Google\"s' not found
	at com.kms.katalon.core.webui.common.WebUiCommonHelper.findWebElement(WebUiCommonHelper.java:1457)
	at com.kms.katalon.core.webui.keyword.internal.WebUIAbstractKeyword.findWebElement(WebUIAbstractKeyword.groovy:27)
	at com.kms.katalon.core.webui.keyword.internal.WebUIAbstractKeyword.findWebElement(WebUIAbstractKeyword.groovy:26)
	at com.kms.katalon.core.webui.keyword.builtin.EnhancedClickKeyword$_click_closure1.doCall(EnhancedClickKeyword.groovy:65)
	at com.kms.katalon.core.webui.keyword.builtin.EnhancedClickKeyword$_click_closure1.call(EnhancedClickKeyword.groovy)
	at com.kms.katalon.core.webui.keyword.internal.WebUIKeywordMain.runKeyword(WebUIKeywordMain.groovy:35)
	... 24 more]]></system-err>
   </testsuite>
</testsuites>
