<?xml version="1.0" encoding="UTF-8"?>
<testsuites name="Regression Test" time="1912.089" tests="30" failures="1" errors="23">
   <testsuite name="Regression Test" tests="30" failures="1" errors="23" time="1912.089" skipped="0" timestamp="24-05-2025T10:20:22" hostname="phuc.truong - localhost" id="Test Suites/Regression Test">
      <properties>
[...]
</properties>
      <testcase name="Test Cases/AI-Generated/TC1-Create Multiple Public Profiles and Verify Home Page Access" time="128.496" classname="Test Cases/AI-Generated/TC1-Create Multiple Public Profiles and Verify Home Page Access" status="PASSED">
         <system-out><![CDATA[24-05-2025T10:20:22 - [TEST_CASE][PASSED] - Test Cases/AI-Generated/TC1-Create Multiple Public Profiles and Verify Home Page Access: Test Cases/AI-Generated/TC1-Create Multiple Public Profiles and Verify Home Page Access

24-05-2025T10:20:22 - [TEST_STEP][PASSED] - Start setup action : setup: Method 'setup' complete successfully

24-05-2025T10:20:22 - [TEST_STEP][PASSED] - openBrowser(""): Browser is opened with url: ''

24-05-2025T10:20:22 - [MESSAGE][INFO] - User set preference: ['browserVersion', '136']

24-05-2025T10:20:22 - [MESSAGE][INFO] - User set preference: ['browserName', 'chrome']

24-05-2025T10:20:22 - [MESSAGE][INFO] - User set preference: ['platformName', 'windows']

24-05-2025T10:20:22 - [MESSAGE][INFO] - User set preference: ['katalon:options', '{metadata={organizationId=1959366, accountId=1470828, channel=kse;v=10.2.0, projectId=2117515}, executionMode=queue, usingTunnel=false}']

24-05-2025T10:20:22 - [MESSAGE][INFO] - Connecting to remote web server 'testcloud.katalon.com/hub' with type 'Selenium'

24-05-2025T10:20:22 - [MESSAGE][INFO] - Action delay is set to 0 milliseconds

24-05-2025T10:20:41 - [MESSAGE][WARNING] - Your browser version or type does not support the BiDirectional WebDriver Protocol which is required for Smart Locator functionality. Please update your browser or switch to a compatible one.

24-05-2025T10:20:41 - [MESSAGE][WARNING] - Your browser version or type does not support the BiDirectional WebDriver Protocol which is required for Smart Locator functionality. Please update your browser or switch to a compatible one.

24-05-2025T10:20:41 - [MESSAGE][WARNING] - Your browser version or type does not support the BiDirectional WebDriver Protocol which is required for Smart Locator functionality. Please update your browser or switch to a compatible one.

24-05-2025T10:20:42 - [MESSAGE][PASSED] - Browser is opened with url: ''

24-05-2025T10:20:42 - [TEST_STEP][WARNING] - setViewPortSize(1920, 1080): Viewport size mismatch (1916x1916).

24-05-2025T10:20:47 - [MESSAGE][INFO] - Viewport size mismatch (1,916x945). Trying to set it again.

24-05-2025T10:20:58 - [MESSAGE][WARNING] - Viewport size mismatch (1916x1916).

24-05-2025T10:20:58 - [MESSAGE][PASSED] - Method 'setup' complete successfully

24-05-2025T10:20:58 - [TEST_STEP][PASSED] - reportLocation = getReportFolder(): null

24-05-2025T10:20:58 - [TEST_STEP][PASSED] - "Initialize test session: Open browser and set view port": null

24-05-2025T10:20:58 - [TEST_STEP][PASSED] - TrueTestScripts.navigate("/"): Delayed 3 second(s)

24-05-2025T10:21:00 - [MESSAGE][PASSED] - Navigate to 'https://trustify.works/' successfully

24-05-2025T10:21:03 - [MESSAGE][PASSED] - Delayed 3 second(s)

24-05-2025T10:21:03 - [TEST_STEP][PASSED] - createMultiplePublicProfiles.execute(): Object: 'Object Repository/AI-Generated/Page_home/button_createPublicProfile2' is clicked on

24-05-2025T10:21:04 - [MESSAGE][PASSED] - Object: 'Object Repository/AI-Generated/Page_home/button_createPublicProfile2' is clicked on

24-05-2025T10:21:06 - [MESSAGE][PASSED] - Object: 'Object Repository/AI-Generated/Page_home/button_createPublicProfile2' is clicked on

24-05-2025T10:21:09 - [MESSAGE][PASSED] - Object: 'Object Repository/AI-Generated/Page_home/button_createPublicProfile2' is clicked on

24-05-2025T10:21:10 - [MESSAGE][PASSED] - Object: 'Object Repository/AI-Generated/Page_home/button_createPublicProfile2' is clicked on

24-05-2025T10:21:12 - [MESSAGE][PASSED] - Object: 'Object Repository/AI-Generated/Page_home/button_createPublicProfile2' is clicked on

24-05-2025T10:21:13 - [MESSAGE][PASSED] - Object: 'Object Repository/AI-Generated/Page_home/button_createPublicProfile2' is clicked on

24-05-2025T10:21:15 - [MESSAGE][PASSED] - Object: 'Object Repository/AI-Generated/Page_home/button_createPublicProfile2' is clicked on

24-05-2025T10:21:17 - [MESSAGE][PASSED] - Object: 'Object Repository/AI-Generated/Page_home/button_createPublicProfile2' is clicked on

24-05-2025T10:21:18 - [MESSAGE][PASSED] - Object: 'Object Repository/AI-Generated/Page_home/button_createPublicProfile2' is clicked on

24-05-2025T10:21:19 - [MESSAGE][PASSED] - Object: 'Object Repository/AI-Generated/Page_home/button_createPublicProfile2' is clicked on

24-05-2025T10:21:20 - [MESSAGE][PASSED] - Object: 'Object Repository/AI-Generated/Page_home/button_createPublicProfile2' is clicked on

24-05-2025T10:21:21 - [MESSAGE][PASSED] - Object: 'Object Repository/AI-Generated/Page_home/button_createPublicProfile2' is clicked on

24-05-2025T10:21:22 - [MESSAGE][PASSED] - Object: 'Object Repository/AI-Generated/Page_home/button_createPublicProfile2' is clicked on

24-05-2025T10:21:23 - [MESSAGE][PASSED] - Object: 'Object Repository/AI-Generated/Page_home/button_createPublicProfile2' is clicked on

24-05-2025T10:21:24 - [MESSAGE][PASSED] - Object: 'Object Repository/AI-Generated/Page_home/button_createPublicProfile2' is clicked on

24-05-2025T10:21:25 - [MESSAGE][PASSED] - Object: 'Object Repository/AI-Generated/Page_home/button_createPublicProfile2' is clicked on

24-05-2025T10:21:26 - [MESSAGE][PASSED] - Object: 'Object Repository/AI-Generated/Page_home/button_createPublicProfile2' is clicked on

24-05-2025T10:21:27 - [MESSAGE][PASSED] - Object: 'Object Repository/AI-Generated/Page_home/button_createPublicProfile2' is clicked on

24-05-2025T10:21:27 - [TEST_STEP][PASSED] - enhancedClick(findTestObject("AI-Generated/Page_home/link_login")): Object: 'Object Repository/AI-Generated/Page_home/link_login' is clicked on

24-05-2025T10:21:29 - [MESSAGE][PASSED] - Object: 'Object Repository/AI-Generated/Page_home/link_login' is clicked on

24-05-2025T10:21:29 - [TEST_STEP][PASSED] - takeScreenshot(reportLocation + "/TC1/Step 3-Click on link login - Navigate to page signin.png"): Taking screenshot successfully

24-05-2025T10:21:59 - [MESSAGE][PASSED] - Taking screenshot successfully
[[ATTACHMENT|TC1/Step 3-Click on link login - Navigate to page signin.png]]

24-05-2025T10:21:59 - [TEST_STEP][PASSED] - enhancedClick(findTestObject("AI-Generated/Page_signin/button_signInWithGoogle")): Object: 'Object Repository/AI-Generated/Page_signin/button_signInWithGoogle' is clicked on

24-05-2025T10:22:03 - [MESSAGE][PASSED] - Object: 'Object Repository/AI-Generated/Page_signin/button_signInWithGoogle' is clicked on

24-05-2025T10:22:03 - [TEST_STEP][PASSED] - takeScreenshot(reportLocation + "/TC1/Step 4-Click on button signInWithGoogle - Navigate to page .png"): Taking screenshot successfully

24-05-2025T10:22:10 - [MESSAGE][PASSED] - Taking screenshot successfully
[[ATTACHMENT|TC1/Step 4-Click on button signInWithGoogle - Navigate to page .png]]

24-05-2025T10:22:10 - [TEST_STEP][PASSED] - takeFullPageScreenshotAsCheckpoint("TC1-Create Multiple Public Profiles and Verify Home Page Access_visual_checkpoint"): Taking screenshot successfully

24-05-2025T10:22:26 - [MESSAGE][INFO] - 0 hidden object(s)

24-05-2025T10:22:26 - [MESSAGE][PASSED] - Taking screenshot successfully
[[ATTACHMENT|keyes/keyes-TC1-Create Multiple Public Profiles and Verify Home Page Access_visual_checkpoint.png]]

24-05-2025T10:22:26 - [TEST_STEP][PASSED] - Start tear down : teardown: Method 'teardown' complete successfully

24-05-2025T10:22:26 - [TEST_STEP][PASSED] - closeBrowser(): Browser is closed

24-05-2025T10:22:30 - [MESSAGE][PASSED] - Browser is closed

24-05-2025T10:22:30 - [MESSAGE][PASSED] - Method 'teardown' complete successfully]]></system-out>
         <system-err><![CDATA[]]></system-err>
      </testcase>
      <testcase name="Test Cases/AI-Generated/TC10-Create Public Profiles and Verify Sign In for Service Access" time="128.414" classname="Test Cases/AI-Generated/TC10-Create Public Profiles and Verify Sign In for Service Access" status="PASSED">
         <system-out><![CDATA[24-05-2025T10:27:32 - [TEST_CASE][PASSED] - Test Cases/AI-Generated/TC10-Create Public Profiles and Verify Sign In for Service Access: Test Cases/AI-Generated/TC10-Create Public Profiles and Verify Sign In for Service Access

24-05-2025T10:27:32 - [TEST_STEP][PASSED] - Start setup action : setup: Method 'setup' complete successfully

24-05-2025T10:27:32 - [TEST_STEP][PASSED] - openBrowser(""): Browser is opened with url: ''

24-05-2025T10:27:32 - [MESSAGE][INFO] - User set preference: ['browserVersion', '136']

24-05-2025T10:27:32 - [MESSAGE][INFO] - User set preference: ['browserName', 'chrome']

24-05-2025T10:27:32 - [MESSAGE][INFO] - User set preference: ['platformName', 'windows']

24-05-2025T10:27:32 - [MESSAGE][INFO] - User set preference: ['katalon:options', '{metadata={organizationId=1959366, accountId=1470828, channel=kse;v=10.2.0, projectId=2117515}, executionMode=queue, usingTunnel=false}']

24-05-2025T10:27:32 - [MESSAGE][INFO] - Connecting to remote web server 'testcloud.katalon.com/hub' with type 'Selenium'

24-05-2025T10:27:32 - [MESSAGE][INFO] - Action delay is set to 0 milliseconds

24-05-2025T10:27:50 - [MESSAGE][WARNING] - Your browser version or type does not support the BiDirectional WebDriver Protocol which is required for Smart Locator functionality. Please update your browser or switch to a compatible one.

24-05-2025T10:27:50 - [MESSAGE][WARNING] - Your browser version or type does not support the BiDirectional WebDriver Protocol which is required for Smart Locator functionality. Please update your browser or switch to a compatible one.

24-05-2025T10:27:50 - [MESSAGE][WARNING] - Your browser version or type does not support the BiDirectional WebDriver Protocol which is required for Smart Locator functionality. Please update your browser or switch to a compatible one.

24-05-2025T10:27:51 - [MESSAGE][PASSED] - Browser is opened with url: ''

24-05-2025T10:27:51 - [TEST_STEP][WARNING] - setViewPortSize(1920, 1080): Viewport size mismatch (1916x1916).

24-05-2025T10:27:55 - [MESSAGE][INFO] - Viewport size mismatch (1,916x945). Trying to set it again.

24-05-2025T10:28:04 - [MESSAGE][WARNING] - Viewport size mismatch (1916x1916).

24-05-2025T10:28:04 - [MESSAGE][PASSED] - Method 'setup' complete successfully

24-05-2025T10:28:04 - [TEST_STEP][PASSED] - reportLocation = getReportFolder(): null

24-05-2025T10:28:04 - [TEST_STEP][PASSED] - "Initialize test session: Open browser and set view port": null

24-05-2025T10:28:04 - [TEST_STEP][PASSED] - TrueTestScripts.navigate("/"): Delayed 3 second(s)

24-05-2025T10:28:05 - [MESSAGE][PASSED] - Navigate to 'https://trustify.works/' successfully

24-05-2025T10:28:08 - [MESSAGE][PASSED] - Delayed 3 second(s)

24-05-2025T10:28:08 - [TEST_STEP][PASSED] - createMultiplePublicProfiles.execute(): Object: 'Object Repository/AI-Generated/Page_home/button_createPublicProfile2' is clicked on

24-05-2025T10:28:10 - [MESSAGE][PASSED] - Object: 'Object Repository/AI-Generated/Page_home/button_createPublicProfile2' is clicked on

24-05-2025T10:28:11 - [MESSAGE][PASSED] - Object: 'Object Repository/AI-Generated/Page_home/button_createPublicProfile2' is clicked on

24-05-2025T10:28:12 - [MESSAGE][PASSED] - Object: 'Object Repository/AI-Generated/Page_home/button_createPublicProfile2' is clicked on

24-05-2025T10:28:13 - [MESSAGE][PASSED] - Object: 'Object Repository/AI-Generated/Page_home/button_createPublicProfile2' is clicked on

24-05-2025T10:28:14 - [MESSAGE][PASSED] - Object: 'Object Repository/AI-Generated/Page_home/button_createPublicProfile2' is clicked on

24-05-2025T10:28:15 - [MESSAGE][PASSED] - Object: 'Object Repository/AI-Generated/Page_home/button_createPublicProfile2' is clicked on

24-05-2025T10:28:16 - [MESSAGE][PASSED] - Object: 'Object Repository/AI-Generated/Page_home/button_createPublicProfile2' is clicked on

24-05-2025T10:28:17 - [MESSAGE][PASSED] - Object: 'Object Repository/AI-Generated/Page_home/button_createPublicProfile2' is clicked on

24-05-2025T10:28:18 - [MESSAGE][PASSED] - Object: 'Object Repository/AI-Generated/Page_home/button_createPublicProfile2' is clicked on

24-05-2025T10:28:19 - [MESSAGE][PASSED] - Object: 'Object Repository/AI-Generated/Page_home/button_createPublicProfile2' is clicked on

24-05-2025T10:28:20 - [MESSAGE][PASSED] - Object: 'Object Repository/AI-Generated/Page_home/button_createPublicProfile2' is clicked on

24-05-2025T10:28:21 - [MESSAGE][PASSED] - Object: 'Object Repository/AI-Generated/Page_home/button_createPublicProfile2' is clicked on

24-05-2025T10:28:22 - [MESSAGE][PASSED] - Object: 'Object Repository/AI-Generated/Page_home/button_createPublicProfile2' is clicked on

24-05-2025T10:28:23 - [MESSAGE][PASSED] - Object: 'Object Repository/AI-Generated/Page_home/button_createPublicProfile2' is clicked on

24-05-2025T10:28:24 - [MESSAGE][PASSED] - Object: 'Object Repository/AI-Generated/Page_home/button_createPublicProfile2' is clicked on

24-05-2025T10:28:25 - [MESSAGE][PASSED] - Object: 'Object Repository/AI-Generated/Page_home/button_createPublicProfile2' is clicked on

24-05-2025T10:28:26 - [MESSAGE][PASSED] - Object: 'Object Repository/AI-Generated/Page_home/button_createPublicProfile2' is clicked on

24-05-2025T10:28:27 - [MESSAGE][PASSED] - Object: 'Object Repository/AI-Generated/Page_home/button_createPublicProfile2' is clicked on

24-05-2025T10:28:27 - [TEST_STEP][PASSED] - navigateThroughPublicServiceSteps.execute(): Object: 'Object Repository/AI-Generated/Page_home/span_whatIsPublicService' is clicked on

24-05-2025T10:28:29 - [MESSAGE][PASSED] - Object: 'Object Repository/AI-Generated/Page_home/button_next' is clicked on

24-05-2025T10:28:30 - [MESSAGE][PASSED] - Object: 'Object Repository/AI-Generated/Page_home/button_next' is clicked on

24-05-2025T10:28:31 - [MESSAGE][PASSED] - Object: 'Object Repository/AI-Generated/Page_home/button_next' is clicked on

24-05-2025T10:28:32 - [MESSAGE][PASSED] - Object: 'Object Repository/AI-Generated/Page_home/header_agreementBuySell' is clicked on

24-05-2025T10:28:33 - [MESSAGE][PASSED] - Object: 'Object Repository/AI-Generated/Page_home/span_whatIsPublicService' is clicked on

24-05-2025T10:28:33 - [TEST_STEP][PASSED] - viewPublicServiceInfoAndPolicies.execute(): Object: 'Object Repository/AI-Generated/Page_privacy_policy/span_privacyPolicy' is clicked on

24-05-2025T10:28:34 - [MESSAGE][PASSED] - Object: 'Object Repository/AI-Generated/Page_home/span_publicNotice' is clicked on

24-05-2025T10:28:35 - [MESSAGE][PASSED] - Object: 'Object Repository/AI-Generated/Page_home/span_canPublicServiceSignMultiplePeople' is clicked on

24-05-2025T10:28:36 - [MESSAGE][PASSED] - Object: 'Object Repository/AI-Generated/Page_home/span_price' is clicked on

24-05-2025T10:28:37 - [MESSAGE][PASSED] - Object: 'Object Repository/AI-Generated/Page_pricing/span_securityPolicy' is clicked on

24-05-2025T10:28:38 - [MESSAGE][PASSED] - Object: 'Object Repository/AI-Generated/Page_privacy_policy/span_privacyPolicy' is clicked on

24-05-2025T10:28:39 - [MESSAGE][PASSED] - Object: 'Object Repository/AI-Generated/Page_privacy_policy/span_privacyPolicy' is clicked on

24-05-2025T10:28:39 - [TEST_STEP][PASSED] - viewTermsAndRequestDemo.execute(): Object: 'Object Repository/AI-Generated/Page_for_notary_offices/span_explanation' is clicked on

24-05-2025T10:28:40 - [MESSAGE][PASSED] - Object: 'Object Repository/AI-Generated/Page_privacy_policy/span_termsOfUse' is clicked on

24-05-2025T10:28:41 - [MESSAGE][PASSED] - Object: 'Object Repository/AI-Generated/Page_terms_of_service/span_forVpcc' is clicked on

24-05-2025T10:28:43 - [MESSAGE][PASSED] - Object: 'Object Repository/AI-Generated/Page_for_notary_offices/button_requestDemo' is clicked on

24-05-2025T10:28:44 - [MESSAGE][PASSED] - Object: 'Object Repository/AI-Generated/Page_for_notary_offices/button_downloadFile' is clicked on

24-05-2025T10:28:45 - [MESSAGE][PASSED] - Object: 'Object Repository/AI-Generated/Page_for_notary_offices/button_downloadFile' is clicked on

24-05-2025T10:28:46 - [MESSAGE][PASSED] - Object: 'Object Repository/AI-Generated/Page_for_notary_offices/button_requestDemo' is clicked on

24-05-2025T10:28:47 - [MESSAGE][PASSED] - Object: 'Object Repository/AI-Generated/Page_for_notary_offices/span_explanation' is clicked on

24-05-2025T10:28:47 - [TEST_STEP][PASSED] - enhancedClick(findTestObject("AI-Generated/Page_dispute_resolution/button_linkedIn")): Object: 'Object Repository/AI-Generated/Page_dispute_resolution/button_linkedIn' is clicked on

24-05-2025T10:28:48 - [MESSAGE][PASSED] - Object: 'Object Repository/AI-Generated/Page_dispute_resolution/button_linkedIn' is clicked on

24-05-2025T10:28:48 - [TEST_STEP][PASSED] - takeScreenshot(reportLocation + "/TC10/Step 6-Click on button linkedIn - Navigate to page signin.png"): Taking screenshot successfully

24-05-2025T10:28:54 - [MESSAGE][PASSED] - Taking screenshot successfully
[[ATTACHMENT|TC10/Step 6-Click on button linkedIn - Navigate to page signin.png]]

24-05-2025T10:28:54 - [TEST_STEP][PASSED] - takeFullPageScreenshotAsCheckpoint("TC10-Create Public Profiles and Verify Sign In for Service Access_visual_checkpoint"): Taking screenshot successfully

24-05-2025T10:29:39 - [MESSAGE][INFO] - 0 hidden object(s)

24-05-2025T10:29:39 - [MESSAGE][PASSED] - Taking screenshot successfully
[[ATTACHMENT|keyes/keyes-TC10-Create Public Profiles and Verify Sign In for Service Access_visual_checkpoint.png]]

24-05-2025T10:29:39 - [TEST_STEP][PASSED] - Start tear down : teardown: Method 'teardown' complete successfully

24-05-2025T10:29:39 - [TEST_STEP][PASSED] - closeBrowser(): Browser is closed

24-05-2025T10:29:40 - [MESSAGE][PASSED] - Browser is closed

24-05-2025T10:29:40 - [MESSAGE][PASSED] - Method 'teardown' complete successfully]]></system-out>
         <system-err><![CDATA[]]></system-err>
      </testcase>
      <testcase name="Test Cases/AI-Generated/TC11-Navigate to Lookup Page and Verify Access" time="95.907" classname="Test Cases/AI-Generated/TC11-Navigate to Lookup Page and Verify Access" status="PASSED">
         <system-out><![CDATA[24-05-2025T10:29:40 - [TEST_CASE][PASSED] - Test Cases/AI-Generated/TC11-Navigate to Lookup Page and Verify Access: Test Cases/AI-Generated/TC11-Navigate to Lookup Page and Verify Access

24-05-2025T10:29:40 - [TEST_STEP][PASSED] - Start setup action : setup: Method 'setup' complete successfully

24-05-2025T10:29:40 - [TEST_STEP][PASSED] - openBrowser(""): Browser is opened with url: ''

24-05-2025T10:29:40 - [MESSAGE][INFO] - User set preference: ['browserVersion', '136']

24-05-2025T10:29:40 - [MESSAGE][INFO] - User set preference: ['browserName', 'chrome']

24-05-2025T10:29:40 - [MESSAGE][INFO] - User set preference: ['platformName', 'windows']

24-05-2025T10:29:40 - [MESSAGE][INFO] - User set preference: ['katalon:options', '{metadata={organizationId=1959366, accountId=1470828, channel=kse;v=10.2.0, projectId=2117515}, executionMode=queue, usingTunnel=false}']

24-05-2025T10:29:40 - [MESSAGE][INFO] - Connecting to remote web server 'testcloud.katalon.com/hub' with type 'Selenium'

24-05-2025T10:29:40 - [MESSAGE][INFO] - Action delay is set to 0 milliseconds

24-05-2025T10:30:01 - [MESSAGE][WARNING] - Your browser version or type does not support the BiDirectional WebDriver Protocol which is required for Smart Locator functionality. Please update your browser or switch to a compatible one.

24-05-2025T10:30:01 - [MESSAGE][WARNING] - Your browser version or type does not support the BiDirectional WebDriver Protocol which is required for Smart Locator functionality. Please update your browser or switch to a compatible one.

24-05-2025T10:30:01 - [MESSAGE][WARNING] - Your browser version or type does not support the BiDirectional WebDriver Protocol which is required for Smart Locator functionality. Please update your browser or switch to a compatible one.

24-05-2025T10:30:02 - [MESSAGE][PASSED] - Browser is opened with url: ''

24-05-2025T10:30:02 - [TEST_STEP][WARNING] - setViewPortSize(1920, 1080): Viewport size mismatch (1916x1916).

24-05-2025T10:30:06 - [MESSAGE][INFO] - Viewport size mismatch (1,916x945). Trying to set it again.

24-05-2025T10:30:14 - [MESSAGE][WARNING] - Viewport size mismatch (1916x1916).

24-05-2025T10:30:14 - [MESSAGE][PASSED] - Method 'setup' complete successfully

24-05-2025T10:30:14 - [TEST_STEP][PASSED] - reportLocation = getReportFolder(): null

24-05-2025T10:30:14 - [TEST_STEP][PASSED] - "Initialize test session: Open browser and set view port": null

24-05-2025T10:30:14 - [TEST_STEP][PASSED] - TrueTestScripts.navigate("/"): Delayed 3 second(s)

24-05-2025T10:30:15 - [MESSAGE][PASSED] - Navigate to 'https://trustify.works/' successfully

24-05-2025T10:30:18 - [MESSAGE][PASSED] - Delayed 3 second(s)

24-05-2025T10:30:18 - [TEST_STEP][PASSED] - navigateThroughSteps.execute(): Object: 'Object Repository/AI-Generated/Page_home/button_expandMore' is clicked on

24-05-2025T10:30:20 - [MESSAGE][PASSED] - Object: 'Object Repository/AI-Generated/Page_home/button_next2' is clicked on

24-05-2025T10:30:21 - [MESSAGE][PASSED] - Object: 'Object Repository/AI-Generated/Page_home/button_next2' is clicked on

24-05-2025T10:30:22 - [MESSAGE][PASSED] - Object: 'Object Repository/AI-Generated/Page_home/button_next2' is clicked on

24-05-2025T10:30:23 - [MESSAGE][PASSED] - Object: 'Object Repository/AI-Generated/Page_home/button_next2' is clicked on

24-05-2025T10:30:24 - [MESSAGE][PASSED] - Object: 'Object Repository/AI-Generated/Page_home/button_expandMore' is clicked on

24-05-2025T10:30:24 - [TEST_STEP][PASSED] - enhancedClick(findTestObject("AI-Generated/Page_home/span_publicNotice")): Object: 'Object Repository/AI-Generated/Page_home/span_publicNotice' is clicked on

24-05-2025T10:30:25 - [MESSAGE][PASSED] - Object: 'Object Repository/AI-Generated/Page_home/span_publicNotice' is clicked on

24-05-2025T10:30:25 - [TEST_STEP][PASSED] - takeScreenshot(reportLocation + "/TC11/Step 3-Click on span publicNotice.png"): Taking screenshot successfully

24-05-2025T10:30:31 - [MESSAGE][PASSED] - Taking screenshot successfully
[[ATTACHMENT|TC11/Step 3-Click on span publicNotice.png]]

24-05-2025T10:30:31 - [TEST_STEP][PASSED] - enhancedClick(findTestObject("AI-Generated/Page_home/span_publicService")): Object: 'Object Repository/AI-Generated/Page_home/span_publicService' is clicked on

24-05-2025T10:30:32 - [MESSAGE][PASSED] - Object: 'Object Repository/AI-Generated/Page_home/span_publicService' is clicked on

24-05-2025T10:30:32 - [TEST_STEP][PASSED] - takeScreenshot(reportLocation + "/TC11/Step 4-Click on span publicService.png"): Taking screenshot successfully

24-05-2025T10:30:36 - [MESSAGE][PASSED] - Taking screenshot successfully
[[ATTACHMENT|TC11/Step 4-Click on span publicService.png]]

24-05-2025T10:30:36 - [TEST_STEP][PASSED] - enhancedClick(findTestObject("AI-Generated/Page_home/link_login")): Object: 'Object Repository/AI-Generated/Page_home/link_login' is clicked on

24-05-2025T10:30:37 - [MESSAGE][PASSED] - Object: 'Object Repository/AI-Generated/Page_home/link_login' is clicked on

24-05-2025T10:30:37 - [TEST_STEP][PASSED] - takeScreenshot(reportLocation + "/TC11/Step 5-Click on link login - Navigate to page signin.png"): Taking screenshot successfully

24-05-2025T10:30:43 - [MESSAGE][PASSED] - Taking screenshot successfully
[[ATTACHMENT|TC11/Step 5-Click on link login - Navigate to page signin.png]]

24-05-2025T10:30:43 - [TEST_STEP][PASSED] - enhancedClick(findTestObject("AI-Generated/Page_signin/link_trustifyLogo")): Object: 'Object Repository/AI-Generated/Page_signin/link_trustifyLogo' is clicked on

24-05-2025T10:30:44 - [MESSAGE][PASSED] - Object: 'Object Repository/AI-Generated/Page_signin/link_trustifyLogo' is clicked on

24-05-2025T10:30:44 - [TEST_STEP][PASSED] - takeScreenshot(reportLocation + "/TC11/Step 6-Click on link trustifyLogo - Navigate to page .png"): Taking screenshot successfully

24-05-2025T10:30:51 - [MESSAGE][PASSED] - Taking screenshot successfully
[[ATTACHMENT|TC11/Step 6-Click on link trustifyLogo - Navigate to page .png]]

24-05-2025T10:30:51 - [TEST_STEP][PASSED] - enhancedClick(findTestObject("AI-Generated/Page_home/link_traCuuHoSoCongChuc")): Object: 'Object Repository/AI-Generated/Page_home/link_traCuuHoSoCongChuc' is clicked on

24-05-2025T10:30:52 - [MESSAGE][PASSED] - Object: 'Object Repository/AI-Generated/Page_home/link_traCuuHoSoCongChuc' is clicked on

24-05-2025T10:30:52 - [TEST_STEP][PASSED] - takeScreenshot(reportLocation + "/TC11/Step 7-Click on link traCuuHoSoCongChuc - Navigate to page lookup.png"): Taking screenshot successfully

24-05-2025T10:30:54 - [MESSAGE][PASSED] - Taking screenshot successfully
[[ATTACHMENT|TC11/Step 7-Click on link traCuuHoSoCongChuc - Navigate to page lookup.png]]

24-05-2025T10:30:54 - [TEST_STEP][PASSED] - enhancedClick(findTestObject("AI-Generated/Page_lookup/link_lookupPublicRecord")): Object: 'Object Repository/AI-Generated/Page_lookup/link_lookupPublicRecord' is clicked on

24-05-2025T10:30:55 - [MESSAGE][PASSED] - Object: 'Object Repository/AI-Generated/Page_lookup/link_lookupPublicRecord' is clicked on

24-05-2025T10:30:55 - [TEST_STEP][PASSED] - takeScreenshot(reportLocation + "/TC11/Step 8-Click on link lookupPublicRecord.png"): Taking screenshot successfully

24-05-2025T10:30:57 - [MESSAGE][PASSED] - Taking screenshot successfully
[[ATTACHMENT|TC11/Step 8-Click on link lookupPublicRecord.png]]

24-05-2025T10:30:57 - [TEST_STEP][PASSED] - takeFullPageScreenshotAsCheckpoint("TC11-Navigate to Lookup Page and Verify Access_visual_checkpoint"): Taking screenshot successfully

24-05-2025T10:31:15 - [MESSAGE][INFO] - 0 hidden object(s)

24-05-2025T10:31:15 - [MESSAGE][PASSED] - Taking screenshot successfully
[[ATTACHMENT|keyes/keyes-TC11-Navigate to Lookup Page and Verify Access_visual_checkpoint.png]]

24-05-2025T10:31:15 - [TEST_STEP][PASSED] - Start tear down : teardown: Method 'teardown' complete successfully

24-05-2025T10:31:15 - [TEST_STEP][PASSED] - closeBrowser(): Browser is closed

24-05-2025T10:31:16 - [MESSAGE][PASSED] - Browser is closed

24-05-2025T10:31:16 - [MESSAGE][PASSED] - Method 'teardown' complete successfully]]></system-out>
         <system-err><![CDATA[]]></system-err>
      </testcase>
      <testcase name="Test Cases/AI-Generated/TC12-Explore Usage Guide and Verify Home Page Access" time="452.994" classname="Test Cases/AI-Generated/TC12-Explore Usage Guide and Verify Home Page Access" status="PASSED">
         <properties>
            <property name="data_binding"><![CDATA[{"(Default) heade...":"2"}]]></property>
         </properties>
         <system-out><![CDATA[24-05-2025T10:31:16 - [TEST_CASE][PASSED] - Test Cases/AI-Generated/TC12-Explore Usage Guide and Verify Home Page Access: Test Cases/AI-Generated/TC12-Explore Usage Guide and Verify Home Page Access

24-05-2025T10:31:16 - [TEST_STEP][PASSED] - Start setup action : setup: Method 'setup' complete successfully

24-05-2025T10:31:16 - [TEST_STEP][PASSED] - openBrowser(""): Browser is opened with url: ''

24-05-2025T10:31:16 - [MESSAGE][INFO] - User set preference: ['browserVersion', '136']

24-05-2025T10:31:16 - [MESSAGE][INFO] - User set preference: ['browserName', 'chrome']

24-05-2025T10:31:16 - [MESSAGE][INFO] - User set preference: ['platformName', 'windows']

24-05-2025T10:31:16 - [MESSAGE][INFO] - User set preference: ['katalon:options', '{metadata={organizationId=1959366, accountId=1470828, channel=kse;v=10.2.0, projectId=2117515}, executionMode=queue, usingTunnel=false}']

24-05-2025T10:31:16 - [MESSAGE][INFO] - Connecting to remote web server 'testcloud.katalon.com/hub' with type 'Selenium'

24-05-2025T10:31:16 - [MESSAGE][INFO] - Action delay is set to 0 milliseconds

24-05-2025T10:31:34 - [MESSAGE][WARNING] - Your browser version or type does not support the BiDirectional WebDriver Protocol which is required for Smart Locator functionality. Please update your browser or switch to a compatible one.

24-05-2025T10:31:34 - [MESSAGE][WARNING] - Your browser version or type does not support the BiDirectional WebDriver Protocol which is required for Smart Locator functionality. Please update your browser or switch to a compatible one.

24-05-2025T10:31:34 - [MESSAGE][WARNING] - Your browser version or type does not support the BiDirectional WebDriver Protocol which is required for Smart Locator functionality. Please update your browser or switch to a compatible one.

24-05-2025T10:31:34 - [MESSAGE][PASSED] - Browser is opened with url: ''

24-05-2025T10:31:34 - [TEST_STEP][WARNING] - setViewPortSize(1920, 1080): Viewport size mismatch (1916x1916).

24-05-2025T10:31:40 - [MESSAGE][INFO] - Viewport size mismatch (1,916x945). Trying to set it again.

24-05-2025T10:31:51 - [MESSAGE][WARNING] - Viewport size mismatch (1916x1916).

24-05-2025T10:31:51 - [MESSAGE][PASSED] - Method 'setup' complete successfully

24-05-2025T10:31:51 - [TEST_STEP][PASSED] - reportLocation = getReportFolder(): null

24-05-2025T10:31:51 - [TEST_STEP][PASSED] - "Initialize test session: Open browser and set view port": null

24-05-2025T10:31:51 - [TEST_STEP][PASSED] - TrueTestScripts.navigate("/"): Delayed 3 second(s)

24-05-2025T10:31:51 - [MESSAGE][PASSED] - Navigate to 'https://trustify.works/' successfully

24-05-2025T10:31:54 - [MESSAGE][PASSED] - Delayed 3 second(s)

24-05-2025T10:31:54 - [TEST_STEP][PASSED] - enhancedClick(findTestObject("AI-Generated/Page_home/item_usageGuide")): Object: 'Object Repository/AI-Generated/Page_home/item_usageGuide' is clicked on

24-05-2025T10:31:55 - [MESSAGE][PASSED] - Object: 'Object Repository/AI-Generated/Page_home/item_usageGuide' is clicked on

24-05-2025T10:31:55 - [TEST_STEP][PASSED] - takeScreenshot(reportLocation + "/TC12/Step 2-Click on item usageGuide.png"): Taking screenshot successfully

24-05-2025T10:32:08 - [MESSAGE][PASSED] - Taking screenshot successfully
[[ATTACHMENT|TC12/Step 2-Click on item usageGuide.png]]

24-05-2025T10:32:08 - [TEST_STEP][PASSED] - enhancedClick(findTestObject("AI-Generated/Page_home/span_forVpcc")): Object: 'Object Repository/AI-Generated/Page_home/span_forVpcc' is clicked on

24-05-2025T10:32:09 - [MESSAGE][PASSED] - Object: 'Object Repository/AI-Generated/Page_home/span_forVpcc' is clicked on

24-05-2025T10:32:09 - [TEST_STEP][PASSED] - takeScreenshot(reportLocation + "/TC12/Step 3-Click on span forVpcc - Navigate to page for-notary-offices.png"): Taking screenshot successfully

24-05-2025T10:32:22 - [MESSAGE][PASSED] - Taking screenshot successfully
[[ATTACHMENT|TC12/Step 3-Click on span forVpcc - Navigate to page for-notary-offices.png]]

24-05-2025T10:32:22 - [TEST_STEP][PASSED] - enhancedClick(findTestObject("AI-Generated/Page_for_notary_offices/list_footerContent")): Object: 'Object Repository/AI-Generated/Page_for_notary_offices/list_footerContent' is clicked on

24-05-2025T10:32:23 - [MESSAGE][PASSED] - Object: 'Object Repository/AI-Generated/Page_for_notary_offices/list_footerContent' is clicked on

24-05-2025T10:32:23 - [TEST_STEP][PASSED] - takeScreenshot(reportLocation + "/TC12/Step 4-Click on list footerContent.png"): Taking screenshot successfully

24-05-2025T10:32:30 - [MESSAGE][PASSED] - Taking screenshot successfully
[[ATTACHMENT|TC12/Step 4-Click on list footerContent.png]]

24-05-2025T10:32:30 - [TEST_STEP][PASSED] - enhancedClick(findTestObject("AI-Generated/Page_for_notary_offices/span_email")): Object: 'Object Repository/AI-Generated/Page_for_notary_offices/span_email' is clicked on

24-05-2025T10:32:31 - [MESSAGE][PASSED] - Object: 'Object Repository/AI-Generated/Page_for_notary_offices/span_email' is clicked on

24-05-2025T10:32:31 - [TEST_STEP][PASSED] - takeScreenshot(reportLocation + "/TC12/Step 5-Click on span email.png"): Taking screenshot successfully

24-05-2025T10:32:35 - [MESSAGE][PASSED] - Taking screenshot successfully
[[ATTACHMENT|TC12/Step 5-Click on span email.png]]

24-05-2025T10:32:35 - [TEST_STEP][PASSED] - enhancedClick(findTestObject("AI-Generated/Page_for_notary_offices/span_email")): Object: 'Object Repository/AI-Generated/Page_for_notary_offices/span_email' is clicked on

24-05-2025T10:32:36 - [MESSAGE][PASSED] - Object: 'Object Repository/AI-Generated/Page_for_notary_offices/span_email' is clicked on

24-05-2025T10:32:36 - [TEST_STEP][PASSED] - takeScreenshot(reportLocation + "/TC12/Step 6-Click on span email.png"): Taking screenshot successfully

24-05-2025T10:32:38 - [MESSAGE][PASSED] - Taking screenshot successfully
[[ATTACHMENT|TC12/Step 6-Click on span email.png]]

24-05-2025T10:32:38 - [TEST_STEP][PASSED] - enhancedClick(findTestObject("AI-Generated/Dynamic Objects/Page_for_notary_offices/header_aboutProduct", ["header_aboutProduct_nth":header_aboutProduct_nth])): Object: 'Object Repository/AI-Generated/Dynamic Objects/Page_for_notary_offices/header_aboutProduct' is clicked on

24-05-2025T10:32:40 - [MESSAGE][PASSED] - Object: 'Object Repository/AI-Generated/Dynamic Objects/Page_for_notary_offices/header_aboutProduct' is clicked on

24-05-2025T10:32:40 - [TEST_STEP][PASSED] - takeScreenshot(reportLocation + "/TC12/Step 7-Click on header aboutProduct product.png"): Taking screenshot successfully

24-05-2025T10:32:42 - [MESSAGE][PASSED] - Taking screenshot successfully
[[ATTACHMENT|TC12/Step 7-Click on header aboutProduct product.png]]

24-05-2025T10:32:42 - [TEST_STEP][PASSED] - enhancedClick(findTestObject("AI-Generated/Page_for_notary_offices/link_lookupNotaryOffices")): Object: 'Object Repository/AI-Generated/Page_for_notary_offices/link_lookupNotaryOffices' is clicked on

24-05-2025T10:32:43 - [MESSAGE][PASSED] - Object: 'Object Repository/AI-Generated/Page_for_notary_offices/link_lookupNotaryOffices' is clicked on

24-05-2025T10:32:43 - [TEST_STEP][PASSED] - takeScreenshot(reportLocation + "/TC12/Step 8-Click on link lookupNotaryOffices - Navigate to page lookup.png"): Taking screenshot successfully

24-05-2025T10:32:45 - [MESSAGE][PASSED] - Taking screenshot successfully
[[ATTACHMENT|TC12/Step 8-Click on link lookupNotaryOffices - Navigate to page lookup.png]]

24-05-2025T10:32:45 - [TEST_STEP][PASSED] - enhancedClick(findTestObject("AI-Generated/Page_lookup/link_dichVuCongChung")): Object: 'Object Repository/AI-Generated/Page_lookup/link_dichVuCongChung' is clicked on

24-05-2025T10:32:46 - [MESSAGE][PASSED] - Object: 'Object Repository/AI-Generated/Page_lookup/link_dichVuCongChung' is clicked on

24-05-2025T10:32:46 - [TEST_STEP][PASSED] - takeScreenshot(reportLocation + "/TC12/Step 9-Click on link dichVuCongChung - Navigate to page services.png"): Taking screenshot successfully

24-05-2025T10:32:49 - [MESSAGE][PASSED] - Taking screenshot successfully
[[ATTACHMENT|TC12/Step 9-Click on link dichVuCongChung - Navigate to page services.png]]

24-05-2025T10:32:49 - [TEST_STEP][PASSED] - enhancedClick(findTestObject("AI-Generated/Page_services/link_homePage")): Object: 'Object Repository/AI-Generated/Page_services/link_homePage' is clicked on

24-05-2025T10:32:51 - [MESSAGE][PASSED] - Object: 'Object Repository/AI-Generated/Page_services/link_homePage' is clicked on

24-05-2025T10:32:51 - [TEST_STEP][PASSED] - takeScreenshot(reportLocation + "/TC12/Step 10-Click on link homePage - Navigate to page .png"): Taking screenshot successfully

24-05-2025T10:32:58 - [MESSAGE][PASSED] - Taking screenshot successfully
[[ATTACHMENT|TC12/Step 10-Click on link homePage - Navigate to page .png]]

24-05-2025T10:32:58 - [TEST_STEP][PASSED] - enhancedClick(findTestObject("AI-Generated/Page_home/item_usageGuide")): Object: 'Object Repository/AI-Generated/Page_home/item_usageGuide' is clicked on

24-05-2025T10:32:59 - [MESSAGE][PASSED] - Object: 'Object Repository/AI-Generated/Page_home/item_usageGuide' is clicked on

24-05-2025T10:32:59 - [TEST_STEP][PASSED] - takeScreenshot(reportLocation + "/TC12/Step 11-Click on item usageGuide.png"): Taking screenshot successfully

24-05-2025T10:33:03 - [MESSAGE][PASSED] - Taking screenshot successfully
[[ATTACHMENT|TC12/Step 11-Click on item usageGuide.png]]

24-05-2025T10:33:03 - [TEST_STEP][PASSED] - enhancedClick(findTestObject("AI-Generated/Page_home/item_usageGuide")): Object: 'Object Repository/AI-Generated/Page_home/item_usageGuide' is clicked on

24-05-2025T10:33:04 - [MESSAGE][PASSED] - Object: 'Object Repository/AI-Generated/Page_home/item_usageGuide' is clicked on

24-05-2025T10:33:04 - [TEST_STEP][PASSED] - takeScreenshot(reportLocation + "/TC12/Step 12-Click on item usageGuide.png"): Taking screenshot successfully

24-05-2025T10:33:06 - [MESSAGE][PASSED] - Taking screenshot successfully
[[ATTACHMENT|TC12/Step 12-Click on item usageGuide.png]]

24-05-2025T10:33:06 - [TEST_STEP][PASSED] - enhancedClick(findTestObject("AI-Generated/Page_home/item_usageGuide")): Object: 'Object Repository/AI-Generated/Page_home/item_usageGuide' is clicked on

24-05-2025T10:33:07 - [MESSAGE][PASSED] - Object: 'Object Repository/AI-Generated/Page_home/item_usageGuide' is clicked on

24-05-2025T10:33:07 - [TEST_STEP][PASSED] - takeScreenshot(reportLocation + "/TC12/Step 13-Click on item usageGuide.png"): Taking screenshot successfully

24-05-2025T10:33:10 - [MESSAGE][PASSED] - Taking screenshot successfully
[[ATTACHMENT|TC12/Step 13-Click on item usageGuide.png]]

24-05-2025T10:33:10 - [TEST_STEP][PASSED] - enhancedClick(findTestObject("AI-Generated/Page_home/item_usageGuide")): Object: 'Object Repository/AI-Generated/Page_home/item_usageGuide' is clicked on

24-05-2025T10:33:11 - [MESSAGE][PASSED] - Object: 'Object Repository/AI-Generated/Page_home/item_usageGuide' is clicked on

24-05-2025T10:33:11 - [TEST_STEP][PASSED] - takeScreenshot(reportLocation + "/TC12/Step 14-Click on item usageGuide.png"): Taking screenshot successfully

24-05-2025T10:33:14 - [MESSAGE][PASSED] - Taking screenshot successfully
[[ATTACHMENT|TC12/Step 14-Click on item usageGuide.png]]

24-05-2025T10:33:14 - [TEST_STEP][PASSED] - enhancedClick(findTestObject("AI-Generated/Page_home/item_usageGuide")): Object: 'Object Repository/AI-Generated/Page_home/item_usageGuide' is clicked on

24-05-2025T10:33:15 - [MESSAGE][PASSED] - Object: 'Object Repository/AI-Generated/Page_home/item_usageGuide' is clicked on

24-05-2025T10:33:15 - [TEST_STEP][PASSED] - takeScreenshot(reportLocation + "/TC12/Step 15-Click on item usageGuide.png"): Taking screenshot successfully

24-05-2025T10:33:19 - [MESSAGE][PASSED] - Taking screenshot successfully
[[ATTACHMENT|TC12/Step 15-Click on item usageGuide.png]]

24-05-2025T10:33:19 - [TEST_STEP][PASSED] - enhancedClick(findTestObject("AI-Generated/Page_home/item_usageGuide")): Object: 'Object Repository/AI-Generated/Page_home/item_usageGuide' is clicked on

24-05-2025T10:33:21 - [MESSAGE][PASSED] - Object: 'Object Repository/AI-Generated/Page_home/item_usageGuide' is clicked on

24-05-2025T10:33:21 - [TEST_STEP][PASSED] - takeScreenshot(reportLocation + "/TC12/Step 16-Click on item usageGuide.png"): Taking screenshot successfully

24-05-2025T10:33:27 - [MESSAGE][PASSED] - Taking screenshot successfully
[[ATTACHMENT|TC12/Step 16-Click on item usageGuide.png]]

24-05-2025T10:33:27 - [TEST_STEP][PASSED] - enhancedClick(findTestObject("AI-Generated/Page_home/span_termsOfUse")): Object: 'Object Repository/AI-Generated/Page_home/span_termsOfUse' is clicked on

24-05-2025T10:33:28 - [MESSAGE][PASSED] - Object: 'Object Repository/AI-Generated/Page_home/span_termsOfUse' is clicked on

24-05-2025T10:33:28 - [TEST_STEP][PASSED] - takeScreenshot(reportLocation + "/TC12/Step 17-Click on span termsOfUse - Navigate to page terms-of-service.png"): Taking screenshot successfully

24-05-2025T10:33:38 - [MESSAGE][PASSED] - Taking screenshot successfully
[[ATTACHMENT|TC12/Step 17-Click on span termsOfUse - Navigate to page terms-of-service.png]]

24-05-2025T10:33:38 - [TEST_STEP][PASSED] - enhancedClick(findTestObject("AI-Generated/Page_terms_of_service/item_termsNotInfringement")): Object: 'Object Repository/AI-Generated/Page_terms_of_service/item_termsNotInfringement' is clicked on

24-05-2025T10:33:39 - [MESSAGE][PASSED] - Object: 'Object Repository/AI-Generated/Page_terms_of_service/item_termsNotInfringement' is clicked on

24-05-2025T10:33:39 - [TEST_STEP][PASSED] - takeScreenshot(reportLocation + "/TC12/Step 18-Click on item termsNotInfringement.png"): Taking screenshot successfully

24-05-2025T10:33:45 - [MESSAGE][PASSED] - Taking screenshot successfully
[[ATTACHMENT|TC12/Step 18-Click on item termsNotInfringement.png]]

24-05-2025T10:33:45 - [TEST_STEP][PASSED] - enhancedClick(findTestObject("AI-Generated/Page_terms_of_service/item_termsNotInfringement")): Object: 'Object Repository/AI-Generated/Page_terms_of_service/item_termsNotInfringement' is clicked on

24-05-2025T10:33:47 - [MESSAGE][PASSED] - Object: 'Object Repository/AI-Generated/Page_terms_of_service/item_termsNotInfringement' is clicked on

24-05-2025T10:33:47 - [TEST_STEP][PASSED] - takeScreenshot(reportLocation + "/TC12/Step 19-Click on item termsNotInfringement.png"): Taking screenshot successfully

24-05-2025T10:33:52 - [MESSAGE][PASSED] - Taking screenshot successfully
[[ATTACHMENT|TC12/Step 19-Click on item termsNotInfringement.png]]

24-05-2025T10:33:52 - [TEST_STEP][PASSED] - enhancedClick(findTestObject("AI-Generated/Page_terms_of_service/span_explanationForPolicy")): Object: 'Object Repository/AI-Generated/Page_terms_of_service/span_explanationForPolicy' is clicked on

24-05-2025T10:33:53 - [MESSAGE][PASSED] - Object: 'Object Repository/AI-Generated/Page_terms_of_service/span_explanationForPolicy' is clicked on

24-05-2025T10:33:53 - [TEST_STEP][PASSED] - takeScreenshot(reportLocation + "/TC12/Step 20-Click on span explanationForPolicy - Navigate to page dispute-resolution.png"): Taking screenshot successfully

24-05-2025T10:33:59 - [MESSAGE][PASSED] - Taking screenshot successfully
[[ATTACHMENT|TC12/Step 20-Click on span explanationForPolicy - Navigate to page dispute-resolution.png]]

24-05-2025T10:33:59 - [TEST_STEP][PASSED] - enhancedClick(findTestObject("AI-Generated/Page_dispute_resolution/p_disputeResolutionStaff")): Object: 'Object Repository/AI-Generated/Page_dispute_resolution/p_disputeResolutionStaff' is clicked on

24-05-2025T10:34:00 - [MESSAGE][PASSED] - Object: 'Object Repository/AI-Generated/Page_dispute_resolution/p_disputeResolutionStaff' is clicked on

24-05-2025T10:34:00 - [TEST_STEP][PASSED] - takeScreenshot(reportLocation + "/TC12/Step 21-Click on p disputeResolutionStaff.png"): Taking screenshot successfully

24-05-2025T10:34:06 - [MESSAGE][PASSED] - Taking screenshot successfully
[[ATTACHMENT|TC12/Step 21-Click on p disputeResolutionStaff.png]]

24-05-2025T10:34:06 - [TEST_STEP][PASSED] - enhancedClick(findTestObject("AI-Generated/Page_dispute_resolution/p_disputeResolutionStaff")): Object: 'Object Repository/AI-Generated/Page_dispute_resolution/p_disputeResolutionStaff' is clicked on

24-05-2025T10:34:07 - [MESSAGE][PASSED] - Object: 'Object Repository/AI-Generated/Page_dispute_resolution/p_disputeResolutionStaff' is clicked on

24-05-2025T10:34:07 - [TEST_STEP][PASSED] - takeScreenshot(reportLocation + "/TC12/Step 22-Click on p disputeResolutionStaff.png"): Taking screenshot successfully

24-05-2025T10:34:13 - [MESSAGE][PASSED] - Taking screenshot successfully
[[ATTACHMENT|TC12/Step 22-Click on p disputeResolutionStaff.png]]

24-05-2025T10:34:13 - [TEST_STEP][PASSED] - enhancedClick(findTestObject("AI-Generated/Page_dispute_resolution/item_disputeResolutionTimeframe")): Object: 'Object Repository/AI-Generated/Page_dispute_resolution/item_disputeResolutionTimeframe' is clicked on

24-05-2025T10:34:14 - [MESSAGE][PASSED] - Object: 'Object Repository/AI-Generated/Page_dispute_resolution/item_disputeResolutionTimeframe' is clicked on

24-05-2025T10:34:14 - [TEST_STEP][PASSED] - takeScreenshot(reportLocation + "/TC12/Step 23-Click on item disputeResolutionTimeframe.png"): Taking screenshot successfully

24-05-2025T10:34:18 - [MESSAGE][PASSED] - Taking screenshot successfully
[[ATTACHMENT|TC12/Step 23-Click on item disputeResolutionTimeframe.png]]

24-05-2025T10:34:18 - [TEST_STEP][PASSED] - enhancedClick(findTestObject("AI-Generated/Page_dispute_resolution/header_homePage")): Object: 'Object Repository/AI-Generated/Page_dispute_resolution/header_homePage' is clicked on

24-05-2025T10:34:20 - [MESSAGE][PASSED] - Object: 'Object Repository/AI-Generated/Page_dispute_resolution/header_homePage' is clicked on

24-05-2025T10:34:20 - [TEST_STEP][PASSED] - takeScreenshot(reportLocation + "/TC12/Step 24-Click on header homePage.png"): Taking screenshot successfully

24-05-2025T10:34:25 - [MESSAGE][PASSED] - Taking screenshot successfully
[[ATTACHMENT|TC12/Step 24-Click on header homePage.png]]

24-05-2025T10:34:25 - [TEST_STEP][PASSED] - enhancedClick(findTestObject("AI-Generated/Page_dispute_resolution/div_footerContent")): Object: 'Object Repository/AI-Generated/Page_dispute_resolution/div_footerContent' is clicked on

24-05-2025T10:34:28 - [MESSAGE][PASSED] - Object: 'Object Repository/AI-Generated/Page_dispute_resolution/div_footerContent' is clicked on

24-05-2025T10:34:28 - [TEST_STEP][PASSED] - takeScreenshot(reportLocation + "/TC12/Step 25-Click on div footerContent.png"): Taking screenshot successfully

24-05-2025T10:34:37 - [MESSAGE][PASSED] - Taking screenshot successfully
[[ATTACHMENT|TC12/Step 25-Click on div footerContent.png]]

24-05-2025T10:34:37 - [TEST_STEP][PASSED] - enhancedClick(findTestObject("AI-Generated/Page_dispute_resolution/header_homePage")): Object: 'Object Repository/AI-Generated/Page_dispute_resolution/header_homePage' is clicked on

24-05-2025T10:34:41 - [MESSAGE][PASSED] - Object: 'Object Repository/AI-Generated/Page_dispute_resolution/header_homePage' is clicked on

24-05-2025T10:34:41 - [TEST_STEP][PASSED] - takeScreenshot(reportLocation + "/TC12/Step 26-Click on header homePage.png"): Taking screenshot successfully

24-05-2025T10:34:48 - [MESSAGE][PASSED] - Taking screenshot successfully
[[ATTACHMENT|TC12/Step 26-Click on header homePage.png]]

24-05-2025T10:34:48 - [TEST_STEP][PASSED] - enhancedClick(findTestObject("AI-Generated/Page_dispute_resolution/header_homePage")): Object: 'Object Repository/AI-Generated/Page_dispute_resolution/header_homePage' is clicked on

24-05-2025T10:34:51 - [MESSAGE][PASSED] - Object: 'Object Repository/AI-Generated/Page_dispute_resolution/header_homePage' is clicked on

24-05-2025T10:34:51 - [TEST_STEP][PASSED] - takeScreenshot(reportLocation + "/TC12/Step 27-Click on header homePage.png"): Taking screenshot successfully

24-05-2025T10:34:55 - [MESSAGE][PASSED] - Taking screenshot successfully
[[ATTACHMENT|TC12/Step 27-Click on header homePage.png]]

24-05-2025T10:34:55 - [TEST_STEP][PASSED] - enhancedClick(findTestObject("AI-Generated/Page_dispute_resolution/header_homePage")): Object: 'Object Repository/AI-Generated/Page_dispute_resolution/header_homePage' is clicked on

24-05-2025T10:34:56 - [MESSAGE][PASSED] - Object: 'Object Repository/AI-Generated/Page_dispute_resolution/header_homePage' is clicked on

24-05-2025T10:34:56 - [TEST_STEP][PASSED] - takeScreenshot(reportLocation + "/TC12/Step 28-Click on header homePage.png"): Taking screenshot successfully

24-05-2025T10:35:02 - [MESSAGE][PASSED] - Taking screenshot successfully
[[ATTACHMENT|TC12/Step 28-Click on header homePage.png]]

24-05-2025T10:35:02 - [TEST_STEP][PASSED] - enhancedClick(findTestObject("AI-Generated/Page_dispute_resolution/item_disputeResolutionTimeframe")): Object: 'Object Repository/AI-Generated/Page_dispute_resolution/item_disputeResolutionTimeframe' is clicked on

24-05-2025T10:35:19 - [MESSAGE][PASSED] - Object: 'Object Repository/AI-Generated/Page_dispute_resolution/item_disputeResolutionTimeframe' is clicked on

24-05-2025T10:35:19 - [TEST_STEP][PASSED] - takeScreenshot(reportLocation + "/TC12/Step 29-Click on item disputeResolutionTimeframe.png"): Taking screenshot successfully

24-05-2025T10:35:23 - [MESSAGE][PASSED] - Taking screenshot successfully
[[ATTACHMENT|TC12/Step 29-Click on item disputeResolutionTimeframe.png]]

24-05-2025T10:35:23 - [TEST_STEP][PASSED] - enhancedClick(findTestObject("AI-Generated/Page_dispute_resolution/span_securityPolicy")): Object: 'Object Repository/AI-Generated/Page_dispute_resolution/span_securityPolicy' is clicked on

24-05-2025T10:35:24 - [MESSAGE][PASSED] - Object: 'Object Repository/AI-Generated/Page_dispute_resolution/span_securityPolicy' is clicked on

24-05-2025T10:35:24 - [TEST_STEP][PASSED] - takeScreenshot(reportLocation + "/TC12/Step 30-Click on span securityPolicy - Navigate to page privacy-policy.png"): Taking screenshot successfully

24-05-2025T10:35:29 - [MESSAGE][PASSED] - Taking screenshot successfully
[[ATTACHMENT|TC12/Step 30-Click on span securityPolicy - Navigate to page privacy-policy.png]]

24-05-2025T10:35:29 - [TEST_STEP][PASSED] - enhancedClick(findTestObject("AI-Generated/Page_privacy_policy/item_privacyContact")): Object: 'Object Repository/AI-Generated/Page_privacy_policy/item_privacyContact' is clicked on

24-05-2025T10:35:30 - [MESSAGE][PASSED] - Object: 'Object Repository/AI-Generated/Page_privacy_policy/item_privacyContact' is clicked on

24-05-2025T10:35:30 - [TEST_STEP][PASSED] - takeScreenshot(reportLocation + "/TC12/Step 31-Click on item privacyContact.png"): Taking screenshot successfully

24-05-2025T10:35:35 - [MESSAGE][PASSED] - Taking screenshot successfully
[[ATTACHMENT|TC12/Step 31-Click on item privacyContact.png]]

24-05-2025T10:35:35 - [TEST_STEP][PASSED] - enhancedClick(findTestObject("AI-Generated/Page_privacy_policy/span_termsOfUse")): Object: 'Object Repository/AI-Generated/Page_privacy_policy/span_termsOfUse' is clicked on

24-05-2025T10:35:36 - [MESSAGE][PASSED] - Object: 'Object Repository/AI-Generated/Page_privacy_policy/span_termsOfUse' is clicked on

24-05-2025T10:35:36 - [TEST_STEP][PASSED] - takeScreenshot(reportLocation + "/TC12/Step 32-Click on span termsOfUse - Navigate to page terms-of-service.png"): Taking screenshot successfully

24-05-2025T10:35:43 - [MESSAGE][PASSED] - Taking screenshot successfully
[[ATTACHMENT|TC12/Step 32-Click on span termsOfUse - Navigate to page terms-of-service.png]]

24-05-2025T10:35:43 - [TEST_STEP][PASSED] - enhancedClick(findTestObject("AI-Generated/Page_terms_of_service/item_usageGuidelines")): Object: 'Object Repository/AI-Generated/Page_terms_of_service/item_usageGuidelines' is clicked on

24-05-2025T10:35:44 - [MESSAGE][PASSED] - Object: 'Object Repository/AI-Generated/Page_terms_of_service/item_usageGuidelines' is clicked on

24-05-2025T10:35:44 - [TEST_STEP][PASSED] - takeScreenshot(reportLocation + "/TC12/Step 33-Click on item usageGuidelines.png"): Taking screenshot successfully

24-05-2025T10:35:47 - [MESSAGE][PASSED] - Taking screenshot successfully
[[ATTACHMENT|TC12/Step 33-Click on item usageGuidelines.png]]

24-05-2025T10:35:47 - [TEST_STEP][PASSED] - enhancedClick(findTestObject("AI-Generated/Page_terms_of_service/item_usageGuidelines")): Object: 'Object Repository/AI-Generated/Page_terms_of_service/item_usageGuidelines' is clicked on

24-05-2025T10:35:48 - [MESSAGE][PASSED] - Object: 'Object Repository/AI-Generated/Page_terms_of_service/item_usageGuidelines' is clicked on

24-05-2025T10:35:48 - [TEST_STEP][PASSED] - takeScreenshot(reportLocation + "/TC12/Step 34-Click on item usageGuidelines.png"): Taking screenshot successfully

24-05-2025T10:35:51 - [MESSAGE][PASSED] - Taking screenshot successfully
[[ATTACHMENT|TC12/Step 34-Click on item usageGuidelines.png]]

24-05-2025T10:35:51 - [TEST_STEP][PASSED] - enhancedClick(findTestObject("AI-Generated/Page_terms_of_service/item_usageGuidelines")): Object: 'Object Repository/AI-Generated/Page_terms_of_service/item_usageGuidelines' is clicked on

24-05-2025T10:35:52 - [MESSAGE][PASSED] - Object: 'Object Repository/AI-Generated/Page_terms_of_service/item_usageGuidelines' is clicked on

24-05-2025T10:35:52 - [TEST_STEP][PASSED] - takeScreenshot(reportLocation + "/TC12/Step 35-Click on item usageGuidelines.png"): Taking screenshot successfully

24-05-2025T10:35:56 - [MESSAGE][PASSED] - Taking screenshot successfully
[[ATTACHMENT|TC12/Step 35-Click on item usageGuidelines.png]]

24-05-2025T10:35:56 - [TEST_STEP][PASSED] - enhancedClick(findTestObject("AI-Generated/Page_terms_of_service/item_usageGuidelines")): Object: 'Object Repository/AI-Generated/Page_terms_of_service/item_usageGuidelines' is clicked on

24-05-2025T10:35:57 - [MESSAGE][PASSED] - Object: 'Object Repository/AI-Generated/Page_terms_of_service/item_usageGuidelines' is clicked on

24-05-2025T10:35:57 - [TEST_STEP][PASSED] - takeScreenshot(reportLocation + "/TC12/Step 36-Click on item usageGuidelines.png"): Taking screenshot successfully

24-05-2025T10:35:59 - [MESSAGE][PASSED] - Taking screenshot successfully
[[ATTACHMENT|TC12/Step 36-Click on item usageGuidelines.png]]

24-05-2025T10:35:59 - [TEST_STEP][PASSED] - enhancedClick(findTestObject("AI-Generated/Page_terms_of_service/item_usageGuidelines")): Object: 'Object Repository/AI-Generated/Page_terms_of_service/item_usageGuidelines' is clicked on

24-05-2025T10:36:00 - [MESSAGE][PASSED] - Object: 'Object Repository/AI-Generated/Page_terms_of_service/item_usageGuidelines' is clicked on

24-05-2025T10:36:00 - [TEST_STEP][PASSED] - takeScreenshot(reportLocation + "/TC12/Step 37-Click on item usageGuidelines.png"): Taking screenshot successfully

24-05-2025T10:36:03 - [MESSAGE][PASSED] - Taking screenshot successfully
[[ATTACHMENT|TC12/Step 37-Click on item usageGuidelines.png]]

24-05-2025T10:36:03 - [TEST_STEP][PASSED] - enhancedClick(findTestObject("AI-Generated/Dynamic Objects/Page_terms_of_service/header_aboutSection", ["header_aboutSection_nth":header_aboutSection_nth])): Object: 'Object Repository/AI-Generated/Dynamic Objects/Page_terms_of_service/header_aboutSection' is clicked on

24-05-2025T10:36:04 - [MESSAGE][PASSED] - Object: 'Object Repository/AI-Generated/Dynamic Objects/Page_terms_of_service/header_aboutSection' is clicked on

24-05-2025T10:36:04 - [TEST_STEP][PASSED] - takeScreenshot(reportLocation + "/TC12/Step 38-Click on header aboutSection productSection.png"): Taking screenshot successfully

24-05-2025T10:36:06 - [MESSAGE][PASSED] - Taking screenshot successfully
[[ATTACHMENT|TC12/Step 38-Click on header aboutSection productSection.png]]

24-05-2025T10:36:06 - [TEST_STEP][PASSED] - enhancedClick(findTestObject("AI-Generated/Dynamic Objects/Page_terms_of_service/header_aboutSection", ["header_aboutSection_nth":header_aboutSection_nth_1])): Object: 'Object Repository/AI-Generated/Dynamic Objects/Page_terms_of_service/header_aboutSection' is clicked on

24-05-2025T10:36:07 - [MESSAGE][PASSED] - Object: 'Object Repository/AI-Generated/Dynamic Objects/Page_terms_of_service/header_aboutSection' is clicked on

24-05-2025T10:36:07 - [TEST_STEP][PASSED] - takeScreenshot(reportLocation + "/TC12/Step 39-Click on header aboutSection productSection.png"): Taking screenshot successfully

24-05-2025T10:36:09 - [MESSAGE][PASSED] - Taking screenshot successfully
[[ATTACHMENT|TC12/Step 39-Click on header aboutSection productSection.png]]

24-05-2025T10:36:09 - [TEST_STEP][PASSED] - enhancedClick(findTestObject("AI-Generated/Dynamic Objects/Page_terms_of_service/header_aboutSection", ["header_aboutSection_nth":header_aboutSection_nth_2])): Object: 'Object Repository/AI-Generated/Dynamic Objects/Page_terms_of_service/header_aboutSection' is clicked on

24-05-2025T10:36:10 - [MESSAGE][PASSED] - Object: 'Object Repository/AI-Generated/Dynamic Objects/Page_terms_of_service/header_aboutSection' is clicked on

24-05-2025T10:36:10 - [TEST_STEP][PASSED] - takeScreenshot(reportLocation + "/TC12/Step 40-Click on header aboutSection aboutUs.png"): Taking screenshot successfully

24-05-2025T10:36:12 - [MESSAGE][PASSED] - Taking screenshot successfully
[[ATTACHMENT|TC12/Step 40-Click on header aboutSection aboutUs.png]]

24-05-2025T10:36:12 - [TEST_STEP][PASSED] - enhancedClick(findTestObject("AI-Generated/Page_terms_of_service/span_contactLocation")): Object: 'Object Repository/AI-Generated/Page_terms_of_service/span_contactLocation' is clicked on

24-05-2025T10:36:13 - [MESSAGE][PASSED] - Object: 'Object Repository/AI-Generated/Page_terms_of_service/span_contactLocation' is clicked on

24-05-2025T10:36:13 - [TEST_STEP][PASSED] - takeScreenshot(reportLocation + "/TC12/Step 41-Click on span contactLocation.png"): Taking screenshot successfully

24-05-2025T10:36:15 - [MESSAGE][PASSED] - Taking screenshot successfully
[[ATTACHMENT|TC12/Step 41-Click on span contactLocation.png]]

24-05-2025T10:36:15 - [TEST_STEP][PASSED] - enhancedClick(findTestObject("AI-Generated/Page_terms_of_service/span_forVpcc")): Object: 'Object Repository/AI-Generated/Page_terms_of_service/span_forVpcc' is clicked on

24-05-2025T10:36:16 - [MESSAGE][PASSED] - Object: 'Object Repository/AI-Generated/Page_terms_of_service/span_forVpcc' is clicked on

24-05-2025T10:36:16 - [TEST_STEP][PASSED] - takeScreenshot(reportLocation + "/TC12/Step 42-Click on span forVpcc - Navigate to page for-notary-offices.png"): Taking screenshot successfully

24-05-2025T10:36:18 - [MESSAGE][PASSED] - Taking screenshot successfully
[[ATTACHMENT|TC12/Step 42-Click on span forVpcc - Navigate to page for-notary-offices.png]]

24-05-2025T10:36:18 - [TEST_STEP][PASSED] - enhancedClick(findTestObject("AI-Generated/Page_for_notary_offices/span_officeAddress")): Object: 'Object Repository/AI-Generated/Page_for_notary_offices/span_officeAddress' is clicked on

24-05-2025T10:36:19 - [MESSAGE][PASSED] - Object: 'Object Repository/AI-Generated/Page_for_notary_offices/span_officeAddress' is clicked on

24-05-2025T10:36:19 - [TEST_STEP][PASSED] - takeScreenshot(reportLocation + "/TC12/Step 43-Click on span officeAddress.png"): Taking screenshot successfully

24-05-2025T10:36:21 - [MESSAGE][PASSED] - Taking screenshot successfully
[[ATTACHMENT|TC12/Step 43-Click on span officeAddress.png]]

24-05-2025T10:36:21 - [TEST_STEP][PASSED] - enhancedClick(findTestObject("AI-Generated/Page_for_notary_offices/span_officeAddress")): Object: 'Object Repository/AI-Generated/Page_for_notary_offices/span_officeAddress' is clicked on

24-05-2025T10:36:22 - [MESSAGE][PASSED] - Object: 'Object Repository/AI-Generated/Page_for_notary_offices/span_officeAddress' is clicked on

24-05-2025T10:36:22 - [TEST_STEP][PASSED] - takeScreenshot(reportLocation + "/TC12/Step 44-Click on span officeAddress.png"): Taking screenshot successfully

24-05-2025T10:36:23 - [MESSAGE][PASSED] - Taking screenshot successfully
[[ATTACHMENT|TC12/Step 44-Click on span officeAddress.png]]

24-05-2025T10:36:23 - [TEST_STEP][PASSED] - enhancedClick(findTestObject("AI-Generated/Page_for_notary_offices/span_officeAddress")): Object: 'Object Repository/AI-Generated/Page_for_notary_offices/span_officeAddress' is clicked on

24-05-2025T10:36:25 - [MESSAGE][PASSED] - Object: 'Object Repository/AI-Generated/Page_for_notary_offices/span_officeAddress' is clicked on

24-05-2025T10:36:25 - [TEST_STEP][PASSED] - takeScreenshot(reportLocation + "/TC12/Step 45-Click on span officeAddress.png"): Taking screenshot successfully

24-05-2025T10:36:27 - [MESSAGE][PASSED] - Taking screenshot successfully
[[ATTACHMENT|TC12/Step 45-Click on span officeAddress.png]]

24-05-2025T10:36:27 - [TEST_STEP][PASSED] - enhancedClick(findTestObject("AI-Generated/Page_for_notary_offices/span_officeAddress")): Object: 'Object Repository/AI-Generated/Page_for_notary_offices/span_officeAddress' is clicked on

24-05-2025T10:36:28 - [MESSAGE][PASSED] - Object: 'Object Repository/AI-Generated/Page_for_notary_offices/span_officeAddress' is clicked on

24-05-2025T10:36:28 - [TEST_STEP][PASSED] - takeScreenshot(reportLocation + "/TC12/Step 46-Click on span officeAddress.png"): Taking screenshot successfully

24-05-2025T10:36:30 - [MESSAGE][PASSED] - Taking screenshot successfully
[[ATTACHMENT|TC12/Step 46-Click on span officeAddress.png]]

24-05-2025T10:36:30 - [TEST_STEP][PASSED] - enhancedClick(findTestObject("AI-Generated/Dynamic Objects/Page_for_notary_offices/header_aboutProduct", ["header_aboutProduct_nth":header_aboutProduct_nth_1])): Object: 'Object Repository/AI-Generated/Dynamic Objects/Page_for_notary_offices/header_aboutProduct' is clicked on

24-05-2025T10:36:31 - [MESSAGE][PASSED] - Object: 'Object Repository/AI-Generated/Dynamic Objects/Page_for_notary_offices/header_aboutProduct' is clicked on

24-05-2025T10:36:31 - [TEST_STEP][PASSED] - takeScreenshot(reportLocation + "/TC12/Step 47-Click on header aboutProduct aboutUs.png"): Taking screenshot successfully

24-05-2025T10:36:33 - [MESSAGE][PASSED] - Taking screenshot successfully
[[ATTACHMENT|TC12/Step 47-Click on header aboutProduct aboutUs.png]]

24-05-2025T10:36:33 - [TEST_STEP][PASSED] - enhancedClick(findTestObject("AI-Generated/Dynamic Objects/Page_for_notary_offices/header_aboutProduct", ["header_aboutProduct_nth":header_aboutProduct_nth_2])): Object: 'Object Repository/AI-Generated/Dynamic Objects/Page_for_notary_offices/header_aboutProduct' is clicked on

24-05-2025T10:36:34 - [MESSAGE][PASSED] - Object: 'Object Repository/AI-Generated/Dynamic Objects/Page_for_notary_offices/header_aboutProduct' is clicked on

24-05-2025T10:36:34 - [TEST_STEP][PASSED] - takeScreenshot(reportLocation + "/TC12/Step 48-Click on header aboutProduct aboutUs.png"): Taking screenshot successfully

24-05-2025T10:36:35 - [MESSAGE][PASSED] - Taking screenshot successfully
[[ATTACHMENT|TC12/Step 48-Click on header aboutProduct aboutUs.png]]

24-05-2025T10:36:35 - [TEST_STEP][PASSED] - enhancedClick(findTestObject("AI-Generated/Page_for_notary_offices/span_officePhone")): Object: 'Object Repository/AI-Generated/Page_for_notary_offices/span_officePhone' is clicked on

24-05-2025T10:36:36 - [MESSAGE][PASSED] - Object: 'Object Repository/AI-Generated/Page_for_notary_offices/span_officePhone' is clicked on

24-05-2025T10:36:36 - [TEST_STEP][PASSED] - takeScreenshot(reportLocation + "/TC12/Step 49-Click on span officePhone.png"): Taking screenshot successfully

24-05-2025T10:36:39 - [MESSAGE][PASSED] - Taking screenshot successfully
[[ATTACHMENT|TC12/Step 49-Click on span officePhone.png]]

24-05-2025T10:36:39 - [TEST_STEP][PASSED] - enhancedClick(findTestObject("AI-Generated/Page_for_notary_offices/item_forIndividuals")): Object: 'Object Repository/AI-Generated/Page_for_notary_offices/item_forIndividuals' is clicked on

24-05-2025T10:36:40 - [MESSAGE][PASSED] - Object: 'Object Repository/AI-Generated/Page_for_notary_offices/item_forIndividuals' is clicked on

24-05-2025T10:36:40 - [TEST_STEP][PASSED] - takeScreenshot(reportLocation + "/TC12/Step 50-Click on item forIndividuals.png"): Taking screenshot successfully

24-05-2025T10:36:44 - [MESSAGE][PASSED] - Taking screenshot successfully
[[ATTACHMENT|TC12/Step 50-Click on item forIndividuals.png]]

24-05-2025T10:36:44 - [TEST_STEP][PASSED] - enhancedClick(findTestObject("AI-Generated/Page_for_notary_offices/item_forIndividuals")): Object: 'Object Repository/AI-Generated/Page_for_notary_offices/item_forIndividuals' is clicked on

24-05-2025T10:36:45 - [MESSAGE][PASSED] - Object: 'Object Repository/AI-Generated/Page_for_notary_offices/item_forIndividuals' is clicked on

24-05-2025T10:36:45 - [TEST_STEP][PASSED] - takeScreenshot(reportLocation + "/TC12/Step 51-Click on item forIndividuals.png"): Taking screenshot successfully

24-05-2025T10:36:51 - [MESSAGE][PASSED] - Taking screenshot successfully
[[ATTACHMENT|TC12/Step 51-Click on item forIndividuals.png]]

24-05-2025T10:36:51 - [TEST_STEP][PASSED] - enhancedClick(findTestObject("AI-Generated/Page_for_notary_offices/item_forIndividuals")): Object: 'Object Repository/AI-Generated/Page_for_notary_offices/item_forIndividuals' is clicked on

24-05-2025T10:36:52 - [MESSAGE][PASSED] - Object: 'Object Repository/AI-Generated/Page_for_notary_offices/item_forIndividuals' is clicked on

24-05-2025T10:36:52 - [TEST_STEP][PASSED] - takeScreenshot(reportLocation + "/TC12/Step 52-Click on item forIndividuals.png"): Taking screenshot successfully

24-05-2025T10:36:54 - [MESSAGE][PASSED] - Taking screenshot successfully
[[ATTACHMENT|TC12/Step 52-Click on item forIndividuals.png]]

24-05-2025T10:36:54 - [TEST_STEP][PASSED] - enhancedClick(findTestObject("AI-Generated/Page_for_notary_offices/item_forIndividuals")): Object: 'Object Repository/AI-Generated/Page_for_notary_offices/item_forIndividuals' is clicked on

24-05-2025T10:36:55 - [MESSAGE][PASSED] - Object: 'Object Repository/AI-Generated/Page_for_notary_offices/item_forIndividuals' is clicked on

24-05-2025T10:36:55 - [TEST_STEP][PASSED] - takeScreenshot(reportLocation + "/TC12/Step 53-Click on item forIndividuals.png"): Taking screenshot successfully

24-05-2025T10:37:02 - [MESSAGE][PASSED] - Taking screenshot successfully
[[ATTACHMENT|TC12/Step 53-Click on item forIndividuals.png]]

24-05-2025T10:37:02 - [TEST_STEP][PASSED] - enhancedClick(findTestObject("AI-Generated/Page_for_notary_offices/span_officePhone")): Object: 'Object Repository/AI-Generated/Page_for_notary_offices/span_officePhone' is clicked on

24-05-2025T10:37:03 - [MESSAGE][PASSED] - Object: 'Object Repository/AI-Generated/Page_for_notary_offices/span_officePhone' is clicked on

24-05-2025T10:37:03 - [TEST_STEP][PASSED] - takeScreenshot(reportLocation + "/TC12/Step 54-Click on span officePhone.png"): Taking screenshot successfully

24-05-2025T10:37:19 - [MESSAGE][PASSED] - Taking screenshot successfully
[[ATTACHMENT|TC12/Step 54-Click on span officePhone.png]]

24-05-2025T10:37:19 - [TEST_STEP][PASSED] - enhancedClick(findTestObject("AI-Generated/Page_for_notary_offices/span_officePhone")): Object: 'Object Repository/AI-Generated/Page_for_notary_offices/span_officePhone' is clicked on

24-05-2025T10:37:21 - [MESSAGE][PASSED] - Object: 'Object Repository/AI-Generated/Page_for_notary_offices/span_officePhone' is clicked on

24-05-2025T10:37:21 - [TEST_STEP][PASSED] - takeScreenshot(reportLocation + "/TC12/Step 55-Click on span officePhone.png"): Taking screenshot successfully

24-05-2025T10:37:24 - [MESSAGE][PASSED] - Taking screenshot successfully
[[ATTACHMENT|TC12/Step 55-Click on span officePhone.png]]

24-05-2025T10:37:24 - [TEST_STEP][PASSED] - enhancedClick(findTestObject("AI-Generated/Page_for_notary_offices/span_officeAddress")): Object: 'Object Repository/AI-Generated/Page_for_notary_offices/span_officeAddress' is clicked on

24-05-2025T10:37:25 - [MESSAGE][PASSED] - Object: 'Object Repository/AI-Generated/Page_for_notary_offices/span_officeAddress' is clicked on

24-05-2025T10:37:25 - [TEST_STEP][PASSED] - takeScreenshot(reportLocation + "/TC12/Step 56-Click on span officeAddress.png"): Taking screenshot successfully

24-05-2025T10:37:29 - [MESSAGE][PASSED] - Taking screenshot successfully
[[ATTACHMENT|TC12/Step 56-Click on span officeAddress.png]]

24-05-2025T10:37:29 - [TEST_STEP][PASSED] - enhancedClick(findTestObject("AI-Generated/Dynamic Objects/Page_for_notary_offices/header_aboutProduct", ["header_aboutProduct_nth":header_aboutProduct_nth_3])): Object: 'Object Repository/AI-Generated/Dynamic Objects/Page_for_notary_offices/header_aboutProduct' is clicked on

24-05-2025T10:37:30 - [MESSAGE][PASSED] - Object: 'Object Repository/AI-Generated/Dynamic Objects/Page_for_notary_offices/header_aboutProduct' is clicked on

24-05-2025T10:37:30 - [TEST_STEP][PASSED] - takeScreenshot(reportLocation + "/TC12/Step 57-Click on header aboutProduct product - Navigate to page .png"): Taking screenshot successfully

24-05-2025T10:37:34 - [MESSAGE][PASSED] - Taking screenshot successfully
[[ATTACHMENT|TC12/Step 57-Click on header aboutProduct product - Navigate to page .png]]

24-05-2025T10:37:34 - [TEST_STEP][PASSED] - takeFullPageScreenshotAsCheckpoint("TC12-Explore Usage Guide and Verify Home Page Access_visual_checkpoint"): Taking screenshot successfully

24-05-2025T10:38:48 - [MESSAGE][INFO] - 0 hidden object(s)

24-05-2025T10:38:48 - [MESSAGE][PASSED] - Taking screenshot successfully
[[ATTACHMENT|keyes/keyes-TC12-Explore Usage Guide and Verify Home Page Access_visual_checkpoint.png]]

24-05-2025T10:38:48 - [TEST_STEP][PASSED] - Start tear down : teardown: Method 'teardown' complete successfully

24-05-2025T10:38:48 - [TEST_STEP][PASSED] - closeBrowser(): Browser is closed

24-05-2025T10:38:49 - [MESSAGE][PASSED] - Browser is closed

24-05-2025T10:38:49 - [MESSAGE][PASSED] - Method 'teardown' complete successfully]]></system-out>
         <system-err><![CDATA[]]></system-err>
      </testcase>
      <testcase name="Test Cases/AI-Generated/TC13-Create Public Profiles and Verify Home Page After Sign In" time="153.043" classname="Test Cases/AI-Generated/TC13-Create Public Profiles and Verify Home Page After Sign In" status="FAILED">
         <failure type="FAILED" message="Test Cases/AI-Generated/TC13-Create Public Profiles and Verify Home Page After Sign In FAILED.&#xa;Reason:&#xa;com.kms.katalon.core.exception.StepFailedException: Unable to click on object 'Object Repository/AI-Generated/Page_signup/button_signUpWithGoogle'&#xa;	at com.kms.katalon.core.webui.keyword.internal.WebUIKeywordMain.stepFailed(WebUIKeywordMain.groovy:117)&#xa;	at com.kms.katalon.core.webui.keyword.internal.WebUIKeywordMain.runKeyword(WebUIKeywordMain.groovy:43)&#xa;	at com.kms.katalon.core.webui.keyword.builtin.EnhancedClickKeyword.click(EnhancedClickKeyword.groovy:93)&#xa;	at com.kms.katalon.core.webui.keyword.builtin.EnhancedClickKeyword.execute(EnhancedClickKeyword.groovy:41)&#xa;	at com.kms.katalon.core.keyword.internal.KeywordExecutor.executeKeywordForPlatform(KeywordExecutor.groovy:74)&#xa;	at com.kms.katalon.core.webui.keyword.WebUiBuiltInKeywords.enhancedClick(WebUiBuiltInKeywords.groovy:722)&#xa;	at truetest.common.signUpWithGoogleMultipleTimes.execute_functional_method(signUpWithGoogleMultipleTimes.groovy:15)&#xa;	at truetest.common.signUpWithGoogleMultipleTimes.execute_without_data_source(signUpWithGoogleMultipleTimes.groovy:96)&#xa;	at truetest.common.signUpWithGoogleMultipleTimes.execute(signUpWithGoogleMultipleTimes.groovy:103)&#xa;	at truetest.common.signUpWithGoogleMultipleTimes.execute(signUpWithGoogleMultipleTimes.groovy)&#xa;	at TC13-Create Public Profiles and Verify Home Page After Sign In.run(TC13-Create Public Profiles and Verify Home Page After Sign In:60)&#xa;	at com.kms.katalon.core.main.ScriptEngine.run(ScriptEngine.java:194)&#xa;	at com.kms.katalon.core.main.ScriptEngine.runScriptAsRawText(ScriptEngine.java:119)&#xa;	at com.kms.katalon.core.main.TestCaseExecutor.runScript(TestCaseExecutor.java:486)&#xa;	at com.kms.katalon.core.main.TestCaseExecutor.doExecute(TestCaseExecutor.java:477)&#xa;	at com.kms.katalon.core.main.TestCaseExecutor.processExecutionPhase(TestCaseExecutor.java:456)&#xa;	at com.kms.katalon.core.main.TestCaseExecutor.accessMainPhase(TestCaseExecutor.java:448)&#xa;	at com.kms.katalon.core.main.TestCaseExecutor.execute(TestCaseExecutor.java:322)&#xa;	at com.kms.katalon.core.main.TestCaseExecutor.execute(TestCaseExecutor.java:406)&#xa;	at com.kms.katalon.core.main.TestCaseExecutor.execute(TestCaseExecutor.java:406)&#xa;	at com.kms.katalon.core.main.TestCaseExecutor.execute(TestCaseExecutor.java:406)&#xa;	at com.kms.katalon.core.common.CommonExecutor.accessTestCaseMainPhase(CommonExecutor.java:71)&#xa;	at com.kms.katalon.core.main.TestSuiteExecutor.accessTestSuiteMainPhase(TestSuiteExecutor.java:160)&#xa;	at com.kms.katalon.core.main.TestSuiteExecutor.execute(TestSuiteExecutor.java:107)&#xa;	at com.kms.katalon.core.main.TestCaseMain.startTestSuite(TestCaseMain.java:186)&#xa;	at TempTestSuite1748056818440.run(TempTestSuite1748056818440.groovy:35)&#xa;	at java.base/jdk.internal.reflect.NativeMethodAccessorImpl.invoke0(Native Method)&#xa;	at java.base/jdk.internal.reflect.NativeMethodAccessorImpl.invoke(NativeMethodAccessorImpl.java:77)&#xa;	at java.base/jdk.internal.reflect.DelegatingMethodAccessorImpl.invoke(DelegatingMethodAccessorImpl.java:43)&#xa;Caused by: com.kms.katalon.core.webui.exception.WebElementNotFoundException: Web element with id: 'Object Repository/AI-Generated/Page_signup/button_signUpWithGoogle' located by 'button >> internal:text=\&quot;\u0110\u0103ng k\u00fd v\u1edbi Google\&quot;s' not found&#xa;	at com.kms.katalon.core.webui.common.WebUiCommonHelper.findWebElement(WebUiCommonHelper.java:1457)&#xa;	at com.kms.katalon.core.webui.keyword.internal.WebUIAbstractKeyword.findWebElement(WebUIAbstractKeyword.groovy:27)&#xa;	at com.kms.katalon.core.webui.keyword.internal.WebUIAbstractKeyword.findWebElement(WebUIAbstractKeyword.groovy:26)&#xa;	at com.kms.katalon.core.webui.keyword.builtin.EnhancedClickKeyword$_click_closure1.doCall(EnhancedClickKeyword.groovy:65)&#xa;	at com.kms.katalon.core.webui.keyword.builtin.EnhancedClickKeyword$_click_closure1.call(EnhancedClickKeyword.groovy)&#xa;	at com.kms.katalon.core.webui.keyword.internal.WebUIKeywordMain.runKeyword(WebUIKeywordMain.groovy:35)&#xa;	... 27 more&#xa;"/>
         <system-out><![CDATA[24-05-2025T10:45:22 - [TEST_CASE][FAILED] - Test Cases/AI-Generated/TC13-Create Public Profiles and Verify Home Page After Sign In: Test Cases/AI-Generated/TC13-Create Public Profiles and Verify Home Page After Sign In FAILED.
Reason:
com.kms.katalon.core.exception.StepFailedException: Unable to click on object 'Object Repository/AI-Generated/Page_signup/button_signUpWithGoogle'
	at com.kms.katalon.core.webui.keyword.internal.WebUIKeywordMain.stepFailed(WebUIKeywordMain.groovy:117)
	at com.kms.katalon.core.webui.keyword.internal.WebUIKeywordMain.runKeyword(WebUIKeywordMain.groovy:43)
	at com.kms.katalon.core.webui.keyword.builtin.EnhancedClickKeyword.click(EnhancedClickKeyword.groovy:93)
	at com.kms.katalon.core.webui.keyword.builtin.EnhancedClickKeyword.execute(EnhancedClickKeyword.groovy:41)
	at com.kms.katalon.core.keyword.internal.KeywordExecutor.executeKeywordForPlatform(KeywordExecutor.groovy:74)
	at com.kms.katalon.core.webui.keyword.WebUiBuiltInKeywords.enhancedClick(WebUiBuiltInKeywords.groovy:722)
	at truetest.common.signUpWithGoogleMultipleTimes.execute_functional_method(signUpWithGoogleMultipleTimes.groovy:15)
	at truetest.common.signUpWithGoogleMultipleTimes.execute_without_data_source(signUpWithGoogleMultipleTimes.groovy:96)
	at truetest.common.signUpWithGoogleMultipleTimes.execute(signUpWithGoogleMultipleTimes.groovy:103)
	at truetest.common.signUpWithGoogleMultipleTimes.execute(signUpWithGoogleMultipleTimes.groovy)
	at TC13-Create Public Profiles and Verify Home Page After Sign In.run(TC13-Create Public Profiles and Verify Home Page After Sign In:60)
	at com.kms.katalon.core.main.ScriptEngine.run(ScriptEngine.java:194)
	at com.kms.katalon.core.main.ScriptEngine.runScriptAsRawText(ScriptEngine.java:119)
	at com.kms.katalon.core.main.TestCaseExecutor.runScript(TestCaseExecutor.java:486)
	at com.kms.katalon.core.main.TestCaseExecutor.doExecute(TestCaseExecutor.java:477)
	at com.kms.katalon.core.main.TestCaseExecutor.processExecutionPhase(TestCaseExecutor.java:456)
	at com.kms.katalon.core.main.TestCaseExecutor.accessMainPhase(TestCaseExecutor.java:448)
	at com.kms.katalon.core.main.TestCaseExecutor.execute(TestCaseExecutor.java:322)
	at com.kms.katalon.core.main.TestCaseExecutor.execute(TestCaseExecutor.java:406)
	at com.kms.katalon.core.main.TestCaseExecutor.execute(TestCaseExecutor.java:406)
	at com.kms.katalon.core.main.TestCaseExecutor.execute(TestCaseExecutor.java:406)
	at com.kms.katalon.core.common.CommonExecutor.accessTestCaseMainPhase(CommonExecutor.java:71)
	at com.kms.katalon.core.main.TestSuiteExecutor.accessTestSuiteMainPhase(TestSuiteExecutor.java:160)
	at com.kms.katalon.core.main.TestSuiteExecutor.execute(TestSuiteExecutor.java:107)
	at com.kms.katalon.core.main.TestCaseMain.startTestSuite(TestCaseMain.java:186)
	at TempTestSuite1748056818440.run(TempTestSuite1748056818440.groovy:35)
	at java.base/jdk.internal.reflect.NativeMethodAccessorImpl.invoke0(Native Method)
	at java.base/jdk.internal.reflect.NativeMethodAccessorImpl.invoke(NativeMethodAccessorImpl.java:77)
	at java.base/jdk.internal.reflect.DelegatingMethodAccessorImpl.invoke(DelegatingMethodAccessorImpl.java:43)
Caused by: com.kms.katalon.core.webui.exception.WebElementNotFoundException: Web element with id: 'Object Repository/AI-Generated/Page_signup/button_signUpWithGoogle' located by 'button >> internal:text=\"\u0110\u0103ng k\u00fd v\u1edbi Google\"s' not found
	at com.kms.katalon.core.webui.common.WebUiCommonHelper.findWebElement(WebUiCommonHelper.java:1457)
	at com.kms.katalon.core.webui.keyword.internal.WebUIAbstractKeyword.findWebElement(WebUIAbstractKeyword.groovy:27)
	at com.kms.katalon.core.webui.keyword.internal.WebUIAbstractKeyword.findWebElement(WebUIAbstractKeyword.groovy:26)
	at com.kms.katalon.core.webui.keyword.builtin.EnhancedClickKeyword$_click_closure1.doCall(EnhancedClickKeyword.groovy:65)
	at com.kms.katalon.core.webui.keyword.builtin.EnhancedClickKeyword$_click_closure1.call(EnhancedClickKeyword.groovy)
	at com.kms.katalon.core.webui.keyword.internal.WebUIKeywordMain.runKeyword(WebUIKeywordMain.groovy:35)
	... 27 more


24-05-2025T10:45:22 - [TEST_STEP][PASSED] - Start setup action : setup: Method 'setup' complete successfully

24-05-2025T10:45:22 - [TEST_STEP][PASSED] - openBrowser(""): Browser is opened with url: ''

24-05-2025T10:45:22 - [MESSAGE][INFO] - User set preference: ['browserVersion', '136']

24-05-2025T10:45:22 - [MESSAGE][INFO] - User set preference: ['browserName', 'chrome']

24-05-2025T10:45:22 - [MESSAGE][INFO] - User set preference: ['platformName', 'windows']

24-05-2025T10:45:22 - [MESSAGE][INFO] - User set preference: ['katalon:options', '{metadata={organizationId=1959366, accountId=1470828, channel=kse;v=10.2.0, projectId=2117515}, executionMode=queue, usingTunnel=false}']

24-05-2025T10:45:22 - [MESSAGE][INFO] - Connecting to remote web server 'testcloud.katalon.com/hub' with type 'Selenium'

24-05-2025T10:45:22 - [MESSAGE][INFO] - Action delay is set to 0 milliseconds

24-05-2025T10:45:39 - [MESSAGE][WARNING] - Your browser version or type does not support the BiDirectional WebDriver Protocol which is required for Smart Locator functionality. Please update your browser or switch to a compatible one.

24-05-2025T10:45:39 - [MESSAGE][WARNING] - Your browser version or type does not support the BiDirectional WebDriver Protocol which is required for Smart Locator functionality. Please update your browser or switch to a compatible one.

24-05-2025T10:45:39 - [MESSAGE][WARNING] - Your browser version or type does not support the BiDirectional WebDriver Protocol which is required for Smart Locator functionality. Please update your browser or switch to a compatible one.

24-05-2025T10:45:40 - [MESSAGE][PASSED] - Browser is opened with url: ''

24-05-2025T10:45:40 - [TEST_STEP][WARNING] - setViewPortSize(1920, 1080): Viewport size mismatch (1916x1916).

24-05-2025T10:45:44 - [MESSAGE][INFO] - Viewport size mismatch (1,916x945). Trying to set it again.

24-05-2025T10:45:52 - [MESSAGE][WARNING] - Viewport size mismatch (1916x1916).

24-05-2025T10:45:52 - [MESSAGE][PASSED] - Method 'setup' complete successfully

24-05-2025T10:45:52 - [TEST_STEP][PASSED] - reportLocation = getReportFolder(): null

24-05-2025T10:45:52 - [TEST_STEP][PASSED] - "Initialize test session: Open browser and set view port": null

24-05-2025T10:45:52 - [TEST_STEP][PASSED] - TrueTestScripts.navigate("/"): Delayed 3 second(s)

24-05-2025T10:45:53 - [MESSAGE][PASSED] - Navigate to 'https://trustify.works/' successfully

24-05-2025T10:45:56 - [MESSAGE][PASSED] - Delayed 3 second(s)

[...]
	... 25 more
)

24-05-2025T10:52:14 - [MESSAGE][ERROR] - Error occurred when try to run method 'setup' (Root cause: com.kms.katalon.core.exception.StepFailedException - com.kms.katalon.core.exception.StepFailedException: Unable to open browser with url: '')

24-05-2025T10:52:14 - [TEST_STEP][PASSED] - Start tear down : teardown: Method 'teardown' complete successfully

24-05-2025T10:52:14 - [TEST_STEP][PASSED] - closeBrowser(): Browser is closed

24-05-2025T10:52:14 - [MESSAGE][PASSED] - Browser is closed

24-05-2025T10:52:14 - [MESSAGE][PASSED] - Method 'teardown' complete successfully]]></system-out>
         <system-err><![CDATA[24-05-2025T10:52:12 - [TEST_CASE][ERROR] - Test Cases/AI-Generated/TC9-Create Public Profiles and Verify Sign In Access: Test Cases/AI-Generated/TC9-Create Public Profiles and Verify Sign In Access has ERROR(s).
Reason:
com.kms.katalon.core.exception.StepFailedException: Unable to open browser with url: '']]></system-err>
      </testcase>
      <system-out><![CDATA[24-05-2025T10:20:22 - [TEST_SUITE][FAILED] - Regression Test: Test Cases/AI-Generated/TC10-Create Public Profiles and Verify Sign In for Service Access FAILED.
Reason:
com.kms.katalon.core.exception.StepFailedException: Cannot take screenshot
	at com.kms.katalon.core.webui.keyword.internal.WebUIKeywordMain.stepFailed(WebUIKeywordMain.groovy:117)
	at com.kms.katalon.core.webui.keyword.internal.WebUIKeywordMain.runKeyword(WebUIKeywordMain.groovy:43)
	at com.kms.katalon.core.webui.keyword.builtin.TakeFullPageScreenshotKeyword.takeScreenshot(TakeFullPageScreenshotKeyword.groovy:126)
	at com.kms.katalon.core.webui.keyword.builtin.TakeFullPageScreenshotKeyword.execute(TakeFullPageScreenshotKeyword.groovy:83)
	at com.kms.katalon.core.keyword.internal.KeywordExecutor.executeKeywordForPlatform(KeywordExecutor.groovy:74)
	at com.kms.katalon.core.webui.keyword.WebUiBuiltInKeywords.takeFullPageScreenshotAsCheckpoint(WebUiBuiltInKeywords.groovy:3554)
	at TC10-Create Public Profiles and Verify Sign In for Service Access.run(TC10-Create Public Profiles and Verify Sign In for Service Access:51)
	at com.kms.katalon.core.main.ScriptEngine.run(ScriptEngine.java:194)
	at com.kms.katalon.core.main.ScriptEngine.runScriptAsRawText(ScriptEngine.java:119)
	at com.kms.katalon.core.main.TestCaseExecutor.runScript(TestCaseExecutor.java:486)
	at com.kms.katalon.core.main.TestCaseExecutor.doExecute(TestCaseExecutor.java:477)
	at com.kms.katalon.core.main.TestCaseExecutor.processExecutionPhase(TestCaseExecutor.java:456)
	at com.kms.katalon.core.main.TestCaseExecutor.accessMainPhase(TestCaseExecutor.java:448)
	at com.kms.katalon.core.main.TestCaseExecutor.execute(TestCaseExecutor.java:322)
	at com.kms.katalon.core.common.CommonExecutor.accessTestCaseMainPhase(CommonExecutor.java:71)
	at com.kms.katalon.core.main.TestSuiteExecutor.accessTestSuiteMainPhase(TestSuiteExecutor.java:160)
	at com.kms.katalon.core.main.TestSuiteExecutor.execute(TestSuiteExecutor.java:107)
	at com.kms.katalon.core.main.TestCaseMain.startTestSuite(TestCaseMain.java:186)
	at TempTestSuite1748056818440.run(TempTestSuite1748056818440.groovy:35)
	at java.base/jdk.internal.reflect.NativeMethodAccessorImpl.invoke0(Native Method)
	at java.base/jdk.internal.reflect.NativeMethodAccessorImpl.invoke(NativeMethodAccessorImpl.java:77)
	at java.base/jdk.internal.reflect.DelegatingMethodAccessorImpl.invoke(DelegatingMethodAccessorImpl.java:43)
Caused by: org.openqa.selenium.remote.UnreachableBrowserException: Error communicating with the remote browser. It may have died.
Build info: version: '4.28.1', revision: '73f5ad48a2'
System info: os.name: 'Mac OS X', os.arch: 'aarch64', os.version: '15.4.1', java.version: '17.0.14'
Driver info: com.kms.katalon.selenium.driver.CRemoteWebDriver
Command: [daf326be6379a72c60c6ef536c22abff, screenshot []]
Capabilities {acceptInsecureCerts: false, browserName: chrome, browserVersion: 136.0.7103.114, chrome: {chromedriverVersion: 136.0.7103.114 (cedfcc36d43..., userDataDir: C:\Program Files (x86)\scop...}, fedcm:accounts: true, goog:chromeOptions: {debuggerAddress: localhost:9225}, katalon:caps: {executionId: 3ce81d63-1374-4aa9-9679-2b8..., executionSessionId: 83dfbd09-4415-4593-92b8-555...}, katalon:options: {executionId: 3ce81d63-1374-4aa9-9679-2b8..., executionMode: queue, executionSessionId: 83dfbd09-4415-4593-92b8-555..., metadata: {accountUuid: e56e4e51-e851-4723-abcb-c61..., channel: kse;v=10.2.0, organizationId: 1959366, projectId: 2117515, usingTunnel: false}, runFromTestCloud: true, userId: 1656980, usingTunnel: false}, kt:requestId: 83dfbd09-4415-4593-92b8-555..., kt:rid: 83dfbd09-4415-4593-92b8-555..., networkConnectionEnabled: false, pageLoadStrategy: normal, platformName: windows, proxy: Proxy(), se:bidiEnabled: false, se:cdpEnabled: false, setWindowRect: true, strictFileInteractability: false, timeouts: {implicit: 0, pageLoad: 300000, script: 30000}, unhandledPromptBehavior: dismiss and notify, webauthn:extension:credBlob: true, webauthn:extension:largeBlob: true, webauthn:extension:minPinLength: true, webauthn:extension:prf: true, webauthn:virtualAuthenticators: true}
Session ID: daf326be6379a72c60c6ef536c22abff
	at org.openqa.selenium.remote.RemoteWebDriver.execute(RemoteWebDriver.java:572)
	at org.openqa.selenium.remote.RemoteWebDriver.execute(RemoteWebDriver.java:618)
	at com.kms.katalon.selenium.driver.CRemoteWebDriver.execute(CRemoteWebDriver.java:96)
	at org.openqa.selenium.remote.RemoteWebDriver.execute(RemoteWebDriver.java:622)
	at org.openqa.selenium.remote.RemoteWebDriver.getScreenshotAs(RemoteWebDriver.java:334)
	at java.base/jdk.internal.reflect.NativeMethodAccessorImpl.invoke0(Native Method)
	at java.base/jdk.internal.reflect.NativeMethodAccessorImpl.invoke(NativeMethodAccessorImpl.java:77)
	at java.base/jdk.internal.reflect.DelegatingMethodAccessorImpl.invoke(DelegatingMethodAccessorImpl.java:43)
	at org.openqa.selenium.support.decorators.WebDriverDecorator.call(WebDriverDecorator.java:315)
	at org.openqa.selenium.support.decorators.DefaultDecorated.call(DefaultDecorated.java:48)
	at org.openqa.selenium.support.decorators.WebDriverDecorator.lambda$createProxyFactory$3(WebDriverDecorator.java:405)
	at org.openqa.selenium.remote.RemoteWebDriver$ByteBuddy$2lDRRRIP.getScreenshotAs(Unknown Source)
	at com.assertthat.selenium_shutterbug.utils.web.Browser.takeScreenshot(Browser.java:125)
	at com.assertthat.selenium_shutterbug.utils.web.Browser.takeFullPageScreenshotScroll(Browser.java:229)
	at com.assertthat.selenium_shutterbug.core.Shutterbug.shootPage(Shutterbug.java:163)
	at com.assertthat.selenium_shutterbug.core.Shutterbug.shootPage(Shutterbug.java:83)
	at com.assertthat.selenium_shutterbug.core.Shutterbug.shootPage(Shutterbug.java:69)
	at com.kms.katalon.core.webui.util.FileUtil.takeFullPageScreenshot(FileUtil.java:93)
	at com.kms.katalon.core.webui.keyword.builtin.TakeFullPageScreenshotKeyword$_takeScreenshot_closure1.doCall(TakeFullPageScreenshotKeyword.groovy:127)
	at com.kms.katalon.core.webui.keyword.builtin.TakeFullPageScreenshotKeyword$_takeScreenshot_closure1.call(TakeFullPageScreenshotKeyword.groovy)
	at com.kms.katalon.core.webui.keyword.internal.WebUIKeywordMain.runKeyword(WebUIKeywordMain.groovy:35)
	at com.kms.katalon.core.webui.keyword.builtin.TakeFullPageScreenshotKeyword.takeScreenshot(TakeFullPageScreenshotKeyword.groovy:126)
	at com.kms.katalon.core.webui.keyword.builtin.TakeFullPageScreenshotKeyword.execute(TakeFullPageScreenshotKeyword.groovy:83)
	at com.kms.katalon.core.keyword.internal.KeywordExecutor.executeKeywordForPlatform(KeywordExecutor.groovy:74)
	at com.kms.katalon.core.webui.keyword.WebUiBuiltInKeywords.takeFullPageScreenshotAsCheckpoint(WebUiBuiltInKeywords.groovy:3554)
	at Script1748055829614.run(Script1748055829614.groovy:51)
	... 15 more
Caused by: java.io.UncheckedIOException: java.io.IOException: Operation timed out
	at org.openqa.selenium.remote.http.jdk.JdkHttpClient.execute0(JdkHttpClient.java:497)
	at org.openqa.selenium.remote.http.AddSeleniumUserAgent.lambda$apply$0(AddSeleniumUserAgent.java:42)
	at com.kms.katalon.selenium.filter.SeleniumCreateSessionResponseFilter.lambda$0(SeleniumCreateSessionResponseFilter.java:31)
	at com.kms.katalon.selenium.filter.SeleniumCreateSessionPayloadFilter.lambda$0(SeleniumCreateSessionPayloadFilter.java:73)
	at com.kms.katalon.selenium.filter.SeleniumBasicAuthorizationFilter.lambda$0(SeleniumBasicAuthorizationFilter.java:58)
	at com.kms.katalon.selenium.filter.SeleniumProxyBasicAuthorizationFilter.lambda$0(SeleniumProxyBasicAuthorizationFilter.java:49)
	at org.openqa.selenium.remote.http.Filter.lambda$andFinally$1(Filter.java:55)
	at org.openqa.selenium.remote.http.jdk.JdkHttpClient.lambda$executeAsync$1(JdkHttpClient.java:384)
Caused by: java.io.IOException: Operation timed out
	at java.net.http/jdk.internal.net.http.HttpClientImpl.send(HttpClientImpl.java:591)
	at java.net.http/jdk.internal.net.http.HttpClientFacade.send(HttpClientFacade.java:123)
	at org.openqa.selenium.remote.http.jdk.JdkHttpClient.execute0(JdkHttpClient.java:456)
	... 7 more
Caused by: java.io.IOException: Operation timed out
	at java.net.http/jdk.internal.net.http.SocketTube.readAvailable(SocketTube.java:1170)
	at java.net.http/jdk.internal.net.http.SocketTube$InternalReadPublisher$InternalReadSubscription.read(SocketTube.java:833)
	at java.net.http/jdk.internal.net.http.SocketTube$SocketFlowTask.run(SocketTube.java:181)
	at java.net.http/jdk.internal.net.http.common.SequentialScheduler$SchedulableTask.run(SequentialScheduler.java:230)
	at java.net.http/jdk.internal.net.http.common.SequentialScheduler.runOrSchedule(SequentialScheduler.java:303)
	at java.net.http/jdk.internal.net.http.common.SequentialScheduler.runOrSchedule(SequentialScheduler.java:256)
	at java.net.http/jdk.internal.net.http.SocketTube$InternalReadPublisher$InternalReadSubscription.signalReadable(SocketTube.java:774)
	at java.net.http/jdk.internal.net.http.SocketTube$InternalReadPublisher$ReadEvent.signalEvent(SocketTube.java:957)
	at java.net.http/jdk.internal.net.http.SocketTube$SocketFlowEvent.handle(SocketTube.java:253)
	at java.net.http/jdk.internal.net.http.HttpClientImpl$SelectorManager.handleEvent(HttpClientImpl.java:984)
	at java.net.http/jdk.internal.net.http.HttpClientImpl$SelectorManager.lambda$run$3(HttpClientImpl.java:939)
	at java.net.http/jdk.internal.net.http.HttpClientImpl$SelectorManager.run(HttpClientImpl.java:939)]]></system-out>
      <system-err><![CDATA[24-05-2025T10:20:22 - [TEST_SUITE][FAILED] - Regression Test: Test Cases/AI-Generated/TC10-Create Public Profiles and Verify Sign In for Service Access FAILED.
Reason:
com.kms.katalon.core.exception.StepFailedException: Cannot take screenshot
	at com.kms.katalon.core.webui.keyword.internal.WebUIKeywordMain.stepFailed(WebUIKeywordMain.groovy:117)
	at com.kms.katalon.core.webui.keyword.internal.WebUIKeywordMain.runKeyword(WebUIKeywordMain.groovy:43)
	at com.kms.katalon.core.webui.keyword.builtin.TakeFullPageScreenshotKeyword.takeScreenshot(TakeFullPageScreenshotKeyword.groovy:126)
	at com.kms.katalon.core.webui.keyword.builtin.TakeFullPageScreenshotKeyword.execute(TakeFullPageScreenshotKeyword.groovy:83)
	at com.kms.katalon.core.keyword.internal.KeywordExecutor.executeKeywordForPlatform(KeywordExecutor.groovy:74)
	at com.kms.katalon.core.webui.keyword.WebUiBuiltInKeywords.takeFullPageScreenshotAsCheckpoint(WebUiBuiltInKeywords.groovy:3554)
	at TC10-Create Public Profiles and Verify Sign In for Service Access.run(TC10-Create Public Profiles and Verify Sign In for Service Access:51)
	at com.kms.katalon.core.main.ScriptEngine.run(ScriptEngine.java:194)
	at com.kms.katalon.core.main.ScriptEngine.runScriptAsRawText(ScriptEngine.java:119)
	at com.kms.katalon.core.main.TestCaseExecutor.runScript(TestCaseExecutor.java:486)
	at com.kms.katalon.core.main.TestCaseExecutor.doExecute(TestCaseExecutor.java:477)
	at com.kms.katalon.core.main.TestCaseExecutor.processExecutionPhase(TestCaseExecutor.java:456)
	at com.kms.katalon.core.main.TestCaseExecutor.accessMainPhase(TestCaseExecutor.java:448)
	at com.kms.katalon.core.main.TestCaseExecutor.execute(TestCaseExecutor.java:322)
	at com.kms.katalon.core.common.CommonExecutor.accessTestCaseMainPhase(CommonExecutor.java:71)
	at com.kms.katalon.core.main.TestSuiteExecutor.accessTestSuiteMainPhase(TestSuiteExecutor.java:160)
	at com.kms.katalon.core.main.TestSuiteExecutor.execute(TestSuiteExecutor.java:107)
	at com.kms.katalon.core.main.TestCaseMain.startTestSuite(TestCaseMain.java:186)
	at TempTestSuite1748056818440.run(TempTestSuite1748056818440.groovy:35)
	at java.base/jdk.internal.reflect.NativeMethodAccessorImpl.invoke0(Native Method)
	at java.base/jdk.internal.reflect.NativeMethodAccessorImpl.invoke(NativeMethodAccessorImpl.java:77)
	at java.base/jdk.internal.reflect.DelegatingMethodAccessorImpl.invoke(DelegatingMethodAccessorImpl.java:43)
Caused by: org.openqa.selenium.remote.UnreachableBrowserException: Error communicating with the remote browser. It may have died.
Build info: version: '4.28.1', revision: '73f5ad48a2'
System info: os.name: 'Mac OS X', os.arch: 'aarch64', os.version: '15.4.1', java.version: '17.0.14'
Driver info: com.kms.katalon.selenium.driver.CRemoteWebDriver
Command: [daf326be6379a72c60c6ef536c22abff, screenshot []]
Capabilities {acceptInsecureCerts: false, browserName: chrome, browserVersion: 136.0.7103.114, chrome: {chromedriverVersion: 136.0.7103.114 (cedfcc36d43..., userDataDir: C:\Program Files (x86)\scop...}, fedcm:accounts: true, goog:chromeOptions: {debuggerAddress: localhost:9225}, katalon:caps: {executionId: 3ce81d63-1374-4aa9-9679-2b8..., executionSessionId: 83dfbd09-4415-4593-92b8-555...}, katalon:options: {executionId: 3ce81d63-1374-4aa9-9679-2b8..., executionMode: queue, executionSessionId: 83dfbd09-4415-4593-92b8-555..., metadata: {accountUuid: e56e4e51-e851-4723-abcb-c61..., channel: kse;v=10.2.0, organizationId: 1959366, projectId: 2117515, usingTunnel: false}, runFromTestCloud: true, userId: 1656980, usingTunnel: false}, kt:requestId: 83dfbd09-4415-4593-92b8-555..., kt:rid: 83dfbd09-4415-4593-92b8-555..., networkConnectionEnabled: false, pageLoadStrategy: normal, platformName: windows, proxy: Proxy(), se:bidiEnabled: false, se:cdpEnabled: false, setWindowRect: true, strictFileInteractability: false, timeouts: {implicit: 0, pageLoad: 300000, script: 30000}, unhandledPromptBehavior: dismiss and notify, webauthn:extension:credBlob: true, webauthn:extension:largeBlob: true, webauthn:extension:minPinLength: true, webauthn:extension:prf: true, webauthn:virtualAuthenticators: true}
Session ID: daf326be6379a72c60c6ef536c22abff
	at org.openqa.selenium.remote.RemoteWebDriver.execute(RemoteWebDriver.java:572)
	at org.openqa.selenium.remote.RemoteWebDriver.execute(RemoteWebDriver.java:618)
	at com.kms.katalon.selenium.driver.CRemoteWebDriver.execute(CRemoteWebDriver.java:96)
	at org.openqa.selenium.remote.RemoteWebDriver.execute(RemoteWebDriver.java:622)
	at org.openqa.selenium.remote.RemoteWebDriver.getScreenshotAs(RemoteWebDriver.java:334)
	at java.base/jdk.internal.reflect.NativeMethodAccessorImpl.invoke0(Native Method)
	at java.base/jdk.internal.reflect.NativeMethodAccessorImpl.invoke(NativeMethodAccessorImpl.java:77)
	at java.base/jdk.internal.reflect.DelegatingMethodAccessorImpl.invoke(DelegatingMethodAccessorImpl.java:43)
	at org.openqa.selenium.support.decorators.WebDriverDecorator.call(WebDriverDecorator.java:315)
	at org.openqa.selenium.support.decorators.DefaultDecorated.call(DefaultDecorated.java:48)
	at org.openqa.selenium.support.decorators.WebDriverDecorator.lambda$createProxyFactory$3(WebDriverDecorator.java:405)
	at org.openqa.selenium.remote.RemoteWebDriver$ByteBuddy$2lDRRRIP.getScreenshotAs(Unknown Source)
	at com.assertthat.selenium_shutterbug.utils.web.Browser.takeScreenshot(Browser.java:125)
	at com.assertthat.selenium_shutterbug.utils.web.Browser.takeFullPageScreenshotScroll(Browser.java:229)
	at com.assertthat.selenium_shutterbug.core.Shutterbug.shootPage(Shutterbug.java:163)
	at com.assertthat.selenium_shutterbug.core.Shutterbug.shootPage(Shutterbug.java:83)
	at com.assertthat.selenium_shutterbug.core.Shutterbug.shootPage(Shutterbug.java:69)
	at com.kms.katalon.core.webui.util.FileUtil.takeFullPageScreenshot(FileUtil.java:93)
	at com.kms.katalon.core.webui.keyword.builtin.TakeFullPageScreenshotKeyword$_takeScreenshot_closure1.doCall(TakeFullPageScreenshotKeyword.groovy:127)
	at com.kms.katalon.core.webui.keyword.builtin.TakeFullPageScreenshotKeyword$_takeScreenshot_closure1.call(TakeFullPageScreenshotKeyword.groovy)
	at com.kms.katalon.core.webui.keyword.internal.WebUIKeywordMain.runKeyword(WebUIKeywordMain.groovy:35)
	at com.kms.katalon.core.webui.keyword.builtin.TakeFullPageScreenshotKeyword.takeScreenshot(TakeFullPageScreenshotKeyword.groovy:126)
	at com.kms.katalon.core.webui.keyword.builtin.TakeFullPageScreenshotKeyword.execute(TakeFullPageScreenshotKeyword.groovy:83)
	at com.kms.katalon.core.keyword.internal.KeywordExecutor.executeKeywordForPlatform(KeywordExecutor.groovy:74)
	at com.kms.katalon.core.webui.keyword.WebUiBuiltInKeywords.takeFullPageScreenshotAsCheckpoint(WebUiBuiltInKeywords.groovy:3554)
	at Script1748055829614.run(Script1748055829614.groovy:51)
	... 15 more
Caused by: java.io.UncheckedIOException: java.io.IOException: Operation timed out
	at org.openqa.selenium.remote.http.jdk.JdkHttpClient.execute0(JdkHttpClient.java:497)
	at org.openqa.selenium.remote.http.AddSeleniumUserAgent.lambda$apply$0(AddSeleniumUserAgent.java:42)
	at com.kms.katalon.selenium.filter.SeleniumCreateSessionResponseFilter.lambda$0(SeleniumCreateSessionResponseFilter.java:31)
	at com.kms.katalon.selenium.filter.SeleniumCreateSessionPayloadFilter.lambda$0(SeleniumCreateSessionPayloadFilter.java:73)
	at com.kms.katalon.selenium.filter.SeleniumBasicAuthorizationFilter.lambda$0(SeleniumBasicAuthorizationFilter.java:58)
	at com.kms.katalon.selenium.filter.SeleniumProxyBasicAuthorizationFilter.lambda$0(SeleniumProxyBasicAuthorizationFilter.java:49)
	at org.openqa.selenium.remote.http.Filter.lambda$andFinally$1(Filter.java:55)
	at org.openqa.selenium.remote.http.jdk.JdkHttpClient.lambda$executeAsync$1(JdkHttpClient.java:384)
Caused by: java.io.IOException: Operation timed out
	at java.net.http/jdk.internal.net.http.HttpClientImpl.send(HttpClientImpl.java:591)
	at java.net.http/jdk.internal.net.http.HttpClientFacade.send(HttpClientFacade.java:123)
	at org.openqa.selenium.remote.http.jdk.JdkHttpClient.execute0(JdkHttpClient.java:456)
	... 7 more
Caused by: java.io.IOException: Operation timed out
	at java.net.http/jdk.internal.net.http.SocketTube.readAvailable(SocketTube.java:1170)
	at java.net.http/jdk.internal.net.http.SocketTube$InternalReadPublisher$InternalReadSubscription.read(SocketTube.java:833)
	at java.net.http/jdk.internal.net.http.SocketTube$SocketFlowTask.run(SocketTube.java:181)
	at java.net.http/jdk.internal.net.http.common.SequentialScheduler$SchedulableTask.run(SequentialScheduler.java:230)
	at java.net.http/jdk.internal.net.http.common.SequentialScheduler.runOrSchedule(SequentialScheduler.java:303)
	at java.net.http/jdk.internal.net.http.common.SequentialScheduler.runOrSchedule(SequentialScheduler.java:256)
	at java.net.http/jdk.internal.net.http.SocketTube$InternalReadPublisher$InternalReadSubscription.signalReadable(SocketTube.java:774)
	at java.net.http/jdk.internal.net.http.SocketTube$InternalReadPublisher$ReadEvent.signalEvent(SocketTube.java:957)
	at java.net.http/jdk.internal.net.http.SocketTube$SocketFlowEvent.handle(SocketTube.java:253)
	at java.net.http/jdk.internal.net.http.HttpClientImpl$SelectorManager.handleEvent(HttpClientImpl.java:984)
	at java.net.http/jdk.internal.net.http.HttpClientImpl$SelectorManager.lambda$run$3(HttpClientImpl.java:939)
	at java.net.http/jdk.internal.net.http.HttpClientImpl$SelectorManager.run(HttpClientImpl.java:939)]]></system-err>
   </testsuite>
</testsuites>
